
****** Vivado(TM) HLS - High-Level Synthesis from C, C++ and SystemC v2018.3 (64-bit)
  **** SW Build 2405991 on Thu Dec  6 23:36:41 MST 2018
  **** IP Build 2404404 on Fri Dec  7 01:43:56 MST 2018
    ** Copyright 1986-2018 Xilinx, Inc. All Rights Reserved.

source /opt/Xilinx/Vivado/2018.3/scripts/vivado_hls/hls.tcl -notrace
INFO: [HLS 200-10] Running '/opt/Xilinx/Vivado/2018.3/bin/unwrapped/lnx64.o/vivado_hls'
INFO: [HLS 200-10] For user 'andreas' on host 'Vostro-5880' (Linux_x86_64 version 5.4.0-80-generic) on Wed Aug 04 14:09:18 CST 2021
INFO: [HLS 200-10] On os Ubuntu 18.04.4 LTS
INFO: [HLS 200-10] In directory '/home/andreas/workdir/figkey/HLS/repo/loop_repo/vivado/cfa/proj_1/proj_1.runs/video_crop_bd_v_demosaic_0_0_synth_1'
INFO: [HLS 200-10] Creating and opening project '/home/andreas/workdir/figkey/HLS/repo/loop_repo/vivado/cfa/proj_1/proj_1.runs/video_crop_bd_v_demosaic_0_0_synth_1/video_crop_bd_v_demosaic_0_0'.
INFO: [HLS 200-10] Adding design file '/home/andreas/workdir/figkey/HLS/repo/loop_repo/vivado/cfa/proj_1/proj_1.srcs/sources_1/bd/video_crop_bd/ip/video_crop_bd_v_demosaic_0_0/src/v_demosaic_config.h' to the project
INFO: [HLS 200-10] Adding design file '/home/andreas/workdir/figkey/HLS/repo/loop_repo/vivado/cfa/proj_1/proj_1.srcs/sources_1/bd/video_crop_bd/ip/video_crop_bd_v_demosaic_0_0/src/v_demosaic.cpp' to the project
INFO: [HLS 200-10] Adding design file '/home/andreas/workdir/figkey/HLS/repo/loop_repo/vivado/cfa/proj_1/proj_1.srcs/sources_1/bd/video_crop_bd/ip/video_crop_bd_v_demosaic_0_0/src/v_demosaic.h' to the project
INFO: [HLS 200-10] Creating and opening solution '/home/andreas/workdir/figkey/HLS/repo/loop_repo/vivado/cfa/proj_1/proj_1.runs/video_crop_bd_v_demosaic_0_0_synth_1/video_crop_bd_v_demosaic_0_0/prj'.
INFO: [HLS 200-10] Setting target device to 'xc7z020clg484-1'
INFO: [SYN 201-201] Setting up clock 'ap_clk' with a period of 20ns.
INFO: [SCHED 204-61] Option 'relax_ii_for_timing' is enabled, will increase II to preserve clock frequency constraints.
INFO: [HLS 200-10] Analyzing design file '/home/andreas/workdir/figkey/HLS/repo/loop_repo/vivado/cfa/proj_1/proj_1.srcs/sources_1/bd/video_crop_bd/ip/video_crop_bd_v_demosaic_0_0/src/v_demosaic.cpp' ... 
INFO: [HLS 200-111] Finished Linking Time (s): cpu = 00:00:11 ; elapsed = 00:00:11 . Memory (MB): peak = 441.891 ; gain = 0.277 ; free physical = 1358 ; free virtual = 18074
INFO: [HLS 200-111] Finished Checking Pragmas Time (s): cpu = 00:00:11 ; elapsed = 00:00:11 . Memory (MB): peak = 441.891 ; gain = 0.277 ; free physical = 1361 ; free virtual = 18077
INFO: [HLS 200-10] Starting code transformations ...
INFO: [XFORM 203-603] Inlining function 'hls::AXIGetBitFields<16, ap_uint<8> >.1' into 'hls::AXIGetBitFields<16, ap_uint<8> >' (/opt/Xilinx/Vivado/2018.3/common/technology/autopilot/hls/hls_axi_io.h:71).
INFO: [XFORM 203-603] Inlining function 'hls::AXIGetBitFields<16, ap_uint<8> >' into 'AXIvideo2MultiBayer' (/home/andreas/workdir/figkey/HLS/repo/loop_repo/vivado/cfa/proj_1/proj_1.srcs/sources_1/bd/video_crop_bd/ip/video_crop_bd_v_demosaic_0_0/src/v_demosaic.cpp:165).
INFO: [XFORM 203-603] Inlining function 'hls::LineBuffer<5, 1921, ap_uint<16>, 0>::getval' into 'DebayerG' (/home/andreas/workdir/figkey/HLS/repo/loop_repo/vivado/cfa/proj_1/proj_1.srcs/sources_1/bd/video_crop_bd/ip/video_crop_bd_v_demosaic_0_0/src/v_demosaic.cpp:332).
INFO: [XFORM 203-603] Inlining function 'hls::LineBuffer<5, 1921, ap_uint<16>, 0>::insert_top_row' into 'hls::LineBuffer<5, 1921, ap_uint<16>, 0>::insert_bottom' (/opt/Xilinx/Vivado/2018.3/common/technology/autopilot/hls/hls_video_mem.h:873).
INFO: [XFORM 203-603] Inlining function 'hls::LineBuffer<5, 1921, ap_uint<16>, 0>::insert_bottom' into 'DebayerG' (/home/andreas/workdir/figkey/HLS/repo/loop_repo/vivado/cfa/proj_1/proj_1.srcs/sources_1/bd/video_crop_bd/ip/video_crop_bd_v_demosaic_0_0/src/v_demosaic.cpp:353).
INFO: [XFORM 203-603] Inlining function 'hls::Window<5, 6, ap_uint<8> >::insert_pixel' into 'hls::Window<5, 6, ap_uint<8> >::insert' (/opt/Xilinx/Vivado/2018.3/common/technology/autopilot/hls/hls_video_mem.h:573).
INFO: [XFORM 203-603] Inlining function 'hls::Window<5, 6, ap_uint<8> >::insert' into 'DebayerG' (/home/andreas/workdir/figkey/HLS/repo/loop_repo/vivado/cfa/proj_1/proj_1.srcs/sources_1/bd/video_crop_bd/ip/video_crop_bd_v_demosaic_0_0/src/v_demosaic.cpp:419).
INFO: [XFORM 203-603] Inlining function 'hls::Window<5, 6, ap_uint<8> >::insert' into 'DebayerG' (/home/andreas/workdir/figkey/HLS/repo/loop_repo/vivado/cfa/proj_1/proj_1.srcs/sources_1/bd/video_crop_bd/ip/video_crop_bd_v_demosaic_0_0/src/v_demosaic.cpp:392).
INFO: [XFORM 203-603] Inlining function 'hls::Window<5, 6, ap_uint<8> >::insert' into 'DebayerG' (/home/andreas/workdir/figkey/HLS/repo/loop_repo/vivado/cfa/proj_1/proj_1.srcs/sources_1/bd/video_crop_bd/ip/video_crop_bd_v_demosaic_0_0/src/v_demosaic.cpp:382).
INFO: [XFORM 203-603] Inlining function 'hls::Window<5, 6, ap_uint<8> >::getval' into 'hls::Window<5, 6, ap_uint<8> >::operator()' (/opt/Xilinx/Vivado/2018.3/common/technology/autopilot/hls/hls_video_mem.h:501).
INFO: [XFORM 203-603] Inlining function 'hls::Window<5, 6, ap_uint<8> >::getval' into 'DebayerG' (/home/andreas/workdir/figkey/HLS/repo/loop_repo/vivado/cfa/proj_1/proj_1.srcs/sources_1/bd/video_crop_bd/ip/video_crop_bd_v_demosaic_0_0/src/v_demosaic.cpp:438).
INFO: [XFORM 203-603] Inlining function 'hls::Window<5, 6, ap_uint<8> >::operator()' into 'DebayerG' (/home/andreas/workdir/figkey/HLS/repo/loop_repo/vivado/cfa/proj_1/proj_1.srcs/sources_1/bd/video_crop_bd/ip/video_crop_bd_v_demosaic_0_0/src/v_demosaic.cpp:502).
INFO: [XFORM 203-603] Inlining function 'hls::Window<5, 6, ap_uint<8> >::operator()' into 'DebayerG' (/home/andreas/workdir/figkey/HLS/repo/loop_repo/vivado/cfa/proj_1/proj_1.srcs/sources_1/bd/video_crop_bd/ip/video_crop_bd_v_demosaic_0_0/src/v_demosaic.cpp:501).
INFO: [XFORM 203-603] Inlining function 'hls::Window<5, 6, ap_uint<8> >::operator()' into 'DebayerG' (/home/andreas/workdir/figkey/HLS/repo/loop_repo/vivado/cfa/proj_1/proj_1.srcs/sources_1/bd/video_crop_bd/ip/video_crop_bd_v_demosaic_0_0/src/v_demosaic.cpp:499).
INFO: [XFORM 203-603] Inlining function 'hls::Window<5, 6, ap_uint<8> >::operator()' into 'DebayerG' (/home/andreas/workdir/figkey/HLS/repo/loop_repo/vivado/cfa/proj_1/proj_1.srcs/sources_1/bd/video_crop_bd/ip/video_crop_bd_v_demosaic_0_0/src/v_demosaic.cpp:479).
INFO: [XFORM 203-603] Inlining function 'hls::Window<5, 6, ap_uint<8> >::operator()' into 'DebayerG' (/home/andreas/workdir/figkey/HLS/repo/loop_repo/vivado/cfa/proj_1/proj_1.srcs/sources_1/bd/video_crop_bd/ip/video_crop_bd_v_demosaic_0_0/src/v_demosaic.cpp:479).
INFO: [XFORM 203-603] Inlining function 'hls::Window<5, 6, ap_uint<8> >::operator()' into 'DebayerG' (/home/andreas/workdir/figkey/HLS/repo/loop_repo/vivado/cfa/proj_1/proj_1.srcs/sources_1/bd/video_crop_bd/ip/video_crop_bd_v_demosaic_0_0/src/v_demosaic.cpp:479).
INFO: [XFORM 203-603] Inlining function 'hls::Window<5, 6, ap_uint<8> >::operator()' into 'DebayerG' (/home/andreas/workdir/figkey/HLS/repo/loop_repo/vivado/cfa/proj_1/proj_1.srcs/sources_1/bd/video_crop_bd/ip/video_crop_bd_v_demosaic_0_0/src/v_demosaic.cpp:479).
INFO: [XFORM 203-603] Inlining function 'hls::Window<5, 6, ap_uint<8> >::operator()' into 'DebayerG' (/home/andreas/workdir/figkey/HLS/repo/loop_repo/vivado/cfa/proj_1/proj_1.srcs/sources_1/bd/video_crop_bd/ip/video_crop_bd_v_demosaic_0_0/src/v_demosaic.cpp:478).
INFO: [XFORM 203-603] Inlining function 'hls::Window<5, 6, ap_uint<8> >::operator()' into 'DebayerG' (/home/andreas/workdir/figkey/HLS/repo/loop_repo/vivado/cfa/proj_1/proj_1.srcs/sources_1/bd/video_crop_bd/ip/video_crop_bd_v_demosaic_0_0/src/v_demosaic.cpp:478).
INFO: [XFORM 203-603] Inlining function 'hls::Window<5, 6, ap_uint<8> >::operator()' into 'DebayerG' (/home/andreas/workdir/figkey/HLS/repo/loop_repo/vivado/cfa/proj_1/proj_1.srcs/sources_1/bd/video_crop_bd/ip/video_crop_bd_v_demosaic_0_0/src/v_demosaic.cpp:478).
INFO: [XFORM 203-603] Inlining function 'hls::Window<5, 6, ap_uint<8> >::operator()' into 'DebayerG' (/home/andreas/workdir/figkey/HLS/repo/loop_repo/vivado/cfa/proj_1/proj_1.srcs/sources_1/bd/video_crop_bd/ip/video_crop_bd_v_demosaic_0_0/src/v_demosaic.cpp:478).
INFO: [XFORM 203-603] Inlining function 'hls::Window<5, 6, ap_uint<8> >::operator()' into 'DebayerG' (/home/andreas/workdir/figkey/HLS/repo/loop_repo/vivado/cfa/proj_1/proj_1.srcs/sources_1/bd/video_crop_bd/ip/video_crop_bd_v_demosaic_0_0/src/v_demosaic.cpp:456).
INFO: [XFORM 203-603] Inlining function 'hls::Window<5, 6, ap_uint<8> >::operator()' into 'DebayerG' (/home/andreas/workdir/figkey/HLS/repo/loop_repo/vivado/cfa/proj_1/proj_1.srcs/sources_1/bd/video_crop_bd/ip/video_crop_bd_v_demosaic_0_0/src/v_demosaic.cpp:456).
INFO: [XFORM 203-603] Inlining function 'hls::Window<5, 6, ap_uint<8> >::operator()' into 'DebayerG' (/home/andreas/workdir/figkey/HLS/repo/loop_repo/vivado/cfa/proj_1/proj_1.srcs/sources_1/bd/video_crop_bd/ip/video_crop_bd_v_demosaic_0_0/src/v_demosaic.cpp:456).
INFO: [XFORM 203-603] Inlining function 'hls::Window<5, 6, ap_uint<8> >::operator()' into 'DebayerG' (/home/andreas/workdir/figkey/HLS/repo/loop_repo/vivado/cfa/proj_1/proj_1.srcs/sources_1/bd/video_crop_bd/ip/video_crop_bd_v_demosaic_0_0/src/v_demosaic.cpp:455).
INFO: [XFORM 203-603] Inlining function 'hls::Window<5, 6, ap_uint<8> >::operator()' into 'DebayerG' (/home/andreas/workdir/figkey/HLS/repo/loop_repo/vivado/cfa/proj_1/proj_1.srcs/sources_1/bd/video_crop_bd/ip/video_crop_bd_v_demosaic_0_0/src/v_demosaic.cpp:455).
INFO: [XFORM 203-603] Inlining function 'hls::Window<5, 6, ap_uint<8> >::operator()' into 'DebayerG' (/home/andreas/workdir/figkey/HLS/repo/loop_repo/vivado/cfa/proj_1/proj_1.srcs/sources_1/bd/video_crop_bd/ip/video_crop_bd_v_demosaic_0_0/src/v_demosaic.cpp:455).
INFO: [XFORM 203-603] Inlining function 'hls::Window<5, 6, ap_uint<8> >::operator()' into 'DebayerG' (/home/andreas/workdir/figkey/HLS/repo/loop_repo/vivado/cfa/proj_1/proj_1.srcs/sources_1/bd/video_crop_bd/ip/video_crop_bd_v_demosaic_0_0/src/v_demosaic.cpp:454).
INFO: [XFORM 203-603] Inlining function 'hls::Window<5, 6, ap_uint<8> >::operator()' into 'DebayerG' (/home/andreas/workdir/figkey/HLS/repo/loop_repo/vivado/cfa/proj_1/proj_1.srcs/sources_1/bd/video_crop_bd/ip/video_crop_bd_v_demosaic_0_0/src/v_demosaic.cpp:454).
INFO: [XFORM 203-603] Inlining function 'hls::Window<5, 6, ap_uint<8> >::operator()' into 'DebayerG' (/home/andreas/workdir/figkey/HLS/repo/loop_repo/vivado/cfa/proj_1/proj_1.srcs/sources_1/bd/video_crop_bd/ip/video_crop_bd_v_demosaic_0_0/src/v_demosaic.cpp:454).
INFO: [XFORM 203-603] Inlining function 'hls::Window<5, 6, ap_uint<8> >::operator()' into 'DebayerG' (/home/andreas/workdir/figkey/HLS/repo/loop_repo/vivado/cfa/proj_1/proj_1.srcs/sources_1/bd/video_crop_bd/ip/video_crop_bd_v_demosaic_0_0/src/v_demosaic.cpp:453).
INFO: [XFORM 203-603] Inlining function 'hls::Window<5, 6, ap_uint<8> >::operator()' into 'DebayerG' (/home/andreas/workdir/figkey/HLS/repo/loop_repo/vivado/cfa/proj_1/proj_1.srcs/sources_1/bd/video_crop_bd/ip/video_crop_bd_v_demosaic_0_0/src/v_demosaic.cpp:453).
INFO: [XFORM 203-603] Inlining function 'hls::Window<5, 6, ap_uint<8> >::operator()' into 'DebayerG' (/home/andreas/workdir/figkey/HLS/repo/loop_repo/vivado/cfa/proj_1/proj_1.srcs/sources_1/bd/video_crop_bd/ip/video_crop_bd_v_demosaic_0_0/src/v_demosaic.cpp:453).
INFO: [XFORM 203-603] Inlining function 'hls::Window<5, 6, ap_uint<8> >::operator()' into 'DebayerG' (/home/andreas/workdir/figkey/HLS/repo/loop_repo/vivado/cfa/proj_1/proj_1.srcs/sources_1/bd/video_crop_bd/ip/video_crop_bd_v_demosaic_0_0/src/v_demosaic.cpp:452).
INFO: [XFORM 203-603] Inlining function 'hls::Window<5, 6, ap_uint<8> >::operator()' into 'DebayerG' (/home/andreas/workdir/figkey/HLS/repo/loop_repo/vivado/cfa/proj_1/proj_1.srcs/sources_1/bd/video_crop_bd/ip/video_crop_bd_v_demosaic_0_0/src/v_demosaic.cpp:452).
INFO: [XFORM 203-603] Inlining function 'hls::Window<5, 6, ap_uint<8> >::operator()' into 'DebayerG' (/home/andreas/workdir/figkey/HLS/repo/loop_repo/vivado/cfa/proj_1/proj_1.srcs/sources_1/bd/video_crop_bd/ip/video_crop_bd_v_demosaic_0_0/src/v_demosaic.cpp:452).
INFO: [XFORM 203-603] Inlining function 'hls::Window<5, 6, ap_uint<8> >::operator()' into 'DebayerG' (/home/andreas/workdir/figkey/HLS/repo/loop_repo/vivado/cfa/proj_1/proj_1.srcs/sources_1/bd/video_crop_bd/ip/video_crop_bd_v_demosaic_0_0/src/v_demosaic.cpp:451).
INFO: [XFORM 203-603] Inlining function 'hls::Window<5, 6, ap_uint<8> >::operator()' into 'DebayerG' (/home/andreas/workdir/figkey/HLS/repo/loop_repo/vivado/cfa/proj_1/proj_1.srcs/sources_1/bd/video_crop_bd/ip/video_crop_bd_v_demosaic_0_0/src/v_demosaic.cpp:451).
INFO: [XFORM 203-603] Inlining function 'hls::Window<5, 6, ap_uint<8> >::operator()' into 'DebayerG' (/home/andreas/workdir/figkey/HLS/repo/loop_repo/vivado/cfa/proj_1/proj_1.srcs/sources_1/bd/video_crop_bd/ip/video_crop_bd_v_demosaic_0_0/src/v_demosaic.cpp:451).
INFO: [XFORM 203-603] Inlining function 'hls::Window<5, 6, ap_uint<8> >::operator()' into 'DebayerG' (/home/andreas/workdir/figkey/HLS/repo/loop_repo/vivado/cfa/proj_1/proj_1.srcs/sources_1/bd/video_crop_bd/ip/video_crop_bd_v_demosaic_0_0/src/v_demosaic.cpp:450).
INFO: [XFORM 203-603] Inlining function 'hls::Window<5, 6, ap_uint<8> >::operator()' into 'DebayerG' (/home/andreas/workdir/figkey/HLS/repo/loop_repo/vivado/cfa/proj_1/proj_1.srcs/sources_1/bd/video_crop_bd/ip/video_crop_bd_v_demosaic_0_0/src/v_demosaic.cpp:450).
INFO: [XFORM 203-603] Inlining function 'hls::Window<5, 6, ap_uint<8> >::operator()' into 'DebayerG' (/home/andreas/workdir/figkey/HLS/repo/loop_repo/vivado/cfa/proj_1/proj_1.srcs/sources_1/bd/video_crop_bd/ip/video_crop_bd_v_demosaic_0_0/src/v_demosaic.cpp:450).
INFO: [XFORM 203-603] Inlining function 'hls::Window<5, 6, ap_uint<8> >::operator()' into 'DebayerG' (/home/andreas/workdir/figkey/HLS/repo/loop_repo/vivado/cfa/proj_1/proj_1.srcs/sources_1/bd/video_crop_bd/ip/video_crop_bd_v_demosaic_0_0/src/v_demosaic.cpp:449).
INFO: [XFORM 203-603] Inlining function 'hls::Window<5, 6, ap_uint<8> >::operator()' into 'DebayerG' (/home/andreas/workdir/figkey/HLS/repo/loop_repo/vivado/cfa/proj_1/proj_1.srcs/sources_1/bd/video_crop_bd/ip/video_crop_bd_v_demosaic_0_0/src/v_demosaic.cpp:449).
INFO: [XFORM 203-603] Inlining function 'hls::Window<5, 6, ap_uint<8> >::operator()' into 'DebayerG' (/home/andreas/workdir/figkey/HLS/repo/loop_repo/vivado/cfa/proj_1/proj_1.srcs/sources_1/bd/video_crop_bd/ip/video_crop_bd_v_demosaic_0_0/src/v_demosaic.cpp:449).
INFO: [XFORM 203-603] Inlining function 'hls::Window<5, 6, ap_uint<8> >::operator()' into 'DebayerG' (/home/andreas/workdir/figkey/HLS/repo/loop_repo/vivado/cfa/proj_1/proj_1.srcs/sources_1/bd/video_crop_bd/ip/video_crop_bd_v_demosaic_0_0/src/v_demosaic.cpp:448).
INFO: [XFORM 203-603] Inlining function 'hls::Window<5, 6, ap_uint<8> >::operator()' into 'DebayerG' (/home/andreas/workdir/figkey/HLS/repo/loop_repo/vivado/cfa/proj_1/proj_1.srcs/sources_1/bd/video_crop_bd/ip/video_crop_bd_v_demosaic_0_0/src/v_demosaic.cpp:448).
INFO: [XFORM 203-603] Inlining function 'hls::Window<5, 6, ap_uint<8> >::operator()' into 'DebayerG' (/home/andreas/workdir/figkey/HLS/repo/loop_repo/vivado/cfa/proj_1/proj_1.srcs/sources_1/bd/video_crop_bd/ip/video_crop_bd_v_demosaic_0_0/src/v_demosaic.cpp:448).
INFO: [XFORM 203-603] Inlining function 'hls::Window<5, 6, ap_uint<8> >::operator()' into 'DebayerG' (/home/andreas/workdir/figkey/HLS/repo/loop_repo/vivado/cfa/proj_1/proj_1.srcs/sources_1/bd/video_crop_bd/ip/video_crop_bd_v_demosaic_0_0/src/v_demosaic.cpp:447).
INFO: [XFORM 203-603] Inlining function 'hls::Window<5, 6, ap_uint<8> >::operator()' into 'DebayerG' (/home/andreas/workdir/figkey/HLS/repo/loop_repo/vivado/cfa/proj_1/proj_1.srcs/sources_1/bd/video_crop_bd/ip/video_crop_bd_v_demosaic_0_0/src/v_demosaic.cpp:447).
INFO: [XFORM 203-603] Inlining function 'hls::Window<5, 6, ap_uint<8> >::operator()' into 'DebayerG' (/home/andreas/workdir/figkey/HLS/repo/loop_repo/vivado/cfa/proj_1/proj_1.srcs/sources_1/bd/video_crop_bd/ip/video_crop_bd_v_demosaic_0_0/src/v_demosaic.cpp:447).
INFO: [XFORM 203-603] Inlining function 'hls::Window<5, 6, ap_uint<8> >::operator()' into 'DebayerG' (/home/andreas/workdir/figkey/HLS/repo/loop_repo/vivado/cfa/proj_1/proj_1.srcs/sources_1/bd/video_crop_bd/ip/video_crop_bd_v_demosaic_0_0/src/v_demosaic.cpp:446).
INFO: [XFORM 203-603] Inlining function 'hls::Window<5, 6, ap_uint<8> >::operator()' into 'DebayerG' (/home/andreas/workdir/figkey/HLS/repo/loop_repo/vivado/cfa/proj_1/proj_1.srcs/sources_1/bd/video_crop_bd/ip/video_crop_bd_v_demosaic_0_0/src/v_demosaic.cpp:446).
INFO: [XFORM 203-603] Inlining function 'hls::Window<5, 6, ap_uint<8> >::operator()' into 'DebayerG' (/home/andreas/workdir/figkey/HLS/repo/loop_repo/vivado/cfa/proj_1/proj_1.srcs/sources_1/bd/video_crop_bd/ip/video_crop_bd_v_demosaic_0_0/src/v_demosaic.cpp:446).
INFO: [XFORM 203-603] Inlining function 'hls::Window<5, 6, ap_uint<8> >::operator()' into 'DebayerG' (/home/andreas/workdir/figkey/HLS/repo/loop_repo/vivado/cfa/proj_1/proj_1.srcs/sources_1/bd/video_crop_bd/ip/video_crop_bd_v_demosaic_0_0/src/v_demosaic.cpp:445).
INFO: [XFORM 203-603] Inlining function 'hls::Window<5, 6, ap_uint<8> >::operator()' into 'DebayerG' (/home/andreas/workdir/figkey/HLS/repo/loop_repo/vivado/cfa/proj_1/proj_1.srcs/sources_1/bd/video_crop_bd/ip/video_crop_bd_v_demosaic_0_0/src/v_demosaic.cpp:445).
INFO: [XFORM 203-603] Inlining function 'hls::Window<5, 6, ap_uint<8> >::operator()' into 'DebayerG' (/home/andreas/workdir/figkey/HLS/repo/loop_repo/vivado/cfa/proj_1/proj_1.srcs/sources_1/bd/video_crop_bd/ip/video_crop_bd_v_demosaic_0_0/src/v_demosaic.cpp:445).
INFO: [XFORM 203-603] Inlining function 'hls::LineBuffer<3, 1921, ap_uint<48>, 0>::getval' into 'DebayerRandBatG' (/home/andreas/workdir/figkey/HLS/repo/loop_repo/vivado/cfa/proj_1/proj_1.srcs/sources_1/bd/video_crop_bd/ip/video_crop_bd_v_demosaic_0_0/src/v_demosaic.cpp:888).
INFO: [XFORM 203-603] Inlining function 'hls::LineBuffer<3, 1921, ap_uint<48>, 0>::getval' into 'DebayerRatBorBatR' (/home/andreas/workdir/figkey/HLS/repo/loop_repo/vivado/cfa/proj_1/proj_1.srcs/sources_1/bd/video_crop_bd/ip/video_crop_bd_v_demosaic_0_0/src/v_demosaic.cpp:644).
INFO: [XFORM 203-603] Inlining function 'hls::LineBuffer<3, 1921, ap_uint<48>, 0>::insert_top_row' into 'hls::LineBuffer<3, 1921, ap_uint<48>, 0>::insert_bottom' (/opt/Xilinx/Vivado/2018.3/common/technology/autopilot/hls/hls_video_mem.h:873).
INFO: [XFORM 203-603] Inlining function 'hls::LineBuffer<3, 1921, ap_uint<48>, 0>::insert_bottom' into 'DebayerRandBatG' (/home/andreas/workdir/figkey/HLS/repo/loop_repo/vivado/cfa/proj_1/proj_1.srcs/sources_1/bd/video_crop_bd/ip/video_crop_bd_v_demosaic_0_0/src/v_demosaic.cpp:914).
INFO: [XFORM 203-603] Inlining function 'hls::LineBuffer<3, 1921, ap_uint<48>, 0>::insert_bottom' into 'DebayerRatBorBatR' (/home/andreas/workdir/figkey/HLS/repo/loop_repo/vivado/cfa/proj_1/proj_1.srcs/sources_1/bd/video_crop_bd/ip/video_crop_bd_v_demosaic_0_0/src/v_demosaic.cpp:671).
INFO: [XFORM 203-603] Inlining function 'hls::Window<3, 5, hls::Scalar<3, ap_uint<8> > >::insert_pixel' into 'hls::Window<3, 5, hls::Scalar<3, ap_uint<8> > >::insert' (/opt/Xilinx/Vivado/2018.3/common/technology/autopilot/hls/hls_video_mem.h:573).
INFO: [XFORM 203-603] Inlining function 'hls::Window<3, 5, hls::Scalar<3, ap_uint<8> > >::insert' into 'DebayerRandBatG' (/home/andreas/workdir/figkey/HLS/repo/loop_repo/vivado/cfa/proj_1/proj_1.srcs/sources_1/bd/video_crop_bd/ip/video_crop_bd_v_demosaic_0_0/src/v_demosaic.cpp:989).
INFO: [XFORM 203-603] Inlining function 'hls::Window<3, 5, hls::Scalar<3, ap_uint<8> > >::insert' into 'DebayerRandBatG' (/home/andreas/workdir/figkey/HLS/repo/loop_repo/vivado/cfa/proj_1/proj_1.srcs/sources_1/bd/video_crop_bd/ip/video_crop_bd_v_demosaic_0_0/src/v_demosaic.cpp:957).
INFO: [XFORM 203-603] Inlining function 'hls::Window<3, 5, hls::Scalar<3, ap_uint<8> > >::insert' into 'DebayerRandBatG' (/home/andreas/workdir/figkey/HLS/repo/loop_repo/vivado/cfa/proj_1/proj_1.srcs/sources_1/bd/video_crop_bd/ip/video_crop_bd_v_demosaic_0_0/src/v_demosaic.cpp:945).
INFO: [XFORM 203-603] Inlining function 'hls::Window<3, 5, hls::Scalar<3, ap_uint<8> > >::insert' into 'DebayerRatBorBatR' (/home/andreas/workdir/figkey/HLS/repo/loop_repo/vivado/cfa/proj_1/proj_1.srcs/sources_1/bd/video_crop_bd/ip/video_crop_bd_v_demosaic_0_0/src/v_demosaic.cpp:746).
INFO: [XFORM 203-603] Inlining function 'hls::Window<3, 5, hls::Scalar<3, ap_uint<8> > >::insert' into 'DebayerRatBorBatR' (/home/andreas/workdir/figkey/HLS/repo/loop_repo/vivado/cfa/proj_1/proj_1.srcs/sources_1/bd/video_crop_bd/ip/video_crop_bd_v_demosaic_0_0/src/v_demosaic.cpp:714).
INFO: [XFORM 203-603] Inlining function 'hls::Window<3, 5, hls::Scalar<3, ap_uint<8> > >::insert' into 'DebayerRatBorBatR' (/home/andreas/workdir/figkey/HLS/repo/loop_repo/vivado/cfa/proj_1/proj_1.srcs/sources_1/bd/video_crop_bd/ip/video_crop_bd_v_demosaic_0_0/src/v_demosaic.cpp:702).
INFO: [XFORM 203-603] Inlining function 'hls::Window<3, 5, hls::Scalar<3, ap_uint<8> > >::getval' into 'hls::Window<3, 5, hls::Scalar<3, ap_uint<8> > >::operator()' (/opt/Xilinx/Vivado/2018.3/common/technology/autopilot/hls/hls_video_mem.h:501).
INFO: [XFORM 203-603] Inlining function 'hls::Window<3, 5, hls::Scalar<3, ap_uint<8> > >::operator()' into 'DebayerRandBatG' (/home/andreas/workdir/figkey/HLS/repo/loop_repo/vivado/cfa/proj_1/proj_1.srcs/sources_1/bd/video_crop_bd/ip/video_crop_bd_v_demosaic_0_0/src/v_demosaic.cpp:1009).
INFO: [XFORM 203-603] Inlining function 'hls::Window<3, 5, hls::Scalar<3, ap_uint<8> > >::operator()' into 'DebayerRandBatG' (/home/andreas/workdir/figkey/HLS/repo/loop_repo/vivado/cfa/proj_1/proj_1.srcs/sources_1/bd/video_crop_bd/ip/video_crop_bd_v_demosaic_0_0/src/v_demosaic.cpp:1008).
INFO: [XFORM 203-603] Inlining function 'hls::Window<3, 5, hls::Scalar<3, ap_uint<8> > >::operator()' into 'DebayerRandBatG' (/home/andreas/workdir/figkey/HLS/repo/loop_repo/vivado/cfa/proj_1/proj_1.srcs/sources_1/bd/video_crop_bd/ip/video_crop_bd_v_demosaic_0_0/src/v_demosaic.cpp:1007).
INFO: [XFORM 203-603] Inlining function 'hls::Window<3, 5, hls::Scalar<3, ap_uint<8> > >::operator()' into 'DebayerRandBatG' (/home/andreas/workdir/figkey/HLS/repo/loop_repo/vivado/cfa/proj_1/proj_1.srcs/sources_1/bd/video_crop_bd/ip/video_crop_bd_v_demosaic_0_0/src/v_demosaic.cpp:1006).
INFO: [XFORM 203-603] Inlining function 'hls::Window<3, 5, hls::Scalar<3, ap_uint<8> > >::operator()' into 'DebayerRandBatG' (/home/andreas/workdir/figkey/HLS/repo/loop_repo/vivado/cfa/proj_1/proj_1.srcs/sources_1/bd/video_crop_bd/ip/video_crop_bd_v_demosaic_0_0/src/v_demosaic.cpp:1005).
INFO: [XFORM 203-603] Inlining function 'hls::Window<3, 5, hls::Scalar<3, ap_uint<8> > >::operator()' into 'DebayerRandBatG' (/home/andreas/workdir/figkey/HLS/repo/loop_repo/vivado/cfa/proj_1/proj_1.srcs/sources_1/bd/video_crop_bd/ip/video_crop_bd_v_demosaic_0_0/src/v_demosaic.cpp:997).
INFO: [XFORM 203-603] Inlining function 'hls::Window<3, 5, hls::Scalar<3, ap_uint<8> > >::operator()' into 'DebayerRatBorBatR' (/home/andreas/workdir/figkey/HLS/repo/loop_repo/vivado/cfa/proj_1/proj_1.srcs/sources_1/bd/video_crop_bd/ip/video_crop_bd_v_demosaic_0_0/src/v_demosaic.cpp:771).
INFO: [XFORM 203-603] Inlining function 'hls::Window<3, 5, hls::Scalar<3, ap_uint<8> > >::operator()' into 'DebayerRatBorBatR' (/home/andreas/workdir/figkey/HLS/repo/loop_repo/vivado/cfa/proj_1/proj_1.srcs/sources_1/bd/video_crop_bd/ip/video_crop_bd_v_demosaic_0_0/src/v_demosaic.cpp:770).
INFO: [XFORM 203-603] Inlining function 'hls::Window<3, 5, hls::Scalar<3, ap_uint<8> > >::operator()' into 'DebayerRatBorBatR' (/home/andreas/workdir/figkey/HLS/repo/loop_repo/vivado/cfa/proj_1/proj_1.srcs/sources_1/bd/video_crop_bd/ip/video_crop_bd_v_demosaic_0_0/src/v_demosaic.cpp:769).
INFO: [XFORM 203-603] Inlining function 'hls::Window<3, 5, hls::Scalar<3, ap_uint<8> > >::operator()' into 'DebayerRatBorBatR' (/home/andreas/workdir/figkey/HLS/repo/loop_repo/vivado/cfa/proj_1/proj_1.srcs/sources_1/bd/video_crop_bd/ip/video_crop_bd_v_demosaic_0_0/src/v_demosaic.cpp:768).
INFO: [XFORM 203-603] Inlining function 'hls::Window<3, 5, hls::Scalar<3, ap_uint<8> > >::operator()' into 'DebayerRatBorBatR' (/home/andreas/workdir/figkey/HLS/repo/loop_repo/vivado/cfa/proj_1/proj_1.srcs/sources_1/bd/video_crop_bd/ip/video_crop_bd_v_demosaic_0_0/src/v_demosaic.cpp:767).
INFO: [XFORM 203-603] Inlining function 'hls::Window<3, 5, hls::Scalar<3, ap_uint<8> > >::operator()' into 'DebayerRatBorBatR' (/home/andreas/workdir/figkey/HLS/repo/loop_repo/vivado/cfa/proj_1/proj_1.srcs/sources_1/bd/video_crop_bd/ip/video_crop_bd_v_demosaic_0_0/src/v_demosaic.cpp:754).
INFO: [HLS 200-111] Finished Standard Transforms Time (s): cpu = 00:00:14 ; elapsed = 00:00:14 . Memory (MB): peak = 633.613 ; gain = 192.000 ; free physical = 2434 ; free virtual = 19154
INFO: [HLS 200-10] Checking synthesizability ...
WARNING: [SYNCHK 200-23] /home/andreas/workdir/figkey/HLS/repo/loop_repo/vivado/cfa/proj_1/proj_1.srcs/sources_1/bd/video_crop_bd/ip/video_crop_bd_v_demosaic_0_0/src/v_demosaic.cpp:236: variable-indexed range selection may cause suboptimal QoR.
INFO: [SYNCHK 200-10] 0 error(s), 1 warning(s).
INFO: [HLS 200-111] Finished Checking Synthesizability Time (s): cpu = 00:00:15 ; elapsed = 00:00:15 . Memory (MB): peak = 761.613 ; gain = 320.000 ; free physical = 3072 ; free virtual = 19792
INFO: [XFORM 203-502] Unrolling all sub-loops inside loop 'Loop-1.1' in function 'ZipperRemoval' for pipelining.
INFO: [XFORM 203-502] Unrolling all sub-loops inside loop 'Loop-1.1' (/home/andreas/workdir/figkey/HLS/repo/loop_repo/vivado/cfa/proj_1/proj_1.srcs/sources_1/bd/video_crop_bd/ip/video_crop_bd_v_demosaic_0_0/src/v_demosaic.cpp:213) in function 'MultiPixStream2AXIvideo' for pipelining.
INFO: [XFORM 203-502] Unrolling all sub-loops inside loop 'Loop-3.1' in function 'DebayerRatBorBatR' for pipelining.
INFO: [XFORM 203-502] Unrolling all sub-loops inside loop 'Loop-3.1' in function 'DebayerRandBatG' for pipelining.
INFO: [XFORM 203-502] Unrolling all sub-loops inside loop 'Loop-2.1' in function 'DebayerG' for pipelining.
INFO: [XFORM 203-502] Unrolling all sub-loops inside loop 'loop_width' (/home/andreas/workdir/figkey/HLS/repo/loop_repo/vivado/cfa/proj_1/proj_1.srcs/sources_1/bd/video_crop_bd/ip/video_crop_bd_v_demosaic_0_0/src/v_demosaic.cpp:150) in function 'AXIvideo2MultiBayer' for pipelining.
INFO: [HLS 200-489] Unrolling loop 'Loop-1.1.1' in function 'ZipperRemoval' completely with a factor of 6.
INFO: [HLS 200-489] Unrolling loop 'Loop-1.1.2' in function 'ZipperRemoval' completely with a factor of 2.
INFO: [HLS 200-489] Unrolling loop 'Loop-1.1.2.1' in function 'ZipperRemoval' completely with a factor of 4.
INFO: [HLS 200-489] Unrolling loop 'Loop-1.1.3' in function 'ZipperRemoval' completely with a factor of 2.
INFO: [HLS 200-489] Unrolling loop 'Loop-1.1.1' (/opt/Xilinx/Vivado/2018.3/common/technology/autopilot/hls/hls_video_core.h:180) in function 'MultiPixStream2AXIvideo' completely with a factor of 6.
INFO: [HLS 200-489] Unrolling loop 'Loop-1.1.2' (/home/andreas/workdir/figkey/HLS/repo/loop_repo/vivado/cfa/proj_1/proj_1.srcs/sources_1/bd/video_crop_bd/ip/video_crop_bd_v_demosaic_0_0/src/v_demosaic.cpp:231) in function 'MultiPixStream2AXIvideo' completely with a factor of 2.
INFO: [HLS 200-489] Unrolling loop 'Loop-1.1.2.1' (/home/andreas/workdir/figkey/HLS/repo/loop_repo/vivado/cfa/proj_1/proj_1.srcs/sources_1/bd/video_crop_bd/ip/video_crop_bd_v_demosaic_0_0/src/v_demosaic.cpp:233) in function 'MultiPixStream2AXIvideo' completely with a factor of 3.
INFO: [HLS 200-489] Unrolling loop 'Loop-3.1.1' in function 'DebayerRatBorBatR' completely with a factor of 3.
INFO: [HLS 200-489] Unrolling loop 'Loop-3.1.1.1' in function 'DebayerRatBorBatR' completely with a factor of 2.
INFO: [HLS 200-489] Unrolling loop 'Loop-3.1.1.1.1' in function 'DebayerRatBorBatR' completely with a factor of 3.
INFO: [HLS 200-489] Unrolling loop 'Loop-3.1.2' in function 'DebayerRatBorBatR' completely with a factor of 2.
INFO: [HLS 200-489] Unrolling loop 'Loop-3.1.2.1' in function 'DebayerRatBorBatR' completely with a factor of 6.
INFO: [HLS 200-489] Unrolling loop 'Loop-3.1.3' in function 'DebayerRatBorBatR' completely with a factor of 6.
INFO: [HLS 200-489] Unrolling loop 'Loop-3.1.4' in function 'DebayerRatBorBatR' completely with a factor of 2.
INFO: [HLS 200-489] Unrolling loop 'Loop-3.1.4.1' in function 'DebayerRatBorBatR' completely with a factor of 3.
INFO: [HLS 200-489] Unrolling loop 'Loop-3.1.5' in function 'DebayerRatBorBatR' completely with a factor of 6.
INFO: [HLS 200-489] Unrolling loop 'Loop-3.1.6' in function 'DebayerRatBorBatR' completely with a factor of 3.
INFO: [HLS 200-489] Unrolling loop 'Loop-3.1.6.1' in function 'DebayerRatBorBatR' completely with a factor of 3.
INFO: [HLS 200-489] Unrolling loop 'Loop-3.1.6.1.1' in function 'DebayerRatBorBatR' completely with a factor of 3.
INFO: [HLS 200-489] Unrolling loop 'Loop-3.1.7' in function 'DebayerRatBorBatR' completely with a factor of 3.
INFO: [HLS 200-489] Unrolling loop 'Loop-3.1.7.1' in function 'DebayerRatBorBatR' completely with a factor of 2.
INFO: [HLS 200-489] Unrolling loop 'Loop-3.1.7.1.1' in function 'DebayerRatBorBatR' completely with a factor of 3.
INFO: [HLS 200-489] Unrolling loop 'Loop-3.1.7.2' in function 'DebayerRatBorBatR' completely with a factor of 3.
INFO: [HLS 200-489] Unrolling loop 'Loop-3.1.7.2.1' in function 'DebayerRatBorBatR' completely with a factor of 3.
INFO: [HLS 200-489] Unrolling loop 'Loop-3.1.8' in function 'DebayerRatBorBatR' completely with a factor of 2.
INFO: [HLS 200-489] Unrolling loop 'Loop-3.1.8.1' in function 'DebayerRatBorBatR' completely with a factor of 2.
INFO: [HLS 200-489] Unrolling loop 'Loop-3.1.8.1.1' in function 'DebayerRatBorBatR' completely with a factor of 3.
INFO: [HLS 200-489] Unrolling loop 'Loop-3.1.9' in function 'DebayerRatBorBatR' completely with a factor of 3.
INFO: [HLS 200-489] Unrolling loop 'Loop-3.1.9.1' in function 'DebayerRatBorBatR' completely with a factor of 2.
INFO: [HLS 200-489] Unrolling loop 'Loop-3.1.9.1.1' in function 'DebayerRatBorBatR' completely with a factor of 3.
INFO: [HLS 200-489] Unrolling loop 'Loop-3.1.10' in function 'DebayerRatBorBatR' completely with a factor of 2.
INFO: [HLS 200-489] Unrolling loop 'Loop-3.1.1' in function 'DebayerRandBatG' completely with a factor of 3.
INFO: [HLS 200-489] Unrolling loop 'Loop-3.1.1.1' in function 'DebayerRandBatG' completely with a factor of 2.
INFO: [HLS 200-489] Unrolling loop 'Loop-3.1.1.1.1' in function 'DebayerRandBatG' completely with a factor of 3.
INFO: [HLS 200-489] Unrolling loop 'Loop-3.1.2' in function 'DebayerRandBatG' completely with a factor of 2.
INFO: [HLS 200-489] Unrolling loop 'Loop-3.1.2.1' in function 'DebayerRandBatG' completely with a factor of 6.
INFO: [HLS 200-489] Unrolling loop 'Loop-3.1.3' in function 'DebayerRandBatG' completely with a factor of 6.
INFO: [HLS 200-489] Unrolling loop 'Loop-3.1.4' in function 'DebayerRandBatG' completely with a factor of 2.
INFO: [HLS 200-489] Unrolling loop 'Loop-3.1.4.1' in function 'DebayerRandBatG' completely with a factor of 3.
INFO: [HLS 200-489] Unrolling loop 'Loop-3.1.5' in function 'DebayerRandBatG' completely with a factor of 6.
INFO: [HLS 200-489] Unrolling loop 'Loop-3.1.6' in function 'DebayerRandBatG' completely with a factor of 3.
INFO: [HLS 200-489] Unrolling loop 'Loop-3.1.6.1' in function 'DebayerRandBatG' completely with a factor of 3.
INFO: [HLS 200-489] Unrolling loop 'Loop-3.1.6.1.1' in function 'DebayerRandBatG' completely with a factor of 3.
INFO: [HLS 200-489] Unrolling loop 'Loop-3.1.7' in function 'DebayerRandBatG' completely with a factor of 3.
INFO: [HLS 200-489] Unrolling loop 'Loop-3.1.7.1' in function 'DebayerRandBatG' completely with a factor of 2.
INFO: [HLS 200-489] Unrolling loop 'Loop-3.1.7.1.1' in function 'DebayerRandBatG' completely with a factor of 3.
INFO: [HLS 200-489] Unrolling loop 'Loop-3.1.7.2' in function 'DebayerRandBatG' completely with a factor of 3.
INFO: [HLS 200-489] Unrolling loop 'Loop-3.1.7.2.1' in function 'DebayerRandBatG' completely with a factor of 3.
INFO: [HLS 200-489] Unrolling loop 'Loop-3.1.8' in function 'DebayerRandBatG' completely with a factor of 2.
INFO: [HLS 200-489] Unrolling loop 'Loop-3.1.8.1' in function 'DebayerRandBatG' completely with a factor of 2.
INFO: [HLS 200-489] Unrolling loop 'Loop-3.1.8.1.1' in function 'DebayerRandBatG' completely with a factor of 3.
INFO: [HLS 200-489] Unrolling loop 'Loop-3.1.9' in function 'DebayerRandBatG' completely with a factor of 3.
INFO: [HLS 200-489] Unrolling loop 'Loop-3.1.9.1' in function 'DebayerRandBatG' completely with a factor of 2.
INFO: [HLS 200-489] Unrolling loop 'Loop-3.1.9.1.1' in function 'DebayerRandBatG' completely with a factor of 3.
INFO: [HLS 200-489] Unrolling loop 'Loop-3.1.10' in function 'DebayerRandBatG' completely with a factor of 2.
INFO: [HLS 200-489] Unrolling loop 'Loop-2.1.1' in function 'DebayerG' completely with a factor of 5.
INFO: [HLS 200-489] Unrolling loop 'Loop-2.1.1.1' in function 'DebayerG' completely with a factor of 2.
INFO: [HLS 200-489] Unrolling loop 'Loop-2.1.2' in function 'DebayerG' completely with a factor of 4.
INFO: [HLS 200-489] Unrolling loop 'Loop-2.1.2.1' in function 'DebayerG' completely with a factor of 2.
INFO: [HLS 200-489] Unrolling loop 'Loop-2.1.3' in function 'DebayerG' completely with a factor of 2.
INFO: [HLS 200-489] Unrolling loop 'Loop-2.1.4' in function 'DebayerG' completely with a factor of 2.
INFO: [HLS 200-489] Unrolling loop 'Loop-2.1.5' in function 'DebayerG' completely with a factor of 2.
INFO: [HLS 200-489] Unrolling loop 'Loop-2.1.6' in function 'DebayerG' completely with a factor of 5.
INFO: [HLS 200-489] Unrolling loop 'Loop-2.1.6.1' in function 'DebayerG' completely with a factor of 4.
INFO: [HLS 200-489] Unrolling loop 'Loop-2.1.7' in function 'DebayerG' completely with a factor of 5.
INFO: [HLS 200-489] Unrolling loop 'Loop-2.1.7.1' in function 'DebayerG' completely with a factor of 2.
INFO: [HLS 200-489] Unrolling loop 'Loop-2.1.7.2' in function 'DebayerG' completely with a factor of 4.
INFO: [HLS 200-489] Unrolling loop 'Loop-2.1.8' in function 'DebayerG' completely with a factor of 4.
INFO: [HLS 200-489] Unrolling loop 'Loop-2.1.8.1' in function 'DebayerG' completely with a factor of 2.
INFO: [HLS 200-489] Unrolling loop 'Loop-2.1.9' in function 'DebayerG' completely with a factor of 5.
INFO: [HLS 200-489] Unrolling loop 'Loop-2.1.9.1' in function 'DebayerG' completely with a factor of 2.
INFO: [HLS 200-489] Unrolling loop 'Loop-2.1.10' in function 'DebayerG' completely with a factor of 2.
INFO: [HLS 200-489] Unrolling loop 'Loop-2.1.10.1' in function 'DebayerG' completely with a factor of 4.
INFO: [HLS 200-489] Unrolling loop 'Loop-2.1.10.2' in function 'DebayerG' completely with a factor of 4.
INFO: [HLS 200-489] Unrolling loop 'Loop-2.1.10.3' in function 'DebayerG' completely with a factor of 4.
INFO: [HLS 200-489] Unrolling loop 'Loop-2.1.1' (/home/andreas/workdir/figkey/HLS/repo/loop_repo/vivado/cfa/proj_1/proj_1.srcs/sources_1/bd/video_crop_bd/ip/video_crop_bd_v_demosaic_0_0/src/v_demosaic.cpp:163) in function 'AXIvideo2MultiBayer' completely with a factor of 2.
INFO: [XFORM 203-102] Partitioning array 'PixBufVal.val.V' automatically.
INFO: [XFORM 203-102] Partitioning array 'var.V' automatically.
INFO: [XFORM 203-102] Partitioning array 'SD.V' automatically.
INFO: [XFORM 203-102] Partitioning array 'mean.V' automatically.
INFO: [XFORM 203-102] Partitioning array 'ave.V' automatically.
INFO: [XFORM 203-102] Partitioning array 'w' automatically.
INFO: [XFORM 203-102] Partitioning array 'value.val.V.assign' automatically.
INFO: [XFORM 203-102] Partitioning array 'value.val.V.assign.2' automatically.
INFO: [XFORM 203-102] Partitioning array 'value.val.V.assign.1' automatically.
INFO: [XFORM 203-102] Partitioning array 'PixBufVal.val.V' automatically.
INFO: [XFORM 203-102] Partitioning array 'en_rgd.V' automatically.
INFO: [XFORM 203-102] Partitioning array 'value.val.V.assign' automatically.
INFO: [XFORM 203-102] Partitioning array 'value.val.V.assign.4' automatically.
INFO: [XFORM 203-102] Partitioning array 'value.val.V.assign.3' automatically.
INFO: [XFORM 203-102] Partitioning array 'PixBufVal.val.V' automatically.
INFO: [XFORM 203-102] Automatically partitioning streamed array 'imgBayer.V.val.V' .
INFO: [XFORM 203-102] Automatically partitioning streamed array 'imgRgb.V.val.V' .
INFO: [XFORM 203-102] Automatically partitioning streamed array 'imgUnzip.V.val.V' .
INFO: [XFORM 203-102] Automatically partitioning streamed array 'imgG.V.val.V' .
INFO: [XFORM 203-102] Automatically partitioning streamed array 'imgRB.V.val.V' .
INFO: [XFORM 203-101] Partitioning array 'tmp.val.V' in dimension 1 completely.
INFO: [XFORM 203-101] Partitioning array 'pix.val.V' (/home/andreas/workdir/figkey/HLS/repo/loop_repo/vivado/cfa/proj_1/proj_1.srcs/sources_1/bd/video_crop_bd/ip/video_crop_bd_v_demosaic_0_0/src/v_demosaic.cpp:198) in dimension 1 completely.
INFO: [XFORM 203-101] Partitioning array 'tmp.val.V'  in dimension 1 completely.
INFO: [XFORM 203-101] Partitioning array 'tmp.val.V' in dimension 1 completely.
INFO: [XFORM 203-101] Partitioning array 'tmp.val.V' in dimension 1 completely.
INFO: [XFORM 203-101] Partitioning array 'pix.val.V' (/home/andreas/workdir/figkey/HLS/repo/loop_repo/vivado/cfa/proj_1/proj_1.srcs/sources_1/bd/video_crop_bd/ip/video_crop_bd_v_demosaic_0_0/src/v_demosaic.cpp:125) in dimension 1 completely.
INFO: [XFORM 203-712] Applying dataflow to function 'Debayer' , detected/extracted 3 process function(s): 
	 'DebayerG'
	 'DebayerRatBorBatR'
	 'DebayerRandBatG'.
INFO: [XFORM 203-712] Applying dataflow to function 'v_demosaic' , detected/extracted 4 process function(s): 
	 'AXIvideo2MultiBayer384'
	 'Debayer'
	 'ZipperRemoval'
	 'MultiPixStream2AXIvideo'.
INFO: [XFORM 203-401] Performing if-conversion on hyperblock in function 'ZipperRemoval'... converting 9 basic blocks.
INFO: [XFORM 203-401] Performing if-conversion on hyperblock in function 'DebayerRatBorBatR'... converting 5 basic blocks.
INFO: [XFORM 203-401] Performing if-conversion on hyperblock in function 'DebayerRatBorBatR'... converting 5 basic blocks.
INFO: [XFORM 203-401] Performing if-conversion on hyperblock in function 'DebayerRandBatG'... converting 17 basic blocks.
INFO: [XFORM 203-401] Performing if-conversion on hyperblock in function 'DebayerG'... converting 11 basic blocks.
INFO: [HLS 200-111] Finished Pre-synthesis Time (s): cpu = 00:00:19 ; elapsed = 00:00:19 . Memory (MB): peak = 761.613 ; gain = 320.000 ; free physical = 2558 ; free virtual = 19284
WARNING: [XFORM 203-631] Renaming function 'MultiPixStream2AXIvideo' to 'MultiPixStream2AXIvi' (/home/andreas/workdir/figkey/HLS/repo/loop_repo/vivado/cfa/proj_1/proj_1.srcs/sources_1/bd/video_crop_bd/ip/video_crop_bd_v_demosaic_0_0/src/v_demosaic.cpp:180:60)
WARNING: [XFORM 203-631] Renaming function 'AXIvideo2MultiBayer384' to 'AXIvideo2MultiBayer3' (/home/andreas/workdir/figkey/HLS/repo/loop_repo/vivado/cfa/proj_1/proj_1.srcs/sources_1/bd/video_crop_bd/ip/video_crop_bd_v_demosaic_0_0/src/v_demosaic.cpp:49:9)
WARNING: [ANALYSIS 214-52] Found false inter dependency for variable 'linebuf_yuv.val[1].V.i'.
WARNING: [ANALYSIS 214-52] Found false inter dependency for variable 'linebuf_yuv.val[0].V.i'.
WARNING: [ANALYSIS 214-52] Found false inter dependency for variable 'linebuf_yuv.val[3].V.i'.
WARNING: [ANALYSIS 214-52] Found false inter dependency for variable 'linebuf_yuv.val[2].V.i'.
WARNING: [ANALYSIS 214-52] Found false intra dependency for variable 'linebuf_yuv.val[1].V.i'.
WARNING: [ANALYSIS 214-52] Found false intra dependency for variable 'linebuf_yuv.val[0].V.i'.
WARNING: [ANALYSIS 214-52] Found false intra dependency for variable 'linebuf_yuv.val[3].V.i'.
WARNING: [ANALYSIS 214-52] Found false intra dependency for variable 'linebuf_yuv.val[2].V.i'.
WARNING: [ANALYSIS 214-52] Found false inter dependency for variable 'lineBuffer.val[0].V.i'.
WARNING: [ANALYSIS 214-52] Found false inter dependency for variable 'lineBuffer.val[1].V.i'.
WARNING: [ANALYSIS 214-52] Found false intra dependency for variable 'lineBuffer.val[0].V.i'.
WARNING: [ANALYSIS 214-52] Found false intra dependency for variable 'lineBuffer.val[1].V.i'.
WARNING: [ANALYSIS 214-52] Found false inter dependency for variable 'lineBuffer.val[1].V.i'.
WARNING: [ANALYSIS 214-52] Found false inter dependency for variable 'lineBuffer.val[0].V.i'.
WARNING: [ANALYSIS 214-52] Found false intra dependency for variable 'lineBuffer.val[1].V.i'.
WARNING: [ANALYSIS 214-52] Found false intra dependency for variable 'lineBuffer.val[0].V.i'.
INFO: [HLS 200-111] Finished Architecture Synthesis Time (s): cpu = 00:00:21 ; elapsed = 00:00:21 . Memory (MB): peak = 761.613 ; gain = 320.000 ; free physical = 2645 ; free virtual = 19370
INFO: [HLS 200-10] Starting hardware synthesis ...
INFO: [HLS 200-10] Synthesizing 'v_demosaic' ...
WARNING: [SYN 201-103] Legalizing function name 'reg<unsigned short>' to 'reg_unsigned_short_s'.
INFO: [HLS 200-10] ----------------------------------------------------------------
INFO: [HLS 200-42] -- Implementing module 'reg_unsigned_short_s' 
INFO: [HLS 200-10] ----------------------------------------------------------------
INFO: [SCHED 204-11] Starting scheduling ...
INFO: [SCHED 204-11] Finished scheduling.
INFO: [HLS 200-111]  Elapsed time: 21.38 seconds; current allocated memory: 305.843 MB.
INFO: [BIND 205-100] Starting micro-architecture generation ...
INFO: [BIND 205-101] Performing variable lifetime analysis.
INFO: [BIND 205-101] Exploring resource sharing.
INFO: [BIND 205-101] Binding ...
INFO: [BIND 205-100] Finished micro-architecture generation.
INFO: [HLS 200-111]  Elapsed time: 0.04 seconds; current allocated memory: 305.888 MB.
INFO: [HLS 200-10] ----------------------------------------------------------------
INFO: [HLS 200-42] -- Implementing module 'AXIvideo2MultiBayer3' 
INFO: [HLS 200-10] ----------------------------------------------------------------
INFO: [SCHED 204-11] Starting scheduling ...
INFO: [SCHED 204-61] Pipelining loop 'loop_wait_for_start'.
INFO: [SCHED 204-61] Pipelining result : Target II = 1, Final II = 1, Depth = 1.
INFO: [SCHED 204-61] Pipelining loop 'loop_width'.
INFO: [SCHED 204-61] Pipelining result : Target II = 1, Final II = 1, Depth = 2.
INFO: [SCHED 204-61] Pipelining loop 'loop_wait_for_eol'.
INFO: [SCHED 204-61] Pipelining result : Target II = 1, Final II = 1, Depth = 1.
INFO: [SCHED 204-11] Finished scheduling.
INFO: [HLS 200-111]  Elapsed time: 0.11 seconds; current allocated memory: 306.365 MB.
INFO: [HLS 200-434] Only 3 loops out of a total 4 loops have been pipelined in this design.
INFO: [BIND 205-100] Starting micro-architecture generation ...
INFO: [BIND 205-101] Performing variable lifetime analysis.
INFO: [BIND 205-101] Exploring resource sharing.
INFO: [BIND 205-101] Binding ...
INFO: [BIND 205-100] Finished micro-architecture generation.
INFO: [HLS 200-111]  Elapsed time: 1.34 seconds; current allocated memory: 307.225 MB.
INFO: [HLS 200-10] ----------------------------------------------------------------
INFO: [HLS 200-42] -- Implementing module 'DebayerG' 
INFO: [HLS 200-10] ----------------------------------------------------------------
INFO: [SCHED 204-11] Starting scheduling ...
INFO: [SCHED 204-61] Pipelining loop 'Loop 1.1'.
INFO: [SCHED 204-61] Pipelining result : Target II = 1, Final II = 1, Depth = 9.
INFO: [SCHED 204-11] Finished scheduling.
INFO: [HLS 200-111]  Elapsed time: 1.93 seconds; current allocated memory: 311.143 MB.
INFO: [BIND 205-100] Starting micro-architecture generation ...
INFO: [BIND 205-101] Performing variable lifetime analysis.
INFO: [BIND 205-101] Exploring resource sharing.
INFO: [BIND 205-101] Binding ...
INFO: [BIND 205-100] Finished micro-architecture generation.
INFO: [HLS 200-111]  Elapsed time: 4.81 seconds; current allocated memory: 315.112 MB.
INFO: [HLS 200-10] ----------------------------------------------------------------
INFO: [HLS 200-42] -- Implementing module 'DebayerRatBorBatR' 
INFO: [HLS 200-10] ----------------------------------------------------------------
INFO: [SCHED 204-11] Starting scheduling ...
INFO: [SCHED 204-61] Pipelining loop 'Loop 1.1'.
INFO: [SCHED 204-61] Pipelining result : Target II = 1, Final II = 1, Depth = 4.
INFO: [SCHED 204-11] Finished scheduling.
INFO: [HLS 200-111]  Elapsed time: 4.73 seconds; current allocated memory: 317.071 MB.
INFO: [BIND 205-100] Starting micro-architecture generation ...
INFO: [BIND 205-101] Performing variable lifetime analysis.
INFO: [BIND 205-101] Exploring resource sharing.
INFO: [BIND 205-101] Binding ...
INFO: [BIND 205-100] Finished micro-architecture generation.
INFO: [HLS 200-111]  Elapsed time: 2.33 seconds; current allocated memory: 320.326 MB.
INFO: [HLS 200-10] ----------------------------------------------------------------
INFO: [HLS 200-42] -- Implementing module 'DebayerRandBatG' 
INFO: [HLS 200-10] ----------------------------------------------------------------
INFO: [SCHED 204-11] Starting scheduling ...
INFO: [SCHED 204-61] Pipelining loop 'Loop 1.1'.
INFO: [SCHED 204-61] Pipelining result : Target II = 1, Final II = 1, Depth = 4.
INFO: [SCHED 204-11] Finished scheduling.
INFO: [HLS 200-111]  Elapsed time: 2.52 seconds; current allocated memory: 322.158 MB.
INFO: [BIND 205-100] Starting micro-architecture generation ...
INFO: [BIND 205-101] Performing variable lifetime analysis.
INFO: [BIND 205-101] Exploring resource sharing.
INFO: [BIND 205-101] Binding ...
INFO: [BIND 205-100] Finished micro-architecture generation.
INFO: [HLS 200-111]  Elapsed time: 2.4 seconds; current allocated memory: 324.339 MB.
INFO: [HLS 200-10] ----------------------------------------------------------------
INFO: [HLS 200-42] -- Implementing module 'Debayer' 
INFO: [HLS 200-10] ----------------------------------------------------------------
INFO: [SCHED 204-11] Starting scheduling ...
INFO: [SCHED 204-11] Finished scheduling.
INFO: [HLS 200-111]  Elapsed time: 2.25 seconds; current allocated memory: 324.504 MB.
INFO: [BIND 205-100] Starting micro-architecture generation ...
INFO: [BIND 205-101] Performing variable lifetime analysis.
INFO: [BIND 205-101] Exploring resource sharing.
INFO: [BIND 205-101] Binding ...
INFO: [BIND 205-100] Finished micro-architecture generation.
INFO: [HLS 200-111]  Elapsed time: 1.3 seconds; current allocated memory: 325.960 MB.
INFO: [HLS 200-10] ----------------------------------------------------------------
INFO: [HLS 200-42] -- Implementing module 'ZipperRemoval' 
INFO: [HLS 200-10] ----------------------------------------------------------------
INFO: [SCHED 204-11] Starting scheduling ...
INFO: [SCHED 204-61] Pipelining loop 'Loop 1.1'.
INFO: [SCHED 204-61] Pipelining result : Target II = 1, Final II = 1, Depth = 3.
INFO: [SCHED 204-11] Finished scheduling.
INFO: [HLS 200-111]  Elapsed time: 0.32 seconds; current allocated memory: 326.589 MB.
INFO: [BIND 205-100] Starting micro-architecture generation ...
INFO: [BIND 205-101] Performing variable lifetime analysis.
INFO: [BIND 205-101] Exploring resource sharing.
INFO: [BIND 205-101] Binding ...
INFO: [BIND 205-100] Finished micro-architecture generation.
INFO: [HLS 200-111]  Elapsed time: 0.86 seconds; current allocated memory: 327.404 MB.
INFO: [HLS 200-10] ----------------------------------------------------------------
INFO: [HLS 200-42] -- Implementing module 'MultiPixStream2AXIvi' 
INFO: [HLS 200-10] ----------------------------------------------------------------
INFO: [SCHED 204-11] Starting scheduling ...
INFO: [SCHED 204-61] Pipelining loop 'Loop 1.1'.
INFO: [SCHED 204-61] Pipelining result : Target II = 1, Final II = 1, Depth = 3.
INFO: [SCHED 204-11] Finished scheduling.
INFO: [HLS 200-111]  Elapsed time: 0.86 seconds; current allocated memory: 327.575 MB.
INFO: [BIND 205-100] Starting micro-architecture generation ...
INFO: [BIND 205-101] Performing variable lifetime analysis.
INFO: [BIND 205-101] Exploring resource sharing.
INFO: [BIND 205-101] Binding ...
INFO: [BIND 205-100] Finished micro-architecture generation.
INFO: [HLS 200-111]  Elapsed time: 0.38 seconds; current allocated memory: 327.859 MB.
INFO: [HLS 200-10] ----------------------------------------------------------------
INFO: [HLS 200-42] -- Implementing module 'v_demosaic' 
INFO: [HLS 200-10] ----------------------------------------------------------------
INFO: [SCHED 204-11] Starting scheduling ...
INFO: [SCHED 204-11] Finished scheduling.
INFO: [HLS 200-111]  Elapsed time: 0.41 seconds; current allocated memory: 328.101 MB.
INFO: [BIND 205-100] Starting micro-architecture generation ...
INFO: [BIND 205-101] Performing variable lifetime analysis.
INFO: [BIND 205-101] Exploring resource sharing.
INFO: [BIND 205-101] Binding ...
INFO: [BIND 205-100] Finished micro-architecture generation.
INFO: [HLS 200-111]  Elapsed time: 1.34 seconds; current allocated memory: 329.470 MB.
INFO: [HLS 200-10] ----------------------------------------------------------------
INFO: [HLS 200-10] -- Generating RTL for module 'reg_unsigned_short_s' 
INFO: [HLS 200-10] ----------------------------------------------------------------
INFO: [RTGEN 206-100] Finished creating RTL model for 'reg_unsigned_short_s'.
INFO: [HLS 200-111]  Elapsed time: 0.41 seconds; current allocated memory: 329.631 MB.
INFO: [HLS 200-10] ----------------------------------------------------------------
INFO: [HLS 200-10] -- Generating RTL for module 'AXIvideo2MultiBayer3' 
INFO: [HLS 200-10] ----------------------------------------------------------------
INFO: [RTGEN 206-100] Finished creating RTL model for 'AXIvideo2MultiBayer3'.
INFO: [HLS 200-111]  Elapsed time: 0.07 seconds; current allocated memory: 330.929 MB.
INFO: [HLS 200-10] ----------------------------------------------------------------
INFO: [HLS 200-10] -- Generating RTL for module 'DebayerG' 
INFO: [HLS 200-10] ----------------------------------------------------------------
INFO: [RTGEN 206-100] Generating core module 'v_demosaic_mac_muladd_10ns_12s_22s_23_1_1': 4 instance(s).
INFO: [RTGEN 206-100] Generating core module 'v_demosaic_mul_mul_10ns_12s_22_1_1': 4 instance(s).
INFO: [RTGEN 206-100] Generating core module 'v_demosaic_mul_mul_8ns_18ns_26_1_1': 4 instance(s).
INFO: [RTGEN 206-100] Generating core module 'v_demosaic_mul_mul_9ns_18ns_27_1_1': 4 instance(s).
INFO: [RTGEN 206-100] Generating core module 'v_demosaic_mux_53_8_1_1': 2 instance(s).
INFO: [RTGEN 206-100] Finished creating RTL model for 'DebayerG'.
INFO: [HLS 200-111]  Elapsed time: 1.5 seconds; current allocated memory: 338.519 MB.
INFO: [WVHDL 200-304] Encrypting RTL VHDL done.
INFO: [WVHDL 200-304] Encrypting RTL Verilog done.
INFO: [HLS 200-10] ----------------------------------------------------------------
INFO: [HLS 200-10] -- Generating RTL for module 'DebayerRatBorBatR' 
INFO: [HLS 200-10] ----------------------------------------------------------------
INFO: [RTGEN 206-100] Generating core module 'v_demosaic_mux_32_8_1_1': 16 instance(s).
INFO: [RTGEN 206-100] Finished creating RTL model for 'DebayerRatBorBatR'.
INFO: [HLS 200-111]  Elapsed time: 4.89 seconds; current allocated memory: 337.928 MB.
INFO: [WVHDL 200-304] Encrypting RTL VHDL done.
INFO: [WVHDL 200-304] Encrypting RTL Verilog done.
INFO: [HLS 200-10] ----------------------------------------------------------------
INFO: [HLS 200-10] -- Generating RTL for module 'DebayerRandBatG' 
INFO: [HLS 200-10] ----------------------------------------------------------------
INFO: [RTGEN 206-100] Generating core module 'v_demosaic_mux_32_8_1_1': 6 instance(s).
INFO: [RTGEN 206-100] Finished creating RTL model for 'DebayerRandBatG'.
INFO: [HLS 200-111]  Elapsed time: 2.52 seconds; current allocated memory: 341.387 MB.
INFO: [WVHDL 200-304] Encrypting RTL VHDL done.
INFO: [WVHDL 200-304] Encrypting RTL Verilog done.
INFO: [HLS 200-10] ----------------------------------------------------------------
INFO: [HLS 200-10] -- Generating RTL for module 'Debayer' 
INFO: [HLS 200-10] ----------------------------------------------------------------
INFO: [RTGEN 206-100] Finished creating RTL model for 'Debayer'.
INFO: [HLS 200-111]  Elapsed time: 2.52 seconds; current allocated memory: 342.449 MB.
INFO: [WVHDL 200-304] Encrypting RTL VHDL done.
INFO: [WVHDL 200-304] Encrypting RTL Verilog done.
INFO: [HLS 200-10] ----------------------------------------------------------------
INFO: [HLS 200-10] -- Generating RTL for module 'ZipperRemoval' 
INFO: [HLS 200-10] ----------------------------------------------------------------
INFO: [RTGEN 206-100] Finished creating RTL model for 'ZipperRemoval'.
INFO: [HLS 200-111]  Elapsed time: 0.33 seconds; current allocated memory: 343.720 MB.
INFO: [WVHDL 200-304] Encrypting RTL VHDL done.
INFO: [WVHDL 200-304] Encrypting RTL Verilog done.
INFO: [HLS 200-10] ----------------------------------------------------------------
INFO: [HLS 200-10] -- Generating RTL for module 'MultiPixStream2AXIvi' 
INFO: [HLS 200-10] ----------------------------------------------------------------
INFO: [RTGEN 206-100] Finished creating RTL model for 'MultiPixStream2AXIvi'.
INFO: [HLS 200-111]  Elapsed time: 0.92 seconds; current allocated memory: 344.727 MB.
INFO: [HLS 200-10] ----------------------------------------------------------------
INFO: [HLS 200-10] -- Generating RTL for module 'v_demosaic' 
INFO: [HLS 200-10] ----------------------------------------------------------------
INFO: [RTGEN 206-500] Setting interface mode on port 'v_demosaic/HwReg_width' to 's_axilite & ap_stable'.
INFO: [RTGEN 206-500] Setting interface mode on port 'v_demosaic/HwReg_height' to 's_axilite & ap_stable'.
INFO: [RTGEN 206-500] Setting interface mode on port 'v_demosaic/HwReg_bayer_phase' to 's_axilite & ap_none'.
INFO: [RTGEN 206-500] Setting interface mode on port 'v_demosaic/s_axis_video_V_data_V' to 'axis' (register, both mode).
INFO: [RTGEN 206-500] Setting interface mode on port 'v_demosaic/s_axis_video_V_keep_V' to 'axis' (register, both mode).
INFO: [RTGEN 206-500] Setting interface mode on port 'v_demosaic/s_axis_video_V_strb_V' to 'axis' (register, both mode).
INFO: [RTGEN 206-500] Setting interface mode on port 'v_demosaic/s_axis_video_V_user_V' to 'axis' (register, both mode).
INFO: [RTGEN 206-500] Setting interface mode on port 'v_demosaic/s_axis_video_V_last_V' to 'axis' (register, both mode).
INFO: [RTGEN 206-500] Setting interface mode on port 'v_demosaic/s_axis_video_V_id_V' to 'axis' (register, both mode).
INFO: [RTGEN 206-500] Setting interface mode on port 'v_demosaic/s_axis_video_V_dest_V' to 'axis' (register, both mode).
INFO: [RTGEN 206-500] Setting interface mode on port 'v_demosaic/m_axis_video_V_data_V' to 'axis' (register, both mode).
INFO: [RTGEN 206-500] Setting interface mode on port 'v_demosaic/m_axis_video_V_keep_V' to 'axis' (register, both mode).
INFO: [RTGEN 206-500] Setting interface mode on port 'v_demosaic/m_axis_video_V_strb_V' to 'axis' (register, both mode).
INFO: [RTGEN 206-500] Setting interface mode on port 'v_demosaic/m_axis_video_V_user_V' to 'axis' (register, both mode).
INFO: [RTGEN 206-500] Setting interface mode on port 'v_demosaic/m_axis_video_V_last_V' to 'axis' (register, both mode).
INFO: [RTGEN 206-500] Setting interface mode on port 'v_demosaic/m_axis_video_V_id_V' to 'axis' (register, both mode).
INFO: [RTGEN 206-500] Setting interface mode on port 'v_demosaic/m_axis_video_V_dest_V' to 'axis' (register, both mode).
INFO: [RTGEN 206-500] Setting interface mode on function 'v_demosaic' to 's_axilite & ap_ctrl_hs'.
INFO: [RTGEN 206-100] Bundling port 'HwReg_width', 'HwReg_height', 'HwReg_bayer_phase' and 'return' to AXI-Lite port CTRL.
WARNING: [RTGEN 206-101] RTL name 'fifo_w8_d2_A' is changed to 'fifo_w8_d2_A_x' due to conflict.
WARNING: [RTGEN 206-101] RTL name 'fifo_w16_d2_A' is changed to 'fifo_w16_d2_A_x' due to conflict.
INFO: [RTGEN 206-100] Finished creating RTL model for 'v_demosaic'.
INFO: [HLS 200-111]  Elapsed time: 0.52 seconds; current allocated memory: 346.583 MB.
INFO: [WVHDL 200-304] Encrypting RTL VHDL done.
INFO: [WVHDL 200-304] Encrypting RTL Verilog done.
INFO: [RTMG 210-279] Implementing memory 'video_crop_bd_v_demosaic_0_0_DebayerG_DIV1_TABLE_rom' using block ROMs.
INFO: [RTMG 210-279] Implementing memory 'video_crop_bd_v_demosaic_0_0_DebayerG_DIV2_TABLE_rom' using auto ROMs.
INFO: [RTMG 210-278] Implementing memory 'video_crop_bd_v_demosaic_0_0_DebayerG_linebuf_yuv_val_0_V_ram (RAM)' using block RAMs.
INFO: [RTMG 210-278] Implementing memory 'video_crop_bd_v_demosaic_0_0_DebayerRatBorBatR_lineBuffer_val_0_V_ram (RAM)' using block RAMs.
INFO: [RTMG 210-285] Implementing FIFO 'imgG_V_val_0_V_U(video_crop_bd_v_demosaic_0_0_fifo_w8_d2_A)' using Shift Registers.
INFO: [RTMG 210-285] Implementing FIFO 'imgG_V_val_1_V_U(video_crop_bd_v_demosaic_0_0_fifo_w8_d2_A)' using Shift Registers.
INFO: [RTMG 210-285] Implementing FIFO 'imgG_V_val_2_V_U(video_crop_bd_v_demosaic_0_0_fifo_w8_d2_A)' using Shift Registers.
INFO: [RTMG 210-285] Implementing FIFO 'imgG_V_val_3_V_U(video_crop_bd_v_demosaic_0_0_fifo_w8_d2_A)' using Shift Registers.
INFO: [RTMG 210-285] Implementing FIFO 'imgG_V_val_4_V_U(video_crop_bd_v_demosaic_0_0_fifo_w8_d2_A)' using Shift Registers.
INFO: [RTMG 210-285] Implementing FIFO 'imgG_V_val_5_V_U(video_crop_bd_v_demosaic_0_0_fifo_w8_d2_A)' using Shift Registers.
INFO: [RTMG 210-285] Implementing FIFO 'HwReg_bayer_phase_c_s_U(video_crop_bd_v_demosaic_0_0_fifo_w16_d2_A)' using Shift Registers.
INFO: [RTMG 210-285] Implementing FIFO 'imgRB_V_val_0_V_U(video_crop_bd_v_demosaic_0_0_fifo_w8_d2_A)' using Shift Registers.
INFO: [RTMG 210-285] Implementing FIFO 'imgRB_V_val_1_V_U(video_crop_bd_v_demosaic_0_0_fifo_w8_d2_A)' using Shift Registers.
INFO: [RTMG 210-285] Implementing FIFO 'imgRB_V_val_2_V_U(video_crop_bd_v_demosaic_0_0_fifo_w8_d2_A)' using Shift Registers.
INFO: [RTMG 210-285] Implementing FIFO 'imgRB_V_val_3_V_U(video_crop_bd_v_demosaic_0_0_fifo_w8_d2_A)' using Shift Registers.
INFO: [RTMG 210-285] Implementing FIFO 'imgRB_V_val_4_V_U(video_crop_bd_v_demosaic_0_0_fifo_w8_d2_A)' using Shift Registers.
INFO: [RTMG 210-285] Implementing FIFO 'imgRB_V_val_5_V_U(video_crop_bd_v_demosaic_0_0_fifo_w8_d2_A)' using Shift Registers.
INFO: [RTMG 210-285] Implementing FIFO 'HwReg_bayer_phase_c1_U(video_crop_bd_v_demosaic_0_0_fifo_w16_d2_A)' using Shift Registers.
INFO: [RTMG 210-285] Implementing FIFO 'imgBayer_V_val_0_V_U(video_crop_bd_v_demosaic_0_0_fifo_w8_d2_A_x)' using Shift Registers.
INFO: [RTMG 210-285] Implementing FIFO 'imgBayer_V_val_1_V_U(video_crop_bd_v_demosaic_0_0_fifo_w8_d2_A_x)' using Shift Registers.
INFO: [RTMG 210-285] Implementing FIFO 'HwReg_bayer_phase_c_U(video_crop_bd_v_demosaic_0_0_fifo_w16_d2_A_x)' using Shift Registers.
INFO: [RTMG 210-285] Implementing FIFO 'imgRgb_V_val_0_V_U(video_crop_bd_v_demosaic_0_0_fifo_w8_d2_A_x)' using Shift Registers.
INFO: [RTMG 210-285] Implementing FIFO 'imgRgb_V_val_1_V_U(video_crop_bd_v_demosaic_0_0_fifo_w8_d2_A_x)' using Shift Registers.
INFO: [RTMG 210-285] Implementing FIFO 'imgRgb_V_val_2_V_U(video_crop_bd_v_demosaic_0_0_fifo_w8_d2_A_x)' using Shift Registers.
INFO: [RTMG 210-285] Implementing FIFO 'imgRgb_V_val_3_V_U(video_crop_bd_v_demosaic_0_0_fifo_w8_d2_A_x)' using Shift Registers.
INFO: [RTMG 210-285] Implementing FIFO 'imgRgb_V_val_4_V_U(video_crop_bd_v_demosaic_0_0_fifo_w8_d2_A_x)' using Shift Registers.
INFO: [RTMG 210-285] Implementing FIFO 'imgRgb_V_val_5_V_U(video_crop_bd_v_demosaic_0_0_fifo_w8_d2_A_x)' using Shift Registers.
INFO: [RTMG 210-285] Implementing FIFO 'imgUnzip_V_val_0_V_U(video_crop_bd_v_demosaic_0_0_fifo_w8_d2_A_x)' using Shift Registers.
INFO: [RTMG 210-285] Implementing FIFO 'imgUnzip_V_val_1_V_U(video_crop_bd_v_demosaic_0_0_fifo_w8_d2_A_x)' using Shift Registers.
INFO: [RTMG 210-285] Implementing FIFO 'imgUnzip_V_val_2_V_U(video_crop_bd_v_demosaic_0_0_fifo_w8_d2_A_x)' using Shift Registers.
INFO: [RTMG 210-285] Implementing FIFO 'imgUnzip_V_val_3_V_U(video_crop_bd_v_demosaic_0_0_fifo_w8_d2_A_x)' using Shift Registers.
INFO: [RTMG 210-285] Implementing FIFO 'imgUnzip_V_val_4_V_U(video_crop_bd_v_demosaic_0_0_fifo_w8_d2_A_x)' using Shift Registers.
INFO: [RTMG 210-285] Implementing FIFO 'imgUnzip_V_val_5_V_U(video_crop_bd_v_demosaic_0_0_fifo_w8_d2_A_x)' using Shift Registers.
INFO: [RTMG 210-285] Implementing FIFO 'start_for_Debayer_U0_U(video_crop_bd_v_demosaic_0_0_start_for_Debayer_U0)' using Shift Registers.
INFO: [RTMG 210-285] Implementing FIFO 'start_for_ZipperRemoval_U0_U(video_crop_bd_v_demosaic_0_0_start_for_ZipperRemoval_U0)' using Shift Registers.
INFO: [RTMG 210-285] Implementing FIFO 'start_for_MultiPixStream2AXIvi_U0_U(video_crop_bd_v_demosaic_0_0_start_for_MultiPixStream2AXIvi_U0)' using Shift Registers.
INFO: [HLS 200-111] Finished generating all RTL models Time (s): cpu = 00:01:03 ; elapsed = 00:01:04 . Memory (MB): peak = 761.613 ; gain = 320.000 ; free physical = 2514 ; free virtual = 19269
INFO: [SYSC 207-301] Generating SystemC RTL for v_demosaic with prefix video_crop_bd_v_demosaic_0_0_.
INFO: [VHDL 208-304] Generating VHDL RTL for v_demosaic with prefix video_crop_bd_v_demosaic_0_0_.
INFO: [VLOG 209-307] Generating Verilog RTL for v_demosaic with prefix video_crop_bd_v_demosaic_0_0_.
INFO: [IMPL 213-8] Exporting RTL as a Vivado IP.

****** Vivado v2018.3 (64-bit)
  **** SW Build 2405991 on Thu Dec  6 23:36:41 MST 2018
  **** IP Build 2404404 on Fri Dec  7 01:43:56 MST 2018
    ** Copyright 1986-2018 Xilinx, Inc. All Rights Reserved.

source run_ippack.tcl -notrace
INFO: [IP_Flow 19-234] Refreshing IP repositories
INFO: [IP_Flow 19-1704] No user IP repositories specified
INFO: [IP_Flow 19-2313] Loaded Vivado IP repository '/opt/Xilinx/Vivado/2018.3/data/ip'.
INFO: [Common 17-206] Exiting Vivado at Wed Aug  4 14:10:31 2021...
INFO: [HLS 200-112] Total elapsed time: 73.12 seconds; peak allocated memory: 346.583 MB.
INFO: [Common 17-206] Exiting vivado_hls at Wed Aug  4 14:10:31 2021...
