

================================================================
== Vivado HLS Report for 'rgb2bayer'
================================================================
* Date:           Wed Aug  4 20:17:27 2021

* Version:        2018.3 (Build 2405991 on Thu Dec 06 23:56:15 MST 2018)
* Project:        rgb2bayer
* Solution:       solution1
* Product family: zynq
* Target device:  xc7z020clg484-1


================================================================
== Performance Estimates
================================================================
+ Timing (ns): 
    * Summary: 
    +--------+-------+----------+------------+
    |  Clock | Target| Estimated| Uncertainty|
    +--------+-------+----------+------------+
    |ap_clk  |  10.00|     3.466|        1.25|
    +--------+-------+----------+------------+

+ Latency (clock cycles): 
    * Summary: 
    +-----+-----+-----+-----+---------+
    |  Latency  |  Interval | Pipeline|
    | min | max | min | max |   Type  |
    +-----+-----+-----+-----+---------+
    |    ?|    ?|    ?|    ?|   none  |
    +-----+-----+-----+-----+---------+

    + Detail: 
        * Instance: 
        N/A

        * Loop: 
        +-------------+-----+-----+----------+-----------+-----------+------+----------+
        |             |  Latency  | Iteration|  Initiation Interval  | Trip |          |
        |  Loop Name  | min | max |  Latency |  achieved |   target  | Count| Pipelined|
        +-------------+-----+-----+----------+-----------+-----------+------+----------+
        |- Loop 1     |    ?|    ?|         ?|          -|          -|     ?|    no    |
        | + Loop 1.1  |    ?|    ?|         2|          -|          -|     ?|    no    |
        +-------------+-----+-----+----------+-----------+-----------+------+----------+



================================================================
== Utilization Estimates
================================================================
* Summary: 
+-----------------+---------+-------+--------+-------+
|       Name      | BRAM_18K| DSP48E|   FF   |  LUT  |
+-----------------+---------+-------+--------+-------+
|DSP              |        -|      -|       -|      -|
|Expression       |        -|      -|       0|    605|
|FIFO             |        -|      -|       -|      -|
|Instance         |        -|      -|       -|      -|
|Memory           |        -|      -|       -|      -|
|Multiplexer      |        -|      -|       -|    282|
|Register         |        -|      -|     419|      -|
+-----------------+---------+-------+--------+-------+
|Total            |        0|      0|     419|    887|
+-----------------+---------+-------+--------+-------+
|Available        |      280|    220|  106400|  53200|
+-----------------+---------+-------+--------+-------+
|Utilization (%)  |        0|      0|   ~0   |      1|
+-----------------+---------+-------+--------+-------+

+ Detail: 
    * Instance: 
    N/A

    * DSP48: 
    N/A

    * Memory: 
    N/A

    * FIFO: 
    N/A

    * Expression: 
    +----------------------------------------+----------+-------+---+----+------------+------------+
    |              Variable Name             | Operation| DSP48E| FF| LUT| Bitwidth P0| Bitwidth P1|
    +----------------------------------------+----------+-------+---+----+------------+------------+
    |hsize_in_op_op_fu_315_p2                |     +    |      0|  0|  39|           1|          32|
    |i_1_fu_588_p2                           |     +    |      0|  0|  39|           2|          32|
    |j_1_fu_252_p2                           |     +    |      0|  0|  38|          31|           1|
    |p_neg_t_fu_343_p2                       |     -    |      0|  0|  38|           1|          31|
    |ap_block_state3                         |    and   |      0|  0|   2|           1|           1|
    |ap_block_state3_io                      |    and   |      0|  0|   2|           1|           1|
    |m_axis_video_V_data_V_1_load_A          |    and   |      0|  0|   2|           1|           1|
    |m_axis_video_V_data_V_1_load_B          |    and   |      0|  0|   2|           1|           1|
    |m_axis_video_V_last_V_1_load_A          |    and   |      0|  0|   2|           1|           1|
    |m_axis_video_V_last_V_1_load_B          |    and   |      0|  0|   2|           1|           1|
    |m_axis_video_V_user_V_1_load_A          |    and   |      0|  0|   2|           1|           1|
    |m_axis_video_V_user_V_1_load_B          |    and   |      0|  0|   2|           1|           1|
    |s_axis_video_V_data_V_0_load_A          |    and   |      0|  0|   2|           1|           1|
    |s_axis_video_V_data_V_0_load_B          |    and   |      0|  0|   2|           1|           1|
    |s_axis_video_V_last_V_0_load_A          |    and   |      0|  0|   2|           1|           1|
    |s_axis_video_V_last_V_0_load_B          |    and   |      0|  0|   2|           1|           1|
    |s_axis_video_V_user_V_0_load_A          |    and   |      0|  0|   2|           1|           1|
    |s_axis_video_V_user_V_0_load_B          |    and   |      0|  0|   2|           1|           1|
    |sel_tmp10_fu_298_p2                     |    and   |      0|  0|   2|           1|           1|
    |sel_tmp11_fu_303_p2                     |    and   |      0|  0|   2|           1|           1|
    |sel_tmp1_fu_268_p2                      |    and   |      0|  0|   2|           1|           1|
    |sel_tmp2_fu_283_p2                      |    and   |      0|  0|   2|           1|           1|
    |sel_tmp5_fu_273_p2                      |    and   |      0|  0|   2|           1|           1|
    |sel_tmp6_fu_288_p2                      |    and   |      0|  0|   2|           1|           1|
    |sel_tmp8_fu_278_p2                      |    and   |      0|  0|   2|           1|           1|
    |sel_tmp9_fu_293_p2                      |    and   |      0|  0|   2|           1|           1|
    |m_axis_video_V_data_V_1_state_cmp_full  |   icmp   |      0|  0|   8|           2|           1|
    |m_axis_video_V_last_V_1_state_cmp_full  |   icmp   |      0|  0|   8|           2|           1|
    |m_axis_video_V_user_V_1_state_cmp_full  |   icmp   |      0|  0|   8|           2|           1|
    |s_axis_video_V_data_V_0_state_cmp_full  |   icmp   |      0|  0|   8|           2|           1|
    |s_axis_video_V_last_V_0_state_cmp_full  |   icmp   |      0|  0|   8|           2|           1|
    |s_axis_video_V_user_V_0_state_cmp_full  |   icmp   |      0|  0|   8|           2|           1|
    |sel_tmp3_fu_237_p2                      |   icmp   |      0|  0|   8|           2|           2|
    |sel_tmp4_fu_231_p2                      |   icmp   |      0|  0|   9|           2|           3|
    |sel_tmp7_fu_225_p2                      |   icmp   |      0|  0|   8|           2|           1|
    |sel_tmp_fu_219_p2                       |   icmp   |      0|  0|   8|           2|           1|
    |tmp_14_fu_383_p2                        |   icmp   |      0|  0|  18|          32|          32|
    |tmp_1_fu_247_p2                         |   icmp   |      0|  0|  18|          32|          32|
    |ap_block_state2                         |    or    |      0|  0|   2|           1|           1|
    |tmp_11_fu_359_p3                        |  select  |      0|  0|  31|           1|          31|
    |tmp_12_fu_367_p3                        |  select  |      0|  0|  31|           1|           1|
    |video_o_data_V_11_fu_573_p3             |  select  |      0|  0|  24|           1|          24|
    |video_o_data_V_4_fu_531_p3              |  select  |      0|  0|  24|           1|          24|
    |video_o_data_V_5_fu_538_p3              |  select  |      0|  0|  24|           1|          24|
    |video_o_data_V_6_fu_545_p3              |  select  |      0|  0|  24|           1|          24|
    |video_o_data_V_7_fu_552_p3              |  select  |      0|  0|  24|           1|          24|
    |video_o_data_V_8_fu_559_p3              |  select  |      0|  0|  24|           1|          24|
    |video_o_data_V_9_fu_566_p3              |  select  |      0|  0|  24|           1|          24|
    |video_o_data_V_fu_580_p3                |  select  |      0|  0|  24|           1|          24|
    |p_neg_fu_328_p2                         |    xor   |      0|  0|  32|          32|           2|
    |tmp_3_fu_262_p2                         |    xor   |      0|  0|   2|           1|           2|
    +----------------------------------------+----------+-------+---+----+------------+------------+
    |Total                                   |          |      0|  0| 605|         185|         424|
    +----------------------------------------+----------+-------+---+----+------------+------------+

    * Multiplexer: 
    +----------------------------------+----+-----------+-----+-----------+
    |               Name               | LUT| Input Size| Bits| Total Bits|
    +----------------------------------+----+-----------+-----+-----------+
    |ap_NS_fsm                         |  27|          5|    1|          5|
    |i_reg_208                         |   9|          2|   32|         64|
    |j_reg_197                         |   9|          2|   31|         62|
    |m_axis_video_TDATA_blk_n          |   9|          2|    1|          2|
    |m_axis_video_V_data_V_1_data_out  |   9|          2|   24|         48|
    |m_axis_video_V_data_V_1_state     |  15|          3|    2|          6|
    |m_axis_video_V_dest_V_1_state     |  15|          3|    2|          6|
    |m_axis_video_V_id_V_1_state       |  15|          3|    2|          6|
    |m_axis_video_V_keep_V_1_state     |  15|          3|    2|          6|
    |m_axis_video_V_last_V_1_data_out  |   9|          2|    1|          2|
    |m_axis_video_V_last_V_1_state     |  15|          3|    2|          6|
    |m_axis_video_V_strb_V_1_state     |  15|          3|    2|          6|
    |m_axis_video_V_user_V_1_data_out  |   9|          2|    1|          2|
    |m_axis_video_V_user_V_1_state     |  15|          3|    2|          6|
    |s_axis_video_TDATA_blk_n          |   9|          2|    1|          2|
    |s_axis_video_V_data_V_0_data_out  |   9|          2|   64|        128|
    |s_axis_video_V_data_V_0_state     |  15|          3|    2|          6|
    |s_axis_video_V_dest_V_0_state     |  15|          3|    2|          6|
    |s_axis_video_V_last_V_0_data_out  |   9|          2|    1|          2|
    |s_axis_video_V_last_V_0_state     |  15|          3|    2|          6|
    |s_axis_video_V_user_V_0_data_out  |   9|          2|    1|          2|
    |s_axis_video_V_user_V_0_state     |  15|          3|    2|          6|
    +----------------------------------+----+-----------+-----+-----------+
    |Total                             | 282|         58|  180|        385|
    +----------------------------------+----+-----------+-----+-----------+

    * Register: 
    +-----------------------------------+----+----+-----+-----------+
    |                Name               | FF | LUT| Bits| Const Bits|
    +-----------------------------------+----+----+-----+-----------+
    |ap_CS_fsm                          |   4|   0|    4|          0|
    |i_1_reg_712                        |  32|   0|   32|          0|
    |i_reg_208                          |  32|   0|   32|          0|
    |j_1_reg_644                        |  31|   0|   31|          0|
    |j_reg_197                          |  31|   0|   31|          0|
    |m_axis_video_V_data_V_1_payload_A  |  24|   0|   24|          0|
    |m_axis_video_V_data_V_1_payload_B  |  24|   0|   24|          0|
    |m_axis_video_V_data_V_1_sel_rd     |   1|   0|    1|          0|
    |m_axis_video_V_data_V_1_sel_wr     |   1|   0|    1|          0|
    |m_axis_video_V_data_V_1_state      |   2|   0|    2|          0|
    |m_axis_video_V_dest_V_1_sel_rd     |   1|   0|    1|          0|
    |m_axis_video_V_dest_V_1_state      |   2|   0|    2|          0|
    |m_axis_video_V_id_V_1_sel_rd       |   1|   0|    1|          0|
    |m_axis_video_V_id_V_1_state        |   2|   0|    2|          0|
    |m_axis_video_V_keep_V_1_sel_rd     |   1|   0|    1|          0|
    |m_axis_video_V_keep_V_1_state      |   2|   0|    2|          0|
    |m_axis_video_V_last_V_1_payload_A  |   1|   0|    1|          0|
    |m_axis_video_V_last_V_1_payload_B  |   1|   0|    1|          0|
    |m_axis_video_V_last_V_1_sel_rd     |   1|   0|    1|          0|
    |m_axis_video_V_last_V_1_sel_wr     |   1|   0|    1|          0|
    |m_axis_video_V_last_V_1_state      |   2|   0|    2|          0|
    |m_axis_video_V_strb_V_1_sel_rd     |   1|   0|    1|          0|
    |m_axis_video_V_strb_V_1_state      |   2|   0|    2|          0|
    |m_axis_video_V_user_V_1_payload_A  |   1|   0|    1|          0|
    |m_axis_video_V_user_V_1_payload_B  |   1|   0|    1|          0|
    |m_axis_video_V_user_V_1_sel_rd     |   1|   0|    1|          0|
    |m_axis_video_V_user_V_1_sel_wr     |   1|   0|    1|          0|
    |m_axis_video_V_user_V_1_state      |   2|   0|    2|          0|
    |p_Val2_s_fu_128                    |  24|   0|   24|          0|
    |s_axis_video_V_data_V_0_payload_A  |  64|   0|   64|          0|
    |s_axis_video_V_data_V_0_payload_B  |  64|   0|   64|          0|
    |s_axis_video_V_data_V_0_sel_rd     |   1|   0|    1|          0|
    |s_axis_video_V_data_V_0_sel_wr     |   1|   0|    1|          0|
    |s_axis_video_V_data_V_0_state      |   2|   0|    2|          0|
    |s_axis_video_V_dest_V_0_state      |   2|   0|    2|          0|
    |s_axis_video_V_last_V_0_payload_A  |   1|   0|    1|          0|
    |s_axis_video_V_last_V_0_payload_B  |   1|   0|    1|          0|
    |s_axis_video_V_last_V_0_sel_rd     |   1|   0|    1|          0|
    |s_axis_video_V_last_V_0_sel_wr     |   1|   0|    1|          0|
    |s_axis_video_V_last_V_0_state      |   2|   0|    2|          0|
    |s_axis_video_V_user_V_0_payload_A  |   1|   0|    1|          0|
    |s_axis_video_V_user_V_0_payload_B  |   1|   0|    1|          0|
    |s_axis_video_V_user_V_0_sel_rd     |   1|   0|    1|          0|
    |s_axis_video_V_user_V_0_sel_wr     |   1|   0|    1|          0|
    |s_axis_video_V_user_V_0_state      |   2|   0|    2|          0|
    |sel_tmp10_reg_679                  |   1|   0|    1|          0|
    |sel_tmp11_reg_684                  |   1|   0|    1|          0|
    |sel_tmp1_reg_649                   |   1|   0|    1|          0|
    |sel_tmp2_reg_664                   |   1|   0|    1|          0|
    |sel_tmp3_reg_635                   |   1|   0|    1|          0|
    |sel_tmp4_reg_629                   |   1|   0|    1|          0|
    |sel_tmp5_reg_654                   |   1|   0|    1|          0|
    |sel_tmp6_reg_669                   |   1|   0|    1|          0|
    |sel_tmp7_reg_623                   |   1|   0|    1|          0|
    |sel_tmp8_reg_659                   |   1|   0|    1|          0|
    |sel_tmp9_reg_674                   |   1|   0|    1|          0|
    |sel_tmp_reg_617                    |   1|   0|    1|          0|
    |tmp_13_reg_689                     |  31|   0|   32|          1|
    +-----------------------------------+----+----+-----+-----------+
    |Total                              | 419|   0|  420|          1|
    +-----------------------------------+----+----+-----+-----------+



================================================================
== Interface
================================================================
* Summary: 
+---------------------+-----+-----+--------------+-----------------------+--------------+
|      RTL Ports      | Dir | Bits|   Protocol   |     Source Object     |    C Type    |
+---------------------+-----+-----+--------------+-----------------------+--------------+
|ap_clk               |  in |    1| ap_ctrl_none |       rgb2bayer       | return value |
|ap_rst_n             |  in |    1| ap_ctrl_none |       rgb2bayer       | return value |
|s_axis_video_TDATA   |  in |   64|     axis     | s_axis_video_V_data_V |    pointer   |
|s_axis_video_TVALID  |  in |    1|     axis     | s_axis_video_V_dest_V |    pointer   |
|s_axis_video_TREADY  | out |    1|     axis     | s_axis_video_V_dest_V |    pointer   |
|s_axis_video_TDEST   |  in |    1|     axis     | s_axis_video_V_dest_V |    pointer   |
|s_axis_video_TKEEP   |  in |    8|     axis     | s_axis_video_V_keep_V |    pointer   |
|s_axis_video_TSTRB   |  in |    8|     axis     | s_axis_video_V_strb_V |    pointer   |
|s_axis_video_TUSER   |  in |    1|     axis     | s_axis_video_V_user_V |    pointer   |
|s_axis_video_TLAST   |  in |    1|     axis     | s_axis_video_V_last_V |    pointer   |
|s_axis_video_TID     |  in |    1|     axis     |  s_axis_video_V_id_V  |    pointer   |
|m_axis_video_TDATA   | out |   24|     axis     | m_axis_video_V_data_V |    pointer   |
|m_axis_video_TREADY  |  in |    1|     axis     | m_axis_video_V_data_V |    pointer   |
|m_axis_video_TVALID  | out |    1|     axis     | m_axis_video_V_dest_V |    pointer   |
|m_axis_video_TDEST   | out |    1|     axis     | m_axis_video_V_dest_V |    pointer   |
|m_axis_video_TKEEP   | out |    3|     axis     | m_axis_video_V_keep_V |    pointer   |
|m_axis_video_TSTRB   | out |    3|     axis     | m_axis_video_V_strb_V |    pointer   |
|m_axis_video_TUSER   | out |    1|     axis     | m_axis_video_V_user_V |    pointer   |
|m_axis_video_TLAST   | out |    1|     axis     | m_axis_video_V_last_V |    pointer   |
|m_axis_video_TID     | out |    1|     axis     |  m_axis_video_V_id_V  |    pointer   |
|hsize_in             |  in |   32|    ap_none   |        hsize_in       |    scalar    |
|vsize_in             |  in |   32|    ap_none   |        vsize_in       |    scalar    |
|pattern_V            |  in |    2|    ap_none   |       pattern_V       |    scalar    |
+---------------------+-----+-----+--------------+-----------------------+--------------+

