
*** Running vivado
    with args -log video_crop_bd_axi_vip_0_0.vds -m64 -product Vivado -mode batch -messageDb vivado.pb -notrace -source video_crop_bd_axi_vip_0_0.tcl


****** Vivado v2018.3 (64-bit)
  **** SW Build 2405991 on Thu Dec  6 23:36:41 MST 2018
  **** IP Build 2404404 on Fri Dec  7 01:43:56 MST 2018
    ** Copyright 1986-2018 Xilinx, Inc. All Rights Reserved.

source video_crop_bd_axi_vip_0_0.tcl -notrace
INFO: [IP_Flow 19-234] Refreshing IP repositories
INFO: [IP_Flow 19-1700] Loaded user IP repository '/home/andreas/workdir/figkey/HLS/repo/loop_repo/vivado/rgb2raw_sim/src/ip_repo'.
INFO: [IP_Flow 19-2313] Loaded Vivado IP repository '/opt/Xilinx/Vivado/2018.3/data/ip'.
Command: synth_design -top video_crop_bd_axi_vip_0_0 -part xc7z020clg484-1 -mode out_of_context
Starting synth_design
Attempting to get a license for feature 'Synthesis' and/or device 'xc7z020'
INFO: [Common 17-349] Got license for feature 'Synthesis' and/or device 'xc7z020'
INFO: Launching helper process for spawning children vivado processes
INFO: Helper process launched with PID 8554 
---------------------------------------------------------------------------------
Starting RTL Elaboration : Time (s): cpu = 00:00:01 ; elapsed = 00:00:01 . Memory (MB): peak = 1467.789 ; gain = 80.723 ; free physical = 2295 ; free virtual = 21456
---------------------------------------------------------------------------------
INFO: [Synth 8-6157] synthesizing module 'video_crop_bd_axi_vip_0_0' [/home/andreas/workdir/figkey/HLS/repo/loop_repo/vivado/rgb2raw_sim/proj_1/proj_1.srcs/sources_1/bd/video_crop_bd/ip/video_crop_bd_axi_vip_0_0/synth/video_crop_bd_axi_vip_0_0.sv:58]
INFO: [Synth 8-6157] synthesizing module 'axi_vip_v1_1_4_top' [/home/andreas/workdir/figkey/HLS/repo/loop_repo/vivado/rgb2raw_sim/proj_1/proj_1.srcs/sources_1/bd/video_crop_bd/ipshared/98af/hdl/axi_vip_v1_1_vlsyn_rfs.sv:61]
	Parameter C_AXI_PROTOCOL bound to: 2 - type: integer 
	Parameter C_AXI_INTERFACE_MODE bound to: 0 - type: integer 
	Parameter C_AXI_ADDR_WIDTH bound to: 12 - type: integer 
	Parameter C_AXI_WDATA_WIDTH bound to: 32 - type: integer 
	Parameter C_AXI_RDATA_WIDTH bound to: 32 - type: integer 
	Parameter C_AXI_WID_WIDTH bound to: 0 - type: integer 
	Parameter C_AXI_RID_WIDTH bound to: 0 - type: integer 
	Parameter C_AXI_AWUSER_WIDTH bound to: 0 - type: integer 
	Parameter C_AXI_ARUSER_WIDTH bound to: 0 - type: integer 
	Parameter C_AXI_WUSER_WIDTH bound to: 0 - type: integer 
	Parameter C_AXI_RUSER_WIDTH bound to: 0 - type: integer 
	Parameter C_AXI_BUSER_WIDTH bound to: 0 - type: integer 
	Parameter C_AXI_SUPPORTS_NARROW bound to: 0 - type: integer 
	Parameter C_AXI_HAS_BURST bound to: 0 - type: integer 
	Parameter C_AXI_HAS_LOCK bound to: 0 - type: integer 
	Parameter C_AXI_HAS_CACHE bound to: 0 - type: integer 
	Parameter C_AXI_HAS_REGION bound to: 0 - type: integer 
	Parameter C_AXI_HAS_PROT bound to: 1 - type: integer 
	Parameter C_AXI_HAS_QOS bound to: 0 - type: integer 
	Parameter C_AXI_HAS_WSTRB bound to: 1 - type: integer 
	Parameter C_AXI_HAS_BRESP bound to: 1 - type: integer 
	Parameter C_AXI_HAS_RRESP bound to: 1 - type: integer 
	Parameter C_AXI_HAS_ARESETN bound to: 1 - type: integer 
INFO: [Synth 8-6155] done synthesizing module 'axi_vip_v1_1_4_top' (1#1) [/home/andreas/workdir/figkey/HLS/repo/loop_repo/vivado/rgb2raw_sim/proj_1/proj_1.srcs/sources_1/bd/video_crop_bd/ipshared/98af/hdl/axi_vip_v1_1_vlsyn_rfs.sv:61]
INFO: [Synth 8-6155] done synthesizing module 'video_crop_bd_axi_vip_0_0' (2#1) [/home/andreas/workdir/figkey/HLS/repo/loop_repo/vivado/rgb2raw_sim/proj_1/proj_1.srcs/sources_1/bd/video_crop_bd/ip/video_crop_bd_axi_vip_0_0/synth/video_crop_bd_axi_vip_0_0.sv:58]
WARNING: [Synth 8-3331] design axi_vip_v1_1_4_top has unconnected port aclk
WARNING: [Synth 8-3331] design axi_vip_v1_1_4_top has unconnected port aclken
WARNING: [Synth 8-3331] design axi_vip_v1_1_4_top has unconnected port aresetn
WARNING: [Synth 8-3331] design axi_vip_v1_1_4_top has unconnected port s_axi_awid[0]
WARNING: [Synth 8-3331] design axi_vip_v1_1_4_top has unconnected port s_axi_awaddr[11]
WARNING: [Synth 8-3331] design axi_vip_v1_1_4_top has unconnected port s_axi_awaddr[10]
WARNING: [Synth 8-3331] design axi_vip_v1_1_4_top has unconnected port s_axi_awaddr[9]
WARNING: [Synth 8-3331] design axi_vip_v1_1_4_top has unconnected port s_axi_awaddr[8]
WARNING: [Synth 8-3331] design axi_vip_v1_1_4_top has unconnected port s_axi_awaddr[7]
WARNING: [Synth 8-3331] design axi_vip_v1_1_4_top has unconnected port s_axi_awaddr[6]
WARNING: [Synth 8-3331] design axi_vip_v1_1_4_top has unconnected port s_axi_awaddr[5]
WARNING: [Synth 8-3331] design axi_vip_v1_1_4_top has unconnected port s_axi_awaddr[4]
WARNING: [Synth 8-3331] design axi_vip_v1_1_4_top has unconnected port s_axi_awaddr[3]
WARNING: [Synth 8-3331] design axi_vip_v1_1_4_top has unconnected port s_axi_awaddr[2]
WARNING: [Synth 8-3331] design axi_vip_v1_1_4_top has unconnected port s_axi_awaddr[1]
WARNING: [Synth 8-3331] design axi_vip_v1_1_4_top has unconnected port s_axi_awaddr[0]
WARNING: [Synth 8-3331] design axi_vip_v1_1_4_top has unconnected port s_axi_awlen[7]
WARNING: [Synth 8-3331] design axi_vip_v1_1_4_top has unconnected port s_axi_awlen[6]
WARNING: [Synth 8-3331] design axi_vip_v1_1_4_top has unconnected port s_axi_awlen[5]
WARNING: [Synth 8-3331] design axi_vip_v1_1_4_top has unconnected port s_axi_awlen[4]
WARNING: [Synth 8-3331] design axi_vip_v1_1_4_top has unconnected port s_axi_awlen[3]
WARNING: [Synth 8-3331] design axi_vip_v1_1_4_top has unconnected port s_axi_awlen[2]
WARNING: [Synth 8-3331] design axi_vip_v1_1_4_top has unconnected port s_axi_awlen[1]
WARNING: [Synth 8-3331] design axi_vip_v1_1_4_top has unconnected port s_axi_awlen[0]
WARNING: [Synth 8-3331] design axi_vip_v1_1_4_top has unconnected port s_axi_awsize[2]
WARNING: [Synth 8-3331] design axi_vip_v1_1_4_top has unconnected port s_axi_awsize[1]
WARNING: [Synth 8-3331] design axi_vip_v1_1_4_top has unconnected port s_axi_awsize[0]
WARNING: [Synth 8-3331] design axi_vip_v1_1_4_top has unconnected port s_axi_awburst[1]
WARNING: [Synth 8-3331] design axi_vip_v1_1_4_top has unconnected port s_axi_awburst[0]
WARNING: [Synth 8-3331] design axi_vip_v1_1_4_top has unconnected port s_axi_awlock[0]
WARNING: [Synth 8-3331] design axi_vip_v1_1_4_top has unconnected port s_axi_awcache[3]
WARNING: [Synth 8-3331] design axi_vip_v1_1_4_top has unconnected port s_axi_awcache[2]
WARNING: [Synth 8-3331] design axi_vip_v1_1_4_top has unconnected port s_axi_awcache[1]
WARNING: [Synth 8-3331] design axi_vip_v1_1_4_top has unconnected port s_axi_awcache[0]
WARNING: [Synth 8-3331] design axi_vip_v1_1_4_top has unconnected port s_axi_awprot[2]
WARNING: [Synth 8-3331] design axi_vip_v1_1_4_top has unconnected port s_axi_awprot[1]
WARNING: [Synth 8-3331] design axi_vip_v1_1_4_top has unconnected port s_axi_awprot[0]
WARNING: [Synth 8-3331] design axi_vip_v1_1_4_top has unconnected port s_axi_awregion[3]
WARNING: [Synth 8-3331] design axi_vip_v1_1_4_top has unconnected port s_axi_awregion[2]
WARNING: [Synth 8-3331] design axi_vip_v1_1_4_top has unconnected port s_axi_awregion[1]
WARNING: [Synth 8-3331] design axi_vip_v1_1_4_top has unconnected port s_axi_awregion[0]
WARNING: [Synth 8-3331] design axi_vip_v1_1_4_top has unconnected port s_axi_awqos[3]
WARNING: [Synth 8-3331] design axi_vip_v1_1_4_top has unconnected port s_axi_awqos[2]
WARNING: [Synth 8-3331] design axi_vip_v1_1_4_top has unconnected port s_axi_awqos[1]
WARNING: [Synth 8-3331] design axi_vip_v1_1_4_top has unconnected port s_axi_awqos[0]
WARNING: [Synth 8-3331] design axi_vip_v1_1_4_top has unconnected port s_axi_awuser[0]
WARNING: [Synth 8-3331] design axi_vip_v1_1_4_top has unconnected port s_axi_awvalid
WARNING: [Synth 8-3331] design axi_vip_v1_1_4_top has unconnected port s_axi_wid[0]
WARNING: [Synth 8-3331] design axi_vip_v1_1_4_top has unconnected port s_axi_wdata[31]
WARNING: [Synth 8-3331] design axi_vip_v1_1_4_top has unconnected port s_axi_wdata[30]
WARNING: [Synth 8-3331] design axi_vip_v1_1_4_top has unconnected port s_axi_wdata[29]
WARNING: [Synth 8-3331] design axi_vip_v1_1_4_top has unconnected port s_axi_wdata[28]
WARNING: [Synth 8-3331] design axi_vip_v1_1_4_top has unconnected port s_axi_wdata[27]
WARNING: [Synth 8-3331] design axi_vip_v1_1_4_top has unconnected port s_axi_wdata[26]
WARNING: [Synth 8-3331] design axi_vip_v1_1_4_top has unconnected port s_axi_wdata[25]
WARNING: [Synth 8-3331] design axi_vip_v1_1_4_top has unconnected port s_axi_wdata[24]
WARNING: [Synth 8-3331] design axi_vip_v1_1_4_top has unconnected port s_axi_wdata[23]
WARNING: [Synth 8-3331] design axi_vip_v1_1_4_top has unconnected port s_axi_wdata[22]
WARNING: [Synth 8-3331] design axi_vip_v1_1_4_top has unconnected port s_axi_wdata[21]
WARNING: [Synth 8-3331] design axi_vip_v1_1_4_top has unconnected port s_axi_wdata[20]
WARNING: [Synth 8-3331] design axi_vip_v1_1_4_top has unconnected port s_axi_wdata[19]
WARNING: [Synth 8-3331] design axi_vip_v1_1_4_top has unconnected port s_axi_wdata[18]
WARNING: [Synth 8-3331] design axi_vip_v1_1_4_top has unconnected port s_axi_wdata[17]
WARNING: [Synth 8-3331] design axi_vip_v1_1_4_top has unconnected port s_axi_wdata[16]
WARNING: [Synth 8-3331] design axi_vip_v1_1_4_top has unconnected port s_axi_wdata[15]
WARNING: [Synth 8-3331] design axi_vip_v1_1_4_top has unconnected port s_axi_wdata[14]
WARNING: [Synth 8-3331] design axi_vip_v1_1_4_top has unconnected port s_axi_wdata[13]
WARNING: [Synth 8-3331] design axi_vip_v1_1_4_top has unconnected port s_axi_wdata[12]
WARNING: [Synth 8-3331] design axi_vip_v1_1_4_top has unconnected port s_axi_wdata[11]
WARNING: [Synth 8-3331] design axi_vip_v1_1_4_top has unconnected port s_axi_wdata[10]
WARNING: [Synth 8-3331] design axi_vip_v1_1_4_top has unconnected port s_axi_wdata[9]
WARNING: [Synth 8-3331] design axi_vip_v1_1_4_top has unconnected port s_axi_wdata[8]
WARNING: [Synth 8-3331] design axi_vip_v1_1_4_top has unconnected port s_axi_wdata[7]
WARNING: [Synth 8-3331] design axi_vip_v1_1_4_top has unconnected port s_axi_wdata[6]
WARNING: [Synth 8-3331] design axi_vip_v1_1_4_top has unconnected port s_axi_wdata[5]
WARNING: [Synth 8-3331] design axi_vip_v1_1_4_top has unconnected port s_axi_wdata[4]
WARNING: [Synth 8-3331] design axi_vip_v1_1_4_top has unconnected port s_axi_wdata[3]
WARNING: [Synth 8-3331] design axi_vip_v1_1_4_top has unconnected port s_axi_wdata[2]
WARNING: [Synth 8-3331] design axi_vip_v1_1_4_top has unconnected port s_axi_wdata[1]
WARNING: [Synth 8-3331] design axi_vip_v1_1_4_top has unconnected port s_axi_wdata[0]
WARNING: [Synth 8-3331] design axi_vip_v1_1_4_top has unconnected port s_axi_wstrb[3]
WARNING: [Synth 8-3331] design axi_vip_v1_1_4_top has unconnected port s_axi_wstrb[2]
WARNING: [Synth 8-3331] design axi_vip_v1_1_4_top has unconnected port s_axi_wstrb[1]
WARNING: [Synth 8-3331] design axi_vip_v1_1_4_top has unconnected port s_axi_wstrb[0]
WARNING: [Synth 8-3331] design axi_vip_v1_1_4_top has unconnected port s_axi_wlast
WARNING: [Synth 8-3331] design axi_vip_v1_1_4_top has unconnected port s_axi_wuser[0]
WARNING: [Synth 8-3331] design axi_vip_v1_1_4_top has unconnected port s_axi_wvalid
WARNING: [Synth 8-3331] design axi_vip_v1_1_4_top has unconnected port s_axi_bready
WARNING: [Synth 8-3331] design axi_vip_v1_1_4_top has unconnected port s_axi_arid[0]
WARNING: [Synth 8-3331] design axi_vip_v1_1_4_top has unconnected port s_axi_araddr[11]
WARNING: [Synth 8-3331] design axi_vip_v1_1_4_top has unconnected port s_axi_araddr[10]
WARNING: [Synth 8-3331] design axi_vip_v1_1_4_top has unconnected port s_axi_araddr[9]
WARNING: [Synth 8-3331] design axi_vip_v1_1_4_top has unconnected port s_axi_araddr[8]
WARNING: [Synth 8-3331] design axi_vip_v1_1_4_top has unconnected port s_axi_araddr[7]
WARNING: [Synth 8-3331] design axi_vip_v1_1_4_top has unconnected port s_axi_araddr[6]
WARNING: [Synth 8-3331] design axi_vip_v1_1_4_top has unconnected port s_axi_araddr[5]
WARNING: [Synth 8-3331] design axi_vip_v1_1_4_top has unconnected port s_axi_araddr[4]
WARNING: [Synth 8-3331] design axi_vip_v1_1_4_top has unconnected port s_axi_araddr[3]
WARNING: [Synth 8-3331] design axi_vip_v1_1_4_top has unconnected port s_axi_araddr[2]
WARNING: [Synth 8-3331] design axi_vip_v1_1_4_top has unconnected port s_axi_araddr[1]
INFO: [Common 17-14] Message 'Synth 8-3331' appears 100 times and further instances of the messages will be disabled. Use the Tcl command set_msg_config to change the current settings.
---------------------------------------------------------------------------------
Finished RTL Elaboration : Time (s): cpu = 00:00:02 ; elapsed = 00:00:02 . Memory (MB): peak = 1513.539 ; gain = 126.473 ; free physical = 2244 ; free virtual = 21405
---------------------------------------------------------------------------------

Report Check Netlist: 
+------+------------------+-------+---------+-------+------------------+
|      |Item              |Errors |Warnings |Status |Description       |
+------+------------------+-------+---------+-------+------------------+
|1     |multi_driven_nets |      0|        0|Passed |Multi driven nets |
+------+------------------+-------+---------+-------+------------------+
---------------------------------------------------------------------------------
Start Handling Custom Attributes
---------------------------------------------------------------------------------
---------------------------------------------------------------------------------
Finished Handling Custom Attributes : Time (s): cpu = 00:00:02 ; elapsed = 00:00:02 . Memory (MB): peak = 1513.539 ; gain = 126.473 ; free physical = 2293 ; free virtual = 21455
---------------------------------------------------------------------------------
---------------------------------------------------------------------------------
Finished RTL Optimization Phase 1 : Time (s): cpu = 00:00:02 ; elapsed = 00:00:02 . Memory (MB): peak = 1513.539 ; gain = 126.473 ; free physical = 2293 ; free virtual = 21455
---------------------------------------------------------------------------------
INFO: [Device 21-403] Loading part xc7z020clg484-1
INFO: [Project 1-570] Preparing netlist for logic optimization

Processing XDC Constraints
Initializing timing engine
WARNING: [Designutils 20-1758] instance inst wraps a black box. Constraint reading is skipped for elaborated designs in this case. Skipping constraint file '/home/andreas/workdir/figkey/HLS/repo/loop_repo/vivado/rgb2raw_sim/proj_1/proj_1.srcs/sources_1/bd/video_crop_bd/ip/video_crop_bd_axi_vip_0_0/video_crop_bd_axi_vip_0_0_ooc.xdc'.
Parsing XDC File [/home/andreas/workdir/figkey/HLS/repo/loop_repo/vivado/rgb2raw_sim/proj_1/proj_1.runs/video_crop_bd_axi_vip_0_0_synth_1/dont_touch.xdc]
Finished Parsing XDC File [/home/andreas/workdir/figkey/HLS/repo/loop_repo/vivado/rgb2raw_sim/proj_1/proj_1.runs/video_crop_bd_axi_vip_0_0_synth_1/dont_touch.xdc]
Completed Processing XDC Constraints

Netlist sorting complete. Time (s): cpu = 00:00:00 ; elapsed = 00:00:00 . Memory (MB): peak = 1798.633 ; gain = 0.000 ; free physical = 1737 ; free virtual = 20899
INFO: [Project 1-111] Unisim Transformation Summary:
No Unisim elements were transformed.

Netlist sorting complete. Time (s): cpu = 00:00:00 ; elapsed = 00:00:00 . Memory (MB): peak = 1798.633 ; gain = 0.000 ; free physical = 1737 ; free virtual = 20899
Constraint Validation Runtime : Time (s): cpu = 00:00:00.02 ; elapsed = 00:00:00.01 . Memory (MB): peak = 1798.633 ; gain = 0.000 ; free physical = 1737 ; free virtual = 20899
---------------------------------------------------------------------------------
Finished Constraint Validation : Time (s): cpu = 00:00:05 ; elapsed = 00:00:06 . Memory (MB): peak = 1798.633 ; gain = 411.566 ; free physical = 1653 ; free virtual = 20818
---------------------------------------------------------------------------------
---------------------------------------------------------------------------------
Start Loading Part and Timing Information
---------------------------------------------------------------------------------
Loading part: xc7z020clg484-1
---------------------------------------------------------------------------------
Finished Loading Part and Timing Information : Time (s): cpu = 00:00:05 ; elapsed = 00:00:06 . Memory (MB): peak = 1798.633 ; gain = 411.566 ; free physical = 1653 ; free virtual = 20818
---------------------------------------------------------------------------------
---------------------------------------------------------------------------------
Start Applying 'set_property' XDC Constraints
---------------------------------------------------------------------------------
Applied set_property DONT_TOUCH = true for inst. (constraint file  /home/andreas/workdir/figkey/HLS/repo/loop_repo/vivado/rgb2raw_sim/proj_1/proj_1.runs/video_crop_bd_axi_vip_0_0_synth_1/dont_touch.xdc, line 9).
---------------------------------------------------------------------------------
Finished applying 'set_property' XDC Constraints : Time (s): cpu = 00:00:05 ; elapsed = 00:00:06 . Memory (MB): peak = 1798.633 ; gain = 411.566 ; free physical = 1653 ; free virtual = 20818
---------------------------------------------------------------------------------
---------------------------------------------------------------------------------
Finished RTL Optimization Phase 2 : Time (s): cpu = 00:00:05 ; elapsed = 00:00:06 . Memory (MB): peak = 1798.633 ; gain = 411.566 ; free physical = 1648 ; free virtual = 20814
---------------------------------------------------------------------------------

Report RTL Partitions: 
+-+--------------+------------+----------+
| |RTL Partition |Replication |Instances |
+-+--------------+------------+----------+
+-+--------------+------------+----------+
---------------------------------------------------------------------------------
Start RTL Component Statistics 
---------------------------------------------------------------------------------
Detailed RTL Component Info : 
---------------------------------------------------------------------------------
Finished RTL Component Statistics 
---------------------------------------------------------------------------------
---------------------------------------------------------------------------------
Start RTL Hierarchical Component Statistics 
---------------------------------------------------------------------------------
Hierarchical RTL Component report 
---------------------------------------------------------------------------------
Finished RTL Hierarchical Component Statistics
---------------------------------------------------------------------------------
---------------------------------------------------------------------------------
Start Part Resource Summary
---------------------------------------------------------------------------------
Part Resources:
DSPs: 220 (col length:60)
BRAMs: 280 (col length: RAMB18 60 RAMB36 30)
---------------------------------------------------------------------------------
Finished Part Resource Summary
---------------------------------------------------------------------------------
---------------------------------------------------------------------------------
Start Cross Boundary and Area Optimization
---------------------------------------------------------------------------------
Warning: Parallel synthesis criteria is not met 
---------------------------------------------------------------------------------
Finished Cross Boundary and Area Optimization : Time (s): cpu = 00:00:06 ; elapsed = 00:00:07 . Memory (MB): peak = 1798.633 ; gain = 411.566 ; free physical = 1616 ; free virtual = 20782
---------------------------------------------------------------------------------

Report RTL Partitions: 
+-+--------------+------------+----------+
| |RTL Partition |Replication |Instances |
+-+--------------+------------+----------+
+-+--------------+------------+----------+
---------------------------------------------------------------------------------
Start Applying XDC Timing Constraints
---------------------------------------------------------------------------------
---------------------------------------------------------------------------------
Finished Applying XDC Timing Constraints : Time (s): cpu = 00:00:10 ; elapsed = 00:00:11 . Memory (MB): peak = 1814.617 ; gain = 427.551 ; free physical = 968 ; free virtual = 20137
---------------------------------------------------------------------------------
---------------------------------------------------------------------------------
Start Timing Optimization
---------------------------------------------------------------------------------
---------------------------------------------------------------------------------
Finished Timing Optimization : Time (s): cpu = 00:00:10 ; elapsed = 00:00:11 . Memory (MB): peak = 1814.617 ; gain = 427.551 ; free physical = 966 ; free virtual = 20135
---------------------------------------------------------------------------------

Report RTL Partitions: 
+-+--------------+------------+----------+
| |RTL Partition |Replication |Instances |
+-+--------------+------------+----------+
+-+--------------+------------+----------+
---------------------------------------------------------------------------------
Start Technology Mapping
---------------------------------------------------------------------------------
---------------------------------------------------------------------------------
Finished Technology Mapping : Time (s): cpu = 00:00:10 ; elapsed = 00:00:11 . Memory (MB): peak = 1824.633 ; gain = 437.566 ; free physical = 963 ; free virtual = 20131
---------------------------------------------------------------------------------

Report RTL Partitions: 
+-+--------------+------------+----------+
| |RTL Partition |Replication |Instances |
+-+--------------+------------+----------+
+-+--------------+------------+----------+
---------------------------------------------------------------------------------
Start IO Insertion
---------------------------------------------------------------------------------
---------------------------------------------------------------------------------
Start Flattening Before IO Insertion
---------------------------------------------------------------------------------
---------------------------------------------------------------------------------
Finished Flattening Before IO Insertion
---------------------------------------------------------------------------------
---------------------------------------------------------------------------------
Start Final Netlist Cleanup
---------------------------------------------------------------------------------
---------------------------------------------------------------------------------
Finished Final Netlist Cleanup
---------------------------------------------------------------------------------
---------------------------------------------------------------------------------
Finished IO Insertion : Time (s): cpu = 00:00:10 ; elapsed = 00:00:11 . Memory (MB): peak = 1824.633 ; gain = 437.566 ; free physical = 911 ; free virtual = 20079
---------------------------------------------------------------------------------

Report Check Netlist: 
+------+------------------+-------+---------+-------+------------------+
|      |Item              |Errors |Warnings |Status |Description       |
+------+------------------+-------+---------+-------+------------------+
|1     |multi_driven_nets |      0|        0|Passed |Multi driven nets |
+------+------------------+-------+---------+-------+------------------+
---------------------------------------------------------------------------------
Start Renaming Generated Instances
---------------------------------------------------------------------------------
---------------------------------------------------------------------------------
Finished Renaming Generated Instances : Time (s): cpu = 00:00:10 ; elapsed = 00:00:11 . Memory (MB): peak = 1824.633 ; gain = 437.566 ; free physical = 910 ; free virtual = 20079
---------------------------------------------------------------------------------

Report RTL Partitions: 
+-+--------------+------------+----------+
| |RTL Partition |Replication |Instances |
+-+--------------+------------+----------+
+-+--------------+------------+----------+
---------------------------------------------------------------------------------
Start Rebuilding User Hierarchy
---------------------------------------------------------------------------------
---------------------------------------------------------------------------------
Finished Rebuilding User Hierarchy : Time (s): cpu = 00:00:10 ; elapsed = 00:00:11 . Memory (MB): peak = 1824.633 ; gain = 437.566 ; free physical = 910 ; free virtual = 20079
---------------------------------------------------------------------------------
---------------------------------------------------------------------------------
Start Renaming Generated Ports
---------------------------------------------------------------------------------
---------------------------------------------------------------------------------
Finished Renaming Generated Ports : Time (s): cpu = 00:00:10 ; elapsed = 00:00:11 . Memory (MB): peak = 1824.633 ; gain = 437.566 ; free physical = 910 ; free virtual = 20079
---------------------------------------------------------------------------------
---------------------------------------------------------------------------------
Start Handling Custom Attributes
---------------------------------------------------------------------------------
---------------------------------------------------------------------------------
Finished Handling Custom Attributes : Time (s): cpu = 00:00:10 ; elapsed = 00:00:11 . Memory (MB): peak = 1824.633 ; gain = 437.566 ; free physical = 910 ; free virtual = 20080
---------------------------------------------------------------------------------
---------------------------------------------------------------------------------
Start Renaming Generated Nets
---------------------------------------------------------------------------------
---------------------------------------------------------------------------------
Finished Renaming Generated Nets : Time (s): cpu = 00:00:10 ; elapsed = 00:00:11 . Memory (MB): peak = 1824.633 ; gain = 437.566 ; free physical = 910 ; free virtual = 20080
---------------------------------------------------------------------------------
---------------------------------------------------------------------------------
Start Writing Synthesis Report
---------------------------------------------------------------------------------

Report BlackBoxes: 
+-+--------------+----------+
| |BlackBox name |Instances |
+-+--------------+----------+
+-+--------------+----------+

Report Cell Usage: 
+-+-----+------+
| |Cell |Count |
+-+-----+------+
+-+-----+------+

Report Instance Areas: 
+------+---------+-------------------+------+
|      |Instance |Module             |Cells |
+------+---------+-------------------+------+
|1     |top      |                   |     0|
|2     |  inst   |axi_vip_v1_1_4_top |     0|
+------+---------+-------------------+------+
---------------------------------------------------------------------------------
Finished Writing Synthesis Report : Time (s): cpu = 00:00:10 ; elapsed = 00:00:11 . Memory (MB): peak = 1824.633 ; gain = 437.566 ; free physical = 910 ; free virtual = 20080
---------------------------------------------------------------------------------
Synthesis finished with 0 errors, 0 critical warnings and 179 warnings.
Synthesis Optimization Runtime : Time (s): cpu = 00:00:08 ; elapsed = 00:00:08 . Memory (MB): peak = 1824.633 ; gain = 152.473 ; free physical = 1263 ; free virtual = 20433
Synthesis Optimization Complete : Time (s): cpu = 00:00:10 ; elapsed = 00:00:11 . Memory (MB): peak = 1824.641 ; gain = 437.566 ; free physical = 1263 ; free virtual = 20433
INFO: [Project 1-571] Translating synthesized netlist
INFO: [Project 1-570] Preparing netlist for logic optimization
INFO: [Opt 31-138] Pushed 0 inverter(s) to 0 load pin(s).
Netlist sorting complete. Time (s): cpu = 00:00:00 ; elapsed = 00:00:00 . Memory (MB): peak = 1830.633 ; gain = 0.000 ; free physical = 1164 ; free virtual = 20334
INFO: [Project 1-111] Unisim Transformation Summary:
No Unisim elements were transformed.

INFO: [Common 17-83] Releasing license: Synthesis
17 Infos, 101 Warnings, 0 Critical Warnings and 0 Errors encountered.
synth_design completed successfully
synth_design: Time (s): cpu = 00:00:11 ; elapsed = 00:00:12 . Memory (MB): peak = 1834.633 ; gain = 447.844 ; free physical = 1181 ; free virtual = 20352
Netlist sorting complete. Time (s): cpu = 00:00:00 ; elapsed = 00:00:00 . Memory (MB): peak = 1834.633 ; gain = 0.000 ; free physical = 1181 ; free virtual = 20352
WARNING: [Constraints 18-5210] No constraints selected for write.
Resolution: This message can indicate that there are no constraints for the design, or it can indicate that the used_in flags are set such that the constraints are ignored. This later case is used when running synth_design to not write synthesis constraints to the resulting checkpoint. Instead, project constraints are read when the synthesized design is opened.
INFO: [Common 17-1381] The checkpoint '/home/andreas/workdir/figkey/HLS/repo/loop_repo/vivado/rgb2raw_sim/proj_1/proj_1.runs/video_crop_bd_axi_vip_0_0_synth_1/video_crop_bd_axi_vip_0_0.dcp' has been generated.
INFO: [Coretcl 2-1648] Added synthesis output to IP cache for IP video_crop_bd_axi_vip_0_0, cache-ID = 33c5f6fd2a8f2e4d
Netlist sorting complete. Time (s): cpu = 00:00:00 ; elapsed = 00:00:00 . Memory (MB): peak = 1834.633 ; gain = 0.000 ; free physical = 1182 ; free virtual = 20354
WARNING: [Constraints 18-5210] No constraints selected for write.
Resolution: This message can indicate that there are no constraints for the design, or it can indicate that the used_in flags are set such that the constraints are ignored. This later case is used when running synth_design to not write synthesis constraints to the resulting checkpoint. Instead, project constraints are read when the synthesized design is opened.
INFO: [Common 17-1381] The checkpoint '/home/andreas/workdir/figkey/HLS/repo/loop_repo/vivado/rgb2raw_sim/proj_1/proj_1.runs/video_crop_bd_axi_vip_0_0_synth_1/video_crop_bd_axi_vip_0_0.dcp' has been generated.
INFO: [runtcl-4] Executing : report_utilization -file video_crop_bd_axi_vip_0_0_utilization_synth.rpt -pb video_crop_bd_axi_vip_0_0_utilization_synth.pb
INFO: [Common 17-206] Exiting Vivado at Wed Aug  4 12:55:03 2021...
