

================================================================
== Vivado HLS Report for 'rgb2bayer'
================================================================
* Date:           Wed Aug  4 13:52:41 2021

* Version:        2018.3 (Build 2405991 on Thu Dec 06 23:56:15 MST 2018)
* Project:        rgb2bayer
* Solution:       solution1
* Product family: zynq
* Target device:  xc7z020clg484-1


================================================================
== Performance Estimates
================================================================
+ Timing (ns): 
    * Summary: 
    +--------+-------+----------+------------+
    |  Clock | Target| Estimated| Uncertainty|
    +--------+-------+----------+------------+
    |ap_clk  |  10.00|     3.466|        1.25|
    +--------+-------+----------+------------+

+ Latency (clock cycles): 
    * Summary: 
    +-----+-----+-----+-----+---------+
    |  Latency  |  Interval | Pipeline|
    | min | max | min | max |   Type  |
    +-----+-----+-----+-----+---------+
    |    ?|    ?|    ?|    ?|   none  |
    +-----+-----+-----+-----+---------+

    + Detail: 
        * Instance: 
        N/A

        * Loop: 
        +-------------+-----+-----+----------+-----------+-----------+------+----------+
        |             |  Latency  | Iteration|  Initiation Interval  | Trip |          |
        |  Loop Name  | min | max |  Latency |  achieved |   target  | Count| Pipelined|
        +-------------+-----+-----+----------+-----------+-----------+------+----------+
        |- Loop 1     |    ?|    ?|         ?|          -|          -|     ?|    no    |
        | + Loop 1.1  |    ?|    ?|         2|          -|          -|     ?|    no    |
        +-------------+-----+-----+----------+-----------+-----------+------+----------+



================================================================
== Utilization Estimates
================================================================
* Summary: 
+-----------------+---------+-------+--------+-------+
|       Name      | BRAM_18K| DSP48E|   FF   |  LUT  |
+-----------------+---------+-------+--------+-------+
|DSP              |        -|      -|       -|      -|
|Expression       |        -|      -|       0|    541|
|FIFO             |        -|      -|       -|      -|
|Instance         |        -|      -|       -|      -|
|Memory           |        -|      -|       -|      -|
|Multiplexer      |        -|      -|       -|    282|
|Register         |        -|      -|     363|      -|
+-----------------+---------+-------+--------+-------+
|Total            |        0|      0|     363|    823|
+-----------------+---------+-------+--------+-------+
|Available        |      280|    220|  106400|  53200|
+-----------------+---------+-------+--------+-------+
|Utilization (%)  |        0|      0|   ~0   |      1|
+-----------------+---------+-------+--------+-------+

+ Detail: 
    * Instance: 
    N/A

    * DSP48: 
    N/A

    * Memory: 
    N/A

    * FIFO: 
    N/A

    * Expression: 
    +----------------------------------------+----------+-------+---+----+------------+------------+
    |              Variable Name             | Operation| DSP48E| FF| LUT| Bitwidth P0| Bitwidth P1|
    +----------------------------------------+----------+-------+---+----+------------+------------+
    |hsize_in_op_op_fu_311_p2                |     +    |      0|  0|  39|           1|          32|
    |i_1_fu_536_p2                           |     +    |      0|  0|  39|           2|          32|
    |j_1_fu_248_p2                           |     +    |      0|  0|  38|          31|           1|
    |p_neg_t_fu_339_p2                       |     -    |      0|  0|  38|           1|          31|
    |ap_block_state3                         |    and   |      0|  0|   2|           1|           1|
    |ap_block_state3_io                      |    and   |      0|  0|   2|           1|           1|
    |m_axis_video_V_data_V_1_load_A          |    and   |      0|  0|   2|           1|           1|
    |m_axis_video_V_data_V_1_load_B          |    and   |      0|  0|   2|           1|           1|
    |m_axis_video_V_last_V_1_load_A          |    and   |      0|  0|   2|           1|           1|
    |m_axis_video_V_last_V_1_load_B          |    and   |      0|  0|   2|           1|           1|
    |m_axis_video_V_user_V_1_load_A          |    and   |      0|  0|   2|           1|           1|
    |m_axis_video_V_user_V_1_load_B          |    and   |      0|  0|   2|           1|           1|
    |s_axis_video_V_data_V_0_load_A          |    and   |      0|  0|   2|           1|           1|
    |s_axis_video_V_data_V_0_load_B          |    and   |      0|  0|   2|           1|           1|
    |s_axis_video_V_last_V_0_load_A          |    and   |      0|  0|   2|           1|           1|
    |s_axis_video_V_last_V_0_load_B          |    and   |      0|  0|   2|           1|           1|
    |s_axis_video_V_user_V_0_load_A          |    and   |      0|  0|   2|           1|           1|
    |s_axis_video_V_user_V_0_load_B          |    and   |      0|  0|   2|           1|           1|
    |sel_tmp10_fu_294_p2                     |    and   |      0|  0|   2|           1|           1|
    |sel_tmp11_fu_299_p2                     |    and   |      0|  0|   2|           1|           1|
    |sel_tmp1_fu_264_p2                      |    and   |      0|  0|   2|           1|           1|
    |sel_tmp2_fu_279_p2                      |    and   |      0|  0|   2|           1|           1|
    |sel_tmp5_fu_269_p2                      |    and   |      0|  0|   2|           1|           1|
    |sel_tmp6_fu_284_p2                      |    and   |      0|  0|   2|           1|           1|
    |sel_tmp8_fu_274_p2                      |    and   |      0|  0|   2|           1|           1|
    |sel_tmp9_fu_289_p2                      |    and   |      0|  0|   2|           1|           1|
    |m_axis_video_V_data_V_1_state_cmp_full  |   icmp   |      0|  0|   8|           2|           1|
    |m_axis_video_V_last_V_1_state_cmp_full  |   icmp   |      0|  0|   8|           2|           1|
    |m_axis_video_V_user_V_1_state_cmp_full  |   icmp   |      0|  0|   8|           2|           1|
    |s_axis_video_V_data_V_0_state_cmp_full  |   icmp   |      0|  0|   8|           2|           1|
    |s_axis_video_V_last_V_0_state_cmp_full  |   icmp   |      0|  0|   8|           2|           1|
    |s_axis_video_V_user_V_0_state_cmp_full  |   icmp   |      0|  0|   8|           2|           1|
    |sel_tmp3_fu_233_p2                      |   icmp   |      0|  0|   8|           2|           2|
    |sel_tmp4_fu_227_p2                      |   icmp   |      0|  0|   9|           2|           3|
    |sel_tmp7_fu_221_p2                      |   icmp   |      0|  0|   8|           2|           1|
    |sel_tmp_fu_215_p2                       |   icmp   |      0|  0|   8|           2|           1|
    |tmp_10_fu_379_p2                        |   icmp   |      0|  0|  18|          32|          32|
    |tmp_1_fu_243_p2                         |   icmp   |      0|  0|  18|          32|          32|
    |ap_block_state2                         |    or    |      0|  0|   2|           1|           1|
    |tmp_7_fu_355_p3                         |  select  |      0|  0|  31|           1|          31|
    |tmp_8_fu_363_p3                         |  select  |      0|  0|  31|           1|           1|
    |video_o_data_V_11_fu_521_p3             |  select  |      0|  0|  16|           1|          16|
    |video_o_data_V_4_fu_479_p3              |  select  |      0|  0|  16|           1|          16|
    |video_o_data_V_5_fu_486_p3              |  select  |      0|  0|  16|           1|          16|
    |video_o_data_V_6_fu_493_p3              |  select  |      0|  0|  16|           1|          16|
    |video_o_data_V_7_fu_500_p3              |  select  |      0|  0|  16|           1|          16|
    |video_o_data_V_8_fu_507_p3              |  select  |      0|  0|  16|           1|          16|
    |video_o_data_V_9_fu_514_p3              |  select  |      0|  0|  16|           1|          16|
    |video_o_data_V_fu_528_p3                |  select  |      0|  0|  16|           1|          16|
    |p_neg_fu_324_p2                         |    xor   |      0|  0|  32|          32|           2|
    |tmp_3_fu_258_p2                         |    xor   |      0|  0|   2|           1|           2|
    +----------------------------------------+----------+-------+---+----+------------+------------+
    |Total                                   |          |      0|  0| 541|         185|         360|
    +----------------------------------------+----------+-------+---+----+------------+------------+

    * Multiplexer: 
    +----------------------------------+----+-----------+-----+-----------+
    |               Name               | LUT| Input Size| Bits| Total Bits|
    +----------------------------------+----+-----------+-----+-----------+
    |ap_NS_fsm                         |  27|          5|    1|          5|
    |i_reg_204                         |   9|          2|   32|         64|
    |j_reg_193                         |   9|          2|   31|         62|
    |m_axis_video_TDATA_blk_n          |   9|          2|    1|          2|
    |m_axis_video_V_data_V_1_data_out  |   9|          2|   16|         32|
    |m_axis_video_V_data_V_1_state     |  15|          3|    2|          6|
    |m_axis_video_V_dest_V_1_state     |  15|          3|    2|          6|
    |m_axis_video_V_id_V_1_state       |  15|          3|    2|          6|
    |m_axis_video_V_keep_V_1_state     |  15|          3|    2|          6|
    |m_axis_video_V_last_V_1_data_out  |   9|          2|    1|          2|
    |m_axis_video_V_last_V_1_state     |  15|          3|    2|          6|
    |m_axis_video_V_strb_V_1_state     |  15|          3|    2|          6|
    |m_axis_video_V_user_V_1_data_out  |   9|          2|    1|          2|
    |m_axis_video_V_user_V_1_state     |  15|          3|    2|          6|
    |s_axis_video_TDATA_blk_n          |   9|          2|    1|          2|
    |s_axis_video_V_data_V_0_data_out  |   9|          2|   48|         96|
    |s_axis_video_V_data_V_0_state     |  15|          3|    2|          6|
    |s_axis_video_V_dest_V_0_state     |  15|          3|    2|          6|
    |s_axis_video_V_last_V_0_data_out  |   9|          2|    1|          2|
    |s_axis_video_V_last_V_0_state     |  15|          3|    2|          6|
    |s_axis_video_V_user_V_0_data_out  |   9|          2|    1|          2|
    |s_axis_video_V_user_V_0_state     |  15|          3|    2|          6|
    +----------------------------------+----+-----------+-----+-----------+
    |Total                             | 282|         58|  156|        337|
    +----------------------------------+----+-----------+-----+-----------+

    * Register: 
    +-----------------------------------+----+----+-----+-----------+
    |                Name               | FF | LUT| Bits| Const Bits|
    +-----------------------------------+----+----+-----+-----------+
    |ap_CS_fsm                          |   4|   0|    4|          0|
    |i_1_reg_660                        |  32|   0|   32|          0|
    |i_reg_204                          |  32|   0|   32|          0|
    |j_1_reg_592                        |  31|   0|   31|          0|
    |j_reg_193                          |  31|   0|   31|          0|
    |m_axis_video_V_data_V_1_payload_A  |  16|   0|   16|          0|
    |m_axis_video_V_data_V_1_payload_B  |  16|   0|   16|          0|
    |m_axis_video_V_data_V_1_sel_rd     |   1|   0|    1|          0|
    |m_axis_video_V_data_V_1_sel_wr     |   1|   0|    1|          0|
    |m_axis_video_V_data_V_1_state      |   2|   0|    2|          0|
    |m_axis_video_V_dest_V_1_sel_rd     |   1|   0|    1|          0|
    |m_axis_video_V_dest_V_1_state      |   2|   0|    2|          0|
    |m_axis_video_V_id_V_1_sel_rd       |   1|   0|    1|          0|
    |m_axis_video_V_id_V_1_state        |   2|   0|    2|          0|
    |m_axis_video_V_keep_V_1_sel_rd     |   1|   0|    1|          0|
    |m_axis_video_V_keep_V_1_state      |   2|   0|    2|          0|
    |m_axis_video_V_last_V_1_payload_A  |   1|   0|    1|          0|
    |m_axis_video_V_last_V_1_payload_B  |   1|   0|    1|          0|
    |m_axis_video_V_last_V_1_sel_rd     |   1|   0|    1|          0|
    |m_axis_video_V_last_V_1_sel_wr     |   1|   0|    1|          0|
    |m_axis_video_V_last_V_1_state      |   2|   0|    2|          0|
    |m_axis_video_V_strb_V_1_sel_rd     |   1|   0|    1|          0|
    |m_axis_video_V_strb_V_1_state      |   2|   0|    2|          0|
    |m_axis_video_V_user_V_1_payload_A  |   1|   0|    1|          0|
    |m_axis_video_V_user_V_1_payload_B  |   1|   0|    1|          0|
    |m_axis_video_V_user_V_1_sel_rd     |   1|   0|    1|          0|
    |m_axis_video_V_user_V_1_sel_wr     |   1|   0|    1|          0|
    |m_axis_video_V_user_V_1_state      |   2|   0|    2|          0|
    |p_Val2_s_fu_124                    |  16|   0|   16|          0|
    |s_axis_video_V_data_V_0_payload_A  |  48|   0|   48|          0|
    |s_axis_video_V_data_V_0_payload_B  |  48|   0|   48|          0|
    |s_axis_video_V_data_V_0_sel_rd     |   1|   0|    1|          0|
    |s_axis_video_V_data_V_0_sel_wr     |   1|   0|    1|          0|
    |s_axis_video_V_data_V_0_state      |   2|   0|    2|          0|
    |s_axis_video_V_dest_V_0_state      |   2|   0|    2|          0|
    |s_axis_video_V_last_V_0_payload_A  |   1|   0|    1|          0|
    |s_axis_video_V_last_V_0_payload_B  |   1|   0|    1|          0|
    |s_axis_video_V_last_V_0_sel_rd     |   1|   0|    1|          0|
    |s_axis_video_V_last_V_0_sel_wr     |   1|   0|    1|          0|
    |s_axis_video_V_last_V_0_state      |   2|   0|    2|          0|
    |s_axis_video_V_user_V_0_payload_A  |   1|   0|    1|          0|
    |s_axis_video_V_user_V_0_payload_B  |   1|   0|    1|          0|
    |s_axis_video_V_user_V_0_sel_rd     |   1|   0|    1|          0|
    |s_axis_video_V_user_V_0_sel_wr     |   1|   0|    1|          0|
    |s_axis_video_V_user_V_0_state      |   2|   0|    2|          0|
    |sel_tmp10_reg_627                  |   1|   0|    1|          0|
    |sel_tmp11_reg_632                  |   1|   0|    1|          0|
    |sel_tmp1_reg_597                   |   1|   0|    1|          0|
    |sel_tmp2_reg_612                   |   1|   0|    1|          0|
    |sel_tmp3_reg_583                   |   1|   0|    1|          0|
    |sel_tmp4_reg_577                   |   1|   0|    1|          0|
    |sel_tmp5_reg_602                   |   1|   0|    1|          0|
    |sel_tmp6_reg_617                   |   1|   0|    1|          0|
    |sel_tmp7_reg_571                   |   1|   0|    1|          0|
    |sel_tmp8_reg_607                   |   1|   0|    1|          0|
    |sel_tmp9_reg_622                   |   1|   0|    1|          0|
    |sel_tmp_reg_565                    |   1|   0|    1|          0|
    |tmp_9_reg_637                      |  31|   0|   32|          1|
    +-----------------------------------+----+----+-----+-----------+
    |Total                              | 363|   0|  364|          1|
    +-----------------------------------+----+----+-----+-----------+



================================================================
== Interface
================================================================
* Summary: 
+---------------------+-----+-----+--------------+-----------------------+--------------+
|      RTL Ports      | Dir | Bits|   Protocol   |     Source Object     |    C Type    |
+---------------------+-----+-----+--------------+-----------------------+--------------+
|ap_clk               |  in |    1| ap_ctrl_none |       rgb2bayer       | return value |
|ap_rst_n             |  in |    1| ap_ctrl_none |       rgb2bayer       | return value |
|s_axis_video_TDATA   |  in |   48|     axis     | s_axis_video_V_data_V |    pointer   |
|s_axis_video_TVALID  |  in |    1|     axis     | s_axis_video_V_dest_V |    pointer   |
|s_axis_video_TREADY  | out |    1|     axis     | s_axis_video_V_dest_V |    pointer   |
|s_axis_video_TDEST   |  in |    1|     axis     | s_axis_video_V_dest_V |    pointer   |
|s_axis_video_TKEEP   |  in |    6|     axis     | s_axis_video_V_keep_V |    pointer   |
|s_axis_video_TSTRB   |  in |    6|     axis     | s_axis_video_V_strb_V |    pointer   |
|s_axis_video_TUSER   |  in |    1|     axis     | s_axis_video_V_user_V |    pointer   |
|s_axis_video_TLAST   |  in |    1|     axis     | s_axis_video_V_last_V |    pointer   |
|s_axis_video_TID     |  in |    1|     axis     |  s_axis_video_V_id_V  |    pointer   |
|m_axis_video_TDATA   | out |   16|     axis     | m_axis_video_V_data_V |    pointer   |
|m_axis_video_TREADY  |  in |    1|     axis     | m_axis_video_V_data_V |    pointer   |
|m_axis_video_TVALID  | out |    1|     axis     | m_axis_video_V_dest_V |    pointer   |
|m_axis_video_TDEST   | out |    1|     axis     | m_axis_video_V_dest_V |    pointer   |
|m_axis_video_TKEEP   | out |    2|     axis     | m_axis_video_V_keep_V |    pointer   |
|m_axis_video_TSTRB   | out |    2|     axis     | m_axis_video_V_strb_V |    pointer   |
|m_axis_video_TUSER   | out |    1|     axis     | m_axis_video_V_user_V |    pointer   |
|m_axis_video_TLAST   | out |    1|     axis     | m_axis_video_V_last_V |    pointer   |
|m_axis_video_TID     | out |    1|     axis     |  m_axis_video_V_id_V  |    pointer   |
|hsize_in             |  in |   32|    ap_none   |        hsize_in       |    scalar    |
|vsize_in             |  in |   32|    ap_none   |        vsize_in       |    scalar    |
|pattern_V            |  in |    2|    ap_none   |       pattern_V       |    scalar    |
+---------------------+-----+-----+--------------+-----------------------+--------------+

