INFO-FLOW: Workspace /home/andreas/workdir/figkey/HLS/repo/loop_repo/hls/rgb2bayer/rgb2bayer/solution1 opened at Wed Aug 04 12:46:24 CST 2021
Execute     config_clock -quiet -name default -period 10 -default=false 
INFO: [SYN 201-201] Setting up clock 'default' with a period of 10ns.
Execute     open_platform DefaultPlatform 
Execute     import_lib /opt/Xilinx/Vivado/2018.3/common/technology/xilinx/zynq/zynq 
Execute       source /opt/Xilinx/Vivado/2018.3/common/technology/xilinx/common/xilinx.lib 
Execute         source /opt/Xilinx/Vivado/2018.3/common/technology/xilinx/interface/xilinx_interface.lib 
Execute           source /opt/Xilinx/Vivado/2018.3/common/technology/xilinx/interface/plb46.lib 
Execute           source /opt/Xilinx/Vivado/2018.3/common/technology/xilinx/interface/fsl.lib 
Execute           source /opt/Xilinx/Vivado/2018.3/common/technology/xilinx/interface/axi4.lib 
Execute           source /opt/Xilinx/Vivado/2018.3/common/technology/xilinx/interface/maxi.lib 
Execute           source /opt/Xilinx/Vivado/2018.3/common/technology/xilinx/interface/saxilite.lib 
Execute         source /opt/Xilinx/Vivado/2018.3/common/technology/xilinx/common/dsp48.lib 
Execute         source /opt/Xilinx/Vivado/2018.3/common/technology/xilinx/ip/dds_compiler.lib 
Execute         source /opt/Xilinx/Vivado/2018.3/common/technology/xilinx/ip/xfft.lib 
Execute         source /opt/Xilinx/Vivado/2018.3/common/technology/xilinx/ip/xfir.lib 
Execute       source /opt/Xilinx/Vivado/2018.3/common/technology/xilinx/common/xilinx_old.lib 
Execute       source /opt/Xilinx/Vivado/2018.3/common/technology/xilinx/common/xilinx_vivado.lib 
Execute       source /opt/Xilinx/Vivado/2018.3/common/technology/xilinx/common/xilinx.hlp 
Execute         source /opt/Xilinx/Vivado/2018.3/common/technology/xilinx/common/target_info.tcl 
Execute         source /opt/Xilinx/Vivado/2018.3/common/technology/xilinx/interface/xilinx_interface.hlp 
Execute           source /opt/Xilinx/Vivado/2018.3/common/technology/xilinx/interface/maxi.hlp 
Execute           source /opt/Xilinx/Vivado/2018.3/common/technology/xilinx/interface/saxilite.hlp 
Execute         source /opt/Xilinx/Vivado/2018.3/common/technology/xilinx/common/dsp48.hlp 
Execute       source /opt/Xilinx/Vivado/2018.3/common/technology/xilinx/zynq/dsp48e1.hlp 
Execute       get_default_platform 
Execute       config_chip_info -quiet -resource  {SLICE 13300}  {LUT 53200}     {FF 106400} {DSP48E 220}   {BRAM 280}  
Execute       config_chip_info -quiet -speed medium 
Execute       source /opt/Xilinx/Vivado/2018.3/common/technology/xilinx/common/xilinx.hlp 
Execute         source /opt/Xilinx/Vivado/2018.3/common/technology/xilinx/common/target_info.tcl 
Execute         source /opt/Xilinx/Vivado/2018.3/common/technology/xilinx/interface/xilinx_interface.hlp 
Execute           source /opt/Xilinx/Vivado/2018.3/common/technology/xilinx/interface/maxi.hlp 
Execute           source /opt/Xilinx/Vivado/2018.3/common/technology/xilinx/interface/saxilite.hlp 
Execute         source /opt/Xilinx/Vivado/2018.3/common/technology/xilinx/common/dsp48.hlp 
Execute     source /opt/Xilinx/Vivado/2018.3/common/technology/xilinx/zynq/zynq.gen 
Execute       source /opt/Xilinx/Vivado/2018.3/common/technology/xilinx/common/virtex.gen 
Execute         source /opt/Xilinx/Vivado/2018.3/common/technology/xilinx/common/xilinx.gen 
Execute           source /opt/Xilinx/Vivado/2018.3/common/technology/xilinx/interface/plb46.gen 
Execute           source /opt/Xilinx/Vivado/2018.3/common/technology/xilinx/interface/fsl.gen 
Execute           source /opt/Xilinx/Vivado/2018.3/common/technology/xilinx/interface/axi4.gen 
Execute           source /opt/Xilinx/Vivado/2018.3/common/technology/xilinx/interface/nativeAXI4.gen 
Execute             source /opt/Xilinx/Vivado/2018.3/common/technology/xilinx/interface/saxilite.gen 
Execute             source /opt/Xilinx/Vivado/2018.3/common/technology/xilinx/interface/maxi.gen 
Execute           source /opt/Xilinx/Vivado/2018.3/common/technology/xilinx/scripts/xilinxcoregen.gen 
Execute           source /opt/Xilinx/Vivado/2018.3/common/technology/xilinx/interface/XilEDKCoreGen.gen 
Execute           source /opt/Xilinx/Vivado/2018.3/common/technology/xilinx/ip/dds_compiler.gen 
Execute           source /opt/Xilinx/Vivado/2018.3/common/technology/xilinx/ip/util.gen 
Execute           source /opt/Xilinx/Vivado/2018.3/common/technology/xilinx/ip/xfft.gen 
Execute           source /opt/Xilinx/Vivado/2018.3/common/technology/xilinx/ip/xfir.gen 
Execute         source /opt/Xilinx/Vivado/2018.3/common/technology/xilinx/common/dsp48.gen 
Execute     open_platform DefaultPlatform 
Execute     import_lib /opt/Xilinx/Vivado/2018.3/common/technology/xilinx/zynq/zynq_fpv6 
Execute       source /opt/Xilinx/Vivado/2018.3/common/technology/xilinx/common/xilinx_fpv7.lib 
Execute         source /opt/Xilinx/Vivado/2018.3/common/technology/xilinx/common/xilinx_hp.lib 
Execute       source /opt/Xilinx/Vivado/2018.3/common/technology/xilinx/common/xilinx_fpv.hlp 
Execute         source /opt/Xilinx/Vivado/2018.3/common/technology/xilinx/common/xilinx.hlp 
Execute           source /opt/Xilinx/Vivado/2018.3/common/technology/xilinx/common/target_info.tcl 
Execute           source /opt/Xilinx/Vivado/2018.3/common/technology/xilinx/interface/xilinx_interface.hlp 
Execute             source /opt/Xilinx/Vivado/2018.3/common/technology/xilinx/interface/maxi.hlp 
Execute             source /opt/Xilinx/Vivado/2018.3/common/technology/xilinx/interface/saxilite.hlp 
Execute           source /opt/Xilinx/Vivado/2018.3/common/technology/xilinx/common/dsp48.hlp 
Execute       source /opt/Xilinx/Vivado/2018.3/common/technology/xilinx/zynq/zynq_hp.hlp 
Execute     source /opt/Xilinx/Vivado/2018.3/common/technology/xilinx/zynq/zynq_fpv6.gen 
Execute       source /opt/Xilinx/Vivado/2018.3/common/technology/xilinx/common/xilinx_fpv6.gen 
Execute     set_part xc7z020clg484-1 
Execute       add_library xilinx/zynq/zynq:xc7z020:clg484:-1 
Execute         get_default_platform 
Execute         license_isbetapart xc7z020 
Command         license_isbetapart done; error code: 1; 
Execute         get_default_platform 
Execute         config_chip_info -quiet -resource  {SLICE 13300}  {LUT 53200}     {FF 106400} {DSP48E 220}   {BRAM 280}  
Execute         config_chip_info -quiet -speed slow 
Execute       add_library xilinx/zynq/zynq_fpv6 
Execute         get_default_platform 
INFO: [HLS 200-10] Setting target device to 'xc7z020clg484-1'
Execute       get_default_platform 
Execute     get_default_platform 
Execute     config_chip_info -quiet -resource  {SLICE 13300}  {LUT 53200}     {FF 106400} {DSP48E 220}   {BRAM 280}  
Execute     config_chip_info -quiet -speed slow 
Execute     config_export -format=ip_catalog 
Execute     config_export -rtl=verilog 
Command   open_solution done; 0.12 sec.
Execute   set_part xc7z020clg484-1 -tool vivado 
Execute     add_library xilinx/zynq/zynq:xc7z020:clg484:-1 
Execute       get_default_platform 
Execute       license_isbetapart xc7z020 
Command       license_isbetapart done; error code: 1; 
Execute       get_default_platform 
Execute       config_chip_info -quiet -resource  {SLICE 13300}  {LUT 53200}     {FF 106400} {DSP48E 220}   {BRAM 280}  
Execute       config_chip_info -quiet -speed slow 
Execute     add_library xilinx/zynq/zynq_fpv6 
Execute       get_default_platform 
Execute     get_default_platform 
Execute   create_clock -period 10 -name default 
Execute     config_clock -quiet -name default -period 10 -default=false 
INFO: [SYN 201-201] Setting up clock 'default' with a period of 10ns.
Execute   config_export -format ip_catalog -rtl verilog 
Execute   csynth_design 
Execute     get_config_compile -effort 
Execute     get_config_compile -enable_clang39 
Execute     get_config_compile -g 
Execute     get_config_compile -lm 
Execute     get_config_compile -ng 
Execute     get_config_compile -opt_fp 
Execute     get_config_compile -skip_cdt 
Execute     get_config_compile -skip_syncheck 
Execute     get_config_compile -skip_transform 
Execute     config_compile -blackbox  
Execute     get_config_compile -keep_printf 
Execute     elaborate -effort=medium -skip_syncheck=0 -keep_printf=0 -lm=0 -skip_cdt=0 -skip_transform=0 -ng=0 -g=0 -opt_fp=0 -from_csynth_design=1 
Execute       get_config_schedule -relax_ii_for_timing 
INFO: [SCHED 204-61] Option 'relax_ii_for_timing' is enabled, will increase II to preserve clock frequency constraints.
Execute       get_config_schedule -suppress_dependence_error_break 
INFO: [HLS 200-10] Analyzing design file 'src/cpp/rgb2bayer.cpp' ... 
INFO-FLOW: Compiling one TU...
Execute       is_m_axi_addr64 
INFO-FLOW: Handling src/cpp/rgb2bayer.cpp as C++
Execute       get_default_platform 
Execute       is_encrypted src/cpp/rgb2bayer.cpp 
Execute       get_default_platform 
INFO-FLOW: Running: GCC PP
INFO-FLOW: Source preprocessing
Execute       clang  -fno-limit-debug-info -gcc-toolchain "/opt/Xilinx/Vivado/2018.3/lnx64/tools/gcc" -hls  -fno-exceptions  -D__llvm__  -E "src/cpp/rgb2bayer.cpp"     -fno-math-errno -c -emit-llvm -O0  -mllvm -disable-llvm-optzns -fno-threadsafe-statics  -fno-use-cxa-atexit  -fno-threadsafe-statics -fno-use-cxa-atexit -D__CLANG_3_1__ -DAESL_SYN -D__SYNTHESIS__ -D__HLS_SYN__ -I "/opt/Xilinx/Vivado/2018.3/common/technology/autopilot" -I "/opt/Xilinx/Vivado/2018.3/common/technology/autopilot/ap_sysc" -include etc/autopilot_ssdm_op.h -D__DSP48E1__  -o "/home/andreas/workdir/figkey/HLS/repo/loop_repo/hls/rgb2bayer/rgb2bayer/solution1/.autopilot/db/rgb2bayer.pp.0.cpp" 
INFO-FLOW: exec /opt/Xilinx/Vivado/2018.3/lnx64/tools/clang/bin/clang -fno-limit-debug-info -gcc-toolchain /opt/Xilinx/Vivado/2018.3/lnx64/tools/gcc -hls -fno-exceptions -D__llvm__ -E src/cpp/rgb2bayer.cpp -fno-math-errno -c -emit-llvm -O0 -mllvm -disable-llvm-optzns -fno-threadsafe-statics -fno-use-cxa-atexit -fno-threadsafe-statics -fno-use-cxa-atexit -D__CLANG_3_1__ -DAESL_SYN -D__SYNTHESIS__ -D__HLS_SYN__ -I /opt/Xilinx/Vivado/2018.3/common/technology/autopilot -I /opt/Xilinx/Vivado/2018.3/common/technology/autopilot/ap_sysc -include etc/autopilot_ssdm_op.h -D__DSP48E1__ -o /home/andreas/workdir/figkey/HLS/repo/loop_repo/hls/rgb2bayer/rgb2bayer/solution1/.autopilot/db/rgb2bayer.pp.0.cpp
Command       clang done; 0.84 sec.
Execute       tidy_31 xilinx-xfmat-array-geometry /home/andreas/workdir/figkey/HLS/repo/loop_repo/hls/rgb2bayer/rgb2bayer/solution1/.autopilot/db/rgb2bayer.pp.0.cpp std=gnu++98 
INFO-FLOW: exec /opt/Xilinx/Vivado/2018.3/lnx64/tools/clang-3.9-csynth/bin/tidy-3.1 -header-filter=.* -checks=-*,xilinx-xfmat-array-geometry -quiet -fix /home/andreas/workdir/figkey/HLS/repo/loop_repo/hls/rgb2bayer/rgb2bayer/solution1/.autopilot/db/rgb2bayer.pp.0.cpp -- -std=gnu++98 -fhls -ferror-limit=0
Command       tidy_31 done; 2.71 sec.
INFO-FLOW: Syntax Checking before pre-processing...
Execute       clang -syntaxcheck -src /home/andreas/workdir/figkey/HLS/repo/loop_repo/hls/rgb2bayer/rgb2bayer/solution1/.autopilot/db/rgb2bayer.pp.0.cpp  -fno-limit-debug-info -gcc-toolchain "/opt/Xilinx/Vivado/2018.3/lnx64/tools/gcc" -hls    -fno-math-errno -c -emit-llvm -O0  -mllvm -disable-llvm-optzns -fno-threadsafe-statics  -fno-use-cxa-atexit  -fno-threadsafe-statics -fno-use-cxa-atexit -D__CLANG_3_1__ -DAESL_SYN -D__SYNTHESIS__ -D__HLS_SYN__ -I "/opt/Xilinx/Vivado/2018.3/common/technology/autopilot" -I "/opt/Xilinx/Vivado/2018.3/common/technology/autopilot/ap_sysc" -include etc/autopilot_ssdm_op.h -D__DSP48E1__  "/home/andreas/workdir/figkey/HLS/repo/loop_repo/hls/rgb2bayer/rgb2bayer/solution1/.autopilot/db/rgb2bayer.pp.0.cpp"  -o "/home/andreas/workdir/figkey/HLS/repo/loop_repo/hls/rgb2bayer/rgb2bayer/solution1/.autopilot/db/useless.bc"  
INFO-FLOW: exec /opt/Xilinx/Vivado/2018.3/lnx64/tools/clang/bin/clang -fno-limit-debug-info -gcc-toolchain /opt/Xilinx/Vivado/2018.3/lnx64/tools/gcc -hls -fno-math-errno -c -emit-llvm -O0 -mllvm -disable-llvm-optzns -fno-threadsafe-statics -fno-use-cxa-atexit -fno-threadsafe-statics -fno-use-cxa-atexit -D__CLANG_3_1__ -DAESL_SYN -D__SYNTHESIS__ -D__HLS_SYN__ -I /opt/Xilinx/Vivado/2018.3/common/technology/autopilot -I /opt/Xilinx/Vivado/2018.3/common/technology/autopilot/ap_sysc -include etc/autopilot_ssdm_op.h -D__DSP48E1__ /home/andreas/workdir/figkey/HLS/repo/loop_repo/hls/rgb2bayer/rgb2bayer/solution1/.autopilot/db/rgb2bayer.pp.0.cpp -o /home/andreas/workdir/figkey/HLS/repo/loop_repo/hls/rgb2bayer/rgb2bayer/solution1/.autopilot/db/useless.bc
Command       clang done; 2.56 sec.
INFO-FLOW: Done: GCC PP time: 6.1 seconds per iteration
Execute       list_core -type functional_unit 
Execute       tidy_31 xilinx-systemc-detector /home/andreas/workdir/figkey/HLS/repo/loop_repo/hls/rgb2bayer/rgb2bayer/solution1/.autopilot/db/rgb2bayer.pp.0.cpp std=gnu++98 -directive=/home/andreas/workdir/figkey/HLS/repo/loop_repo/hls/rgb2bayer/rgb2bayer/solution1/.autopilot/db/.systemc_flag 
INFO-FLOW: exec /opt/Xilinx/Vivado/2018.3/lnx64/tools/clang-3.9-csynth/bin/tidy-3.1 -header-filter=.* -checks=-*,xilinx-systemc-detector -import-directive=/home/andreas/workdir/figkey/HLS/repo/loop_repo/hls/rgb2bayer/rgb2bayer/solution1/.autopilot/db/.systemc_flag -quiet -fix-errors /home/andreas/workdir/figkey/HLS/repo/loop_repo/hls/rgb2bayer/rgb2bayer/solution1/.autopilot/db/rgb2bayer.pp.0.cpp -- -std=gnu++98 -fhls -ferror-limit=0
Command       tidy_31 done; 2.38 sec.
INFO-FLOW: Running: tidy-3.1 CDT preprocess
Execute       tidy_31 xilinx-directive2pragma /home/andreas/workdir/figkey/HLS/repo/loop_repo/hls/rgb2bayer/rgb2bayer/solution1/.autopilot/db/rgb2bayer.pp.0.cpp std=gnu++98 -directive=/home/andreas/workdir/figkey/HLS/repo/loop_repo/hls/rgb2bayer/rgb2bayer/solution1/.autopilot/db/all.directive.json 
INFO-FLOW: exec /opt/Xilinx/Vivado/2018.3/lnx64/tools/clang-3.9-csynth/bin/tidy-3.1 -header-filter=.* -checks=-*,xilinx-directive2pragma -import-directive=/home/andreas/workdir/figkey/HLS/repo/loop_repo/hls/rgb2bayer/rgb2bayer/solution1/.autopilot/db/all.directive.json -quiet -fix-errors /home/andreas/workdir/figkey/HLS/repo/loop_repo/hls/rgb2bayer/rgb2bayer/solution1/.autopilot/db/rgb2bayer.pp.0.cpp -- -std=gnu++98 -fhls -ferror-limit=0
Command       tidy_31 done; 2.35 sec.
Execute       get_config_dataflow -strict_mode 
Execute       ap_eval exec -ignorestderr /opt/Xilinx/Vivado/2018.3/lnx64/tools/clang-3.9-csynth/bin/xilinx-dataflow-lawyer -export-fixes=/home/andreas/workdir/figkey/HLS/repo/loop_repo/hls/rgb2bayer/rgb2bayer/solution1/.autopilot/db/xilinx-dataflow-lawyer.rgb2bayer.pp.0.cpp.diag.yml /home/andreas/workdir/figkey/HLS/repo/loop_repo/hls/rgb2bayer/rgb2bayer/solution1/.autopilot/db/rgb2bayer.pp.0.cpp -- -std=gnu++98 -fhls -ferror-limit=0 -fstrict-dataflow > /home/andreas/workdir/figkey/HLS/repo/loop_repo/hls/rgb2bayer/rgb2bayer/solution1/.autopilot/db/xilinx-dataflow-lawyer.rgb2bayer.pp.0.cpp.out.log 2> /home/andreas/workdir/figkey/HLS/repo/loop_repo/hls/rgb2bayer/rgb2bayer/solution1/.autopilot/db/xilinx-dataflow-lawyer.rgb2bayer.pp.0.cpp.err.log 
Command       ap_eval done; 2.26 sec.
Execute       tidy_31 -errorcheck xilinx-constantarray-param,xilinx-resource-pragma-transformer,xilinx-xfmat-array-geometry /home/andreas/workdir/figkey/HLS/repo/loop_repo/hls/rgb2bayer/rgb2bayer/solution1/.autopilot/db/rgb2bayer.pp.0.cpp std=gnu++98 
Execute         ap_eval exec -ignorestderr /opt/Xilinx/Vivado/2018.3/lnx64/tools/clang-3.9-csynth/bin/tidy-3.1 -export-fixes=/home/andreas/workdir/figkey/HLS/repo/loop_repo/hls/rgb2bayer/rgb2bayer/solution1/.autopilot/db/tidy-3.1.rgb2bayer.pp.0.cpp.diag.yml -header-filter=.* -checks=-*,xilinx-constantarray-param,xilinx-resource-pragma-transformer,xilinx-xfmat-array-geometry -quiet -fix-errors /home/andreas/workdir/figkey/HLS/repo/loop_repo/hls/rgb2bayer/rgb2bayer/solution1/.autopilot/db/rgb2bayer.pp.0.cpp -- -std=gnu++98 -fhls -ferror-limit=0 > /home/andreas/workdir/figkey/HLS/repo/loop_repo/hls/rgb2bayer/rgb2bayer/solution1/.autopilot/db/tidy-3.1.rgb2bayer.pp.0.cpp.out.log 2> /home/andreas/workdir/figkey/HLS/repo/loop_repo/hls/rgb2bayer/rgb2bayer/solution1/.autopilot/db/tidy-3.1.rgb2bayer.pp.0.cpp.err.log 
Command         ap_eval done; 4.51 sec.
Execute         ap_eval exec -ignorestderr /opt/Xilinx/Vivado/2018.3/lnx64/tools/clang-3.9-csynth/bin/xilinx-legacy-rewriter /home/andreas/workdir/figkey/HLS/repo/loop_repo/hls/rgb2bayer/rgb2bayer/solution1/.autopilot/db/rgb2bayer.pp.0.cpp -- -std=gnu++98 -fhls -ferror-limit=0 > /home/andreas/workdir/figkey/HLS/repo/loop_repo/hls/rgb2bayer/rgb2bayer/solution1/.autopilot/db/xilinx-legacy-rewriter.rgb2bayer.pp.0.cpp.out.log 2> /home/andreas/workdir/figkey/HLS/repo/loop_repo/hls/rgb2bayer/rgb2bayer/solution1/.autopilot/db/xilinx-legacy-rewriter.rgb2bayer.pp.0.cpp.err.log 
Command         ap_eval done; 3.29 sec.
Command       tidy_31 done; 8.06 sec.
INFO-FLOW: Done: tidy-3.1 CDT preprocess time: 12.7 seconds per iteration
INFO-FLOW: Pragma Handling...
Execute       tidy_31 xilinx-ssdm-intrinsics-arguments /home/andreas/workdir/figkey/HLS/repo/loop_repo/hls/rgb2bayer/rgb2bayer/solution1/.autopilot/db/rgb2bayer.pragma.1.cpp std=gnu++98 
INFO-FLOW: exec /opt/Xilinx/Vivado/2018.3/lnx64/tools/clang-3.9-csynth/bin/tidy-3.1 -header-filter=.* -checks=-*,xilinx-ssdm-intrinsics-arguments -quiet -fix-errors /home/andreas/workdir/figkey/HLS/repo/loop_repo/hls/rgb2bayer/rgb2bayer/solution1/.autopilot/db/rgb2bayer.pragma.1.cpp -- -std=gnu++98 -fhls -ferror-limit=0
Command       tidy_31 done; 3.96 sec.
Execute       get_default_platform 
INFO-FLOW: Processing labels
Execute       clang -src /home/andreas/workdir/figkey/HLS/repo/loop_repo/hls/rgb2bayer/rgb2bayer/solution1/.autopilot/db/rgb2bayer.pragma.2.cpp  -fno-limit-debug-info -gcc-toolchain /opt/Xilinx/Vivado/2018.3/lnx64/tools/gcc -hls -hls-analyze-label -hls-analyze-pragma -fno-exceptions  -D__llvm__  -w  "/home/andreas/workdir/figkey/HLS/repo/loop_repo/hls/rgb2bayer/rgb2bayer/solution1/.autopilot/db/rgb2bayer.pragma.2.cpp"    -fno-math-errno -c -emit-llvm -O0  -mllvm -disable-llvm-optzns -fno-threadsafe-statics  -fno-use-cxa-atexit -DAESL_SYN -D__SYNTHESIS__ -D__HLS_SYN__ -I "/opt/Xilinx/Vivado/2018.3/common/technology/autopilot" -I "/opt/Xilinx/Vivado/2018.3/common/technology/autopilot/ap_sysc" -include etc/autopilot_ssdm_op.h -D__DSP48E1__ -g -o "/home/andreas/workdir/figkey/HLS/repo/loop_repo/hls/rgb2bayer/rgb2bayer/solution1/.autopilot/db/rgb2bayer.bc" 
INFO-FLOW: exec /opt/Xilinx/Vivado/2018.3/lnx64/tools/clang/bin/clang -fno-limit-debug-info -gcc-toolchain /opt/Xilinx/Vivado/2018.3/lnx64/tools/gcc -hls -hls-analyze-label -hls-analyze-pragma -fno-exceptions -D__llvm__ -w /home/andreas/workdir/figkey/HLS/repo/loop_repo/hls/rgb2bayer/rgb2bayer/solution1/.autopilot/db/rgb2bayer.pragma.2.cpp -fno-math-errno -c -emit-llvm -O0 -mllvm -disable-llvm-optzns -fno-threadsafe-statics -fno-use-cxa-atexit -DAESL_SYN -D__SYNTHESIS__ -D__HLS_SYN__ -I /opt/Xilinx/Vivado/2018.3/common/technology/autopilot -I /opt/Xilinx/Vivado/2018.3/common/technology/autopilot/ap_sysc -include etc/autopilot_ssdm_op.h -D__DSP48E1__ -g -o /home/andreas/workdir/figkey/HLS/repo/loop_repo/hls/rgb2bayer/rgb2bayer/solution1/.autopilot/db/rgb2bayer.bc
Command       clang done; 2.68 sec.
INFO-FLOW: Linking Debug ...
Execute       llvm-ld /home/andreas/workdir/figkey/HLS/repo/loop_repo/hls/rgb2bayer/rgb2bayer/solution1/.autopilot/db/rgb2bayer.g.bc -hls-opt -except-internalize rgb2bayer -L/opt/Xilinx/Vivado/2018.3/lnx64/lib -lhlsm -lhlsmc++ -o /home/andreas/workdir/figkey/HLS/repo/loop_repo/hls/rgb2bayer/rgb2bayer/solution1/.autopilot/db/a.g 
Command       llvm-ld done; 0.58 sec.
INFO: [HLS 200-111] Finished Linking Time (s): cpu = 00:00:28 ; elapsed = 00:00:29 . Memory (MB): peak = 441.898 ; gain = 0.277 ; free physical = 3441 ; free virtual = 22583
INFO: [HLS 200-111] Finished Checking Pragmas Time (s): cpu = 00:00:28 ; elapsed = 00:00:29 . Memory (MB): peak = 441.898 ; gain = 0.277 ; free physical = 3441 ; free virtual = 22583
Execute       get_config_sdx -target 
Execute       opt_and_import_c a -opt_level=2 -skip_syncheck=0 -ng=0 -keep_printf=0 
Execute         cleanup_all_models 
INFO: [HLS 200-10] Starting code transformations ...
Execute         transform -promote-dbg-pointer /home/andreas/workdir/figkey/HLS/repo/loop_repo/hls/rgb2bayer/rgb2bayer/solution1/.autopilot/db/a.pp.bc -o /home/andreas/workdir/figkey/HLS/repo/loop_repo/hls/rgb2bayer/rgb2bayer/solution1/.autopilot/db/a.pp.0.bc -f 
Execute         llvm-ld /home/andreas/workdir/figkey/HLS/repo/loop_repo/hls/rgb2bayer/rgb2bayer/solution1/.autopilot/db/a.pp.0.bc -disable-opt -L/opt/Xilinx/Vivado/2018.3/lnx64/lib -lfloatconversion -o /home/andreas/workdir/figkey/HLS/repo/loop_repo/hls/rgb2bayer/rgb2bayer/solution1/.autopilot/db/a.g.0 
Command         llvm-ld done; 0.57 sec.
INFO-FLOW: Running Standard Transforms...
Execute         transform -hls -share-std-xform -demangle-name -inline-byval-memcpy -always-inline -promote-dbg-pointer -interface-preproc -mem2reg -lower-blackbox -scalarrepl -mem2reg -keep-read-access -instcombine -dce -promote-dbg-pointer -bitop-raise -loop-simplify -indvarspre -indvars -loop-simplify -xunroll -constprop -instcombine -simplifycfg -indvars -simplifycfg -dce -globaldce -basicaa -simplifycfg -mem2reg -globalopt -global-constprop -deadargelim -instcombine -simplifycfg -prune-eh -simplifycfg -scalarrepl -instcombine -reassociate -licm -simplifycfg -loop-simplify -indvars -instcombine -simplifycfg -mem2reg -loop-simplify -indvars -instcombine -gvn -gvn -instcombine -adce -break-crit-edges -simplifycfg -loop-delete -global-array-opt -dce -dse -adce -find-syn-modules -top rgb2bayer -deadargelim -mem2reg -instcombine -dce -presyn-prepare -auto-rom-infer -interface-preproc -syn-check -check-rec-only -find-region -simplifycfg -func-extr -function-inline -globaldce -mem2reg -instcombine -dce -gvn -globaldce -adce -adse -constprop -instcombine -bit-constprop -instcombine -dce -simplifycfg -bitop-raise -simplifycfg -dce -loop-delete -reassociate -globalopt -global-privatize -mem2reg -dce -global-constprop -pointer-simplify -constprop -dce -func-inst -deadargelim -auto-shift-reg-idiom -promote-dbg-pointer -norm-name /home/andreas/workdir/figkey/HLS/repo/loop_repo/hls/rgb2bayer/rgb2bayer/solution1/.autopilot/db/a.g.0.bc -o /home/andreas/workdir/figkey/HLS/repo/loop_repo/hls/rgb2bayer/rgb2bayer/solution1/.autopilot/db/a.g.1.bc -f -phase std-opt 
INFO: [HLS 200-111] Finished Standard Transforms Time (s): cpu = 00:00:29 ; elapsed = 00:00:30 . Memory (MB): peak = 571.426 ; gain = 129.805 ; free physical = 3395 ; free virtual = 22545
INFO: [HLS 200-10] Checking synthesizability ...
INFO-FLOW: Checking Synthesizability 1/2..
Execute         transform -hls -syn-check -check-rec-only -disaggr -scalarrepl -norm-name -dce -mem2reg -instcombine -function-uniquify -directive-preproc -mem2reg -dse -dce -auto-rom-infer -dce -pag -array-normalize -instcombine -dce -warn-fifo-pointer -array-seg-normalize -instcombine -dce -array-flatten -instcombine -dce -array-burst -dce -deadargelim -promote-global-argument -simplifycfg -mem2reg -globaldce -resolve-double-ptr -dce -deadargelim -dce -instcombine -function-inline -globaldce -dce -doublePtrSimplify -doublePtrElim -dce -doublePtrSimplify -promote-dbg-pointer -dce -scalarrepl -dse -adse -instcombine -ptrLegalization -simplifycfg -dce -instcombine -pointer-simplify -ptrArgReplace -dce -instcombine -disaggr -scalarrepl -norm-name -dce -mem2reg -instcombine -ptrLegalization -simplifycfg -deadargelim -instcombine -dce -inst-simplify -function-uniquify -directive-preproc -mem2reg -dse -dce -globaldce -check-dspbuiltin /home/andreas/workdir/figkey/HLS/repo/loop_repo/hls/rgb2bayer/rgb2bayer/solution1/.autopilot/db/a.g.1.bc -o /home/andreas/workdir/figkey/HLS/repo/loop_repo/hls/rgb2bayer/rgb2bayer/solution1/.autopilot/db/a.g.2.prechk.bc -f 
Command         transform done; 0.11 sec.
INFO-FLOW: Checking Synthesizability 2/2..
Execute         transform -syn-check /home/andreas/workdir/figkey/HLS/repo/loop_repo/hls/rgb2bayer/rgb2bayer/solution1/.autopilot/db/a.g.2.prechk.bc -o /home/andreas/workdir/figkey/HLS/repo/loop_repo/hls/rgb2bayer/rgb2bayer/solution1/.autopilot/db/a.g.2.bc -f -phase syn-check 
INFO: [HLS 200-111] Finished Checking Synthesizability Time (s): cpu = 00:00:29 ; elapsed = 00:00:30 . Memory (MB): peak = 571.426 ; gain = 129.805 ; free physical = 3360 ; free virtual = 22512
INFO-FLOW: Compiler optimizing ...
INFO-FLOW: Share syncheck's 1.bc for syn flow: copy /home/andreas/workdir/figkey/HLS/repo/loop_repo/hls/rgb2bayer/rgb2bayer/solution1/.autopilot/db/a.g.1.bc to /home/andreas/workdir/figkey/HLS/repo/loop_repo/hls/rgb2bayer/rgb2bayer/solution1/.autopilot/db/a.o.1.bc
INFO-FLOW: Presyn 1...
Execute         transform -hls -tmp /home/andreas/workdir/figkey/HLS/repo/loop_repo/hls/rgb2bayer/rgb2bayer/solution1/.autopilot/db -interface-port-rename -type-info -function-uniquify -directive-preproc -mem2reg -dse -dce -disaggr -scalarrepl -norm-name -deadargelim -mem2reg -instcombine -dce -simplifycfg -auto-rom-infer -dce -function-uniquify -resource-proc -simplifycfg -mem2reg -globaldce -resolve-double-ptr -dce -deadargelim -dce -instcombine -clib-intrinsic-prepare -dce -func-buffer -dce -pag -array-normalize -func-legal -instcombine -gvn -constprop -dce -ptrArgReplace -mem2reg -instcombine -dce -array-seg-normalize -deadargelim -instcombine -dce -pointer-simplify -dce -port-alignment -dce -interface-preproc -data-pack -instcombine -dce -basicaa -aggr-aa -aggrmodref-aa -aggr-aa -gvn -gvn -basicaa -aggr-aa -aggrmodref-aa -aggr-aa -dse -adse -adce -loop-simplify -indvars -instcombine -gvn -loop-simplify -mem2reg -dce -find-region -instcombine -auto-loop-pipeline -inst-simplify -interface-preproc -cfgopt -instcombine -indvars -auto-loop-unroll -loop-simplify -loop-bound -xunroll -constprop -instcombine -simplifycfg -indvars -simplifycfg -dce -globaldce -clean-region -attach-range -gvn -inst-simplify -constprop -simplifycfg -dce -pointer-simplify -dce -globalopt -constprop -dce -array-promote -constprop -instcombine -dce -ptrArgReplace -mem2reg -instcombine -simplifycfg -dce -auto-par -instcombine -dce -array-transform-check -array-reshape -instcombine -simplifycfg -dce -ptrArgReplace -deadargelim -mem2reg -instcombine -simplifycfg -dce -indvars -loop-simplify -loop-bound -xunroll -constprop -instcombine -simplifycfg -indvars -simplifycfg -dce -globaldce -basicaa -aggr-aa -aggrmodref-aa -aggr-aa -dse -duplicate-dataflow-processes -globaldce -instcombine -array-partition -instcombine -simplifycfg -dce -ptrArgReplace -global-constprop -deadargelim -mem2reg -func-legal -instcombine -dce -global-constprop -deadargelim -mem2reg -instcombine -simplifycfg -dce -merge-param -deadargelim -globalopt -constprop -dce -array-promote -constprop -instcombine -dce -ptrArgReplace -mem2reg -instcombine -simplifycfg -dce -mem-intrinsic-preproc -dce -global-internalize -global-privatize -mem2reg -globaldce -promote-global-argument -ptrArgReplace -mem2reg -instcombine -dce -globalopt -mergereturn -simplify-global-access -mem2reg -dce -pointer-simplify -dce -functionattrs -basicaa -aggr-aa -aggrmodref-aa -aggr-aa -gvn -gvn -basicaa -aggr-aa -aggrmodref-aa -aggr-aa -dse -adse -adce -inst-simplify -dce -norm-name -function-inline -globaldce -func-inst -constprop -instcombine -simplifycfg -dce -func-legal -dce -loop-bound -arraycheck -bitwidthmin -on-by-dataflow -loop-delete -instcombine -simplifycfg -globaldce -dce -gvn -deadargelim -dce -loop-simplify -clean-region -simplifycfg -propagate-stable-arguments -loop-stream -instcombine -simplifycfg -dce -globaldce -duplicate-dataflow-processes -stream-intrinsic-preproc -dce -check-ap-stream -loop-simplify -eliminate-keepreads -extract-dataflow-in-loop -loop-simplify -dce -gvn -deadargelim -dse -check-dataflow-syntax -legalize-stream-variable -legalize-global -extract-subproc -dce -dead-channel-elimination -canonicalize-gep -globaldce -dce -gvn -deadargelim -annotate-dataflow-channels -scalar-propagation -deadargelim -globaldce -mem2reg -check-dataflow-channels -function-stream -dce -globaldce -prop-fifo-spec -internal-stream-gen -canonicalize-gep -globaldce -dce -gvn -deadargelim -mergereturn -indvars -loop-simplify -instcombine -array-stream -array-seg-normalize -array-partition -func-legal -instcombine -simplifycfg -dce -bundle-memfifo-ops -deadargelim -function-uniquify -directive-preproc -mem2reg -dse -dce -group-axi-access -licm -simplifycfg -dce -loop-delete -norm-name /home/andreas/workdir/figkey/HLS/repo/loop_repo/hls/rgb2bayer/rgb2bayer/solution1/.autopilot/db/a.o.1.bc -o /home/andreas/workdir/figkey/HLS/repo/loop_repo/hls/rgb2bayer/rgb2bayer/solution1/.autopilot/db/a.o.1.tmp.bc -f 
INFO: [XFORM 203-502] Unrolling all sub-loops inside loop 'Loop-1' (src/cpp/rgb2bayer.cpp:20) in function 'rgb2bayer' for pipelining.
WARNING: [XFORM 203-503] Cannot unroll loop 'Loop-1.1' (src/cpp/rgb2bayer.cpp:23) in function 'rgb2bayer': cannot completely unroll a loop with a variable trip count.
Command         transform done; 0.16 sec.
INFO-FLOW: Presyn 2...
Execute         transform -hls -keep-callgraph -scalarrepl -mem2reg -port-alignment -attach-range -dce -pipe-mux-gen -indvars -loop-bound -inst-simplify -instcombine -dce -merge-array-access -mem2reg -dce -clean-region -mergereturn -if-conv -instcombine -dce -constprop -basicaa -aggr-aa -aggrmodref-aa -aggr-aa -gvn -gvn -basicaa -aggr-aa -aggrmodref-aa -aggr-aa -dse -adse -adce -scalarrepl -mem2reg -global-constprop -deadargelim -deadargelim -instcombine -dce -simplifycfg -ptrArgReplace -mem2reg -function-inline -globaldce -mem2reg -instcombine -dce -expr-balance -instcombine -dce -bitwidthmin -interface-preproc -directive-preproc -inst-rectify -instcombine -dce -functionattrs -constprop -instcombine -bit-constprop -simplify-global-access -globalopt -globaldce -inst-simplify -instcombine -elimdeaddata -dce -loop-delete -simplifycfg -loop-simplify -auto-burst -norm-name /home/andreas/workdir/figkey/HLS/repo/loop_repo/hls/rgb2bayer/rgb2bayer/solution1/.autopilot/db/a.o.1.tmp.bc -o /home/andreas/workdir/figkey/HLS/repo/loop_repo/hls/rgb2bayer/rgb2bayer/solution1/.autopilot/db/a.o.2.bc -f -phase presyn 
INFO: [XFORM 203-401] Performing if-conversion on hyperblock from (src/cpp/rgb2bayer.cpp:26:4) to (src/cpp/rgb2bayer.cpp:23:32) in function 'rgb2bayer'... converting 8 basic blocks.
Command         transform done; 0.12 sec.
INFO: [HLS 200-111] Finished Pre-synthesis Time (s): cpu = 00:00:29 ; elapsed = 00:00:30 . Memory (MB): peak = 635.320 ; gain = 193.699 ; free physical = 3300 ; free virtual = 22458
INFO-FLOW: Building ssdm...
Execute         transform -hls -function-uniquify -auto-function-inline -globaldce -ptrArgReplace -mem2reg -instcombine -dce -reset-lda -loop-simplify -indvars -licm -loop-dep -loop-bound -licm -loop-simplify -flattenloopnest -array-flatten -gvn -instcombine -dce -array-map -dce -func-legal -gvn -adce -instcombine -cfgopt -simplifycfg -loop-simplify -array-burst -promote-global-argument -dce -axi4-lower -array-seg-normalize -basicaa -aggrmodref-aa -globalsmodref-aa -aggr-aa -gvn -gvn -basicaa -aggrmodref-aa -globalsmodref-aa -aggr-aa -dse -adse -adce -licm -inst-simplify -dce -globaldce -instcombine -array-stream -eliminate-keepreads -instcombine -dce -deadargelim -doublePtrSimplify -doublePtrElim -dce -doublePtrSimplify -promote-dbg-pointer -dce -scalarrepl -mem2reg -disaggr -norm-name -mem2reg -instcombine -dse -adse -adce -ptrLegalization -dce -auto-rom-infer -array-flatten -dce -instcombine -check-doubleptr -loop-rot -constprop -cfgopt -simplifycfg -loop-simplify -indvars -pointer-simplify -dce -loop-bound -loop-simplify -loop-preproc -constprop -global-constprop -gvn -mem2reg -instcombine -dce -loop-bound -loop-merge -dce -bitwidthmin -deadargelim -dce -canonicalize-dataflow -dce -scalar-propagation -deadargelim -globaldce -mem2reg -read-loop-dep -interface-preproc -directive-preproc -interface-gen -bram-byte-enable -deadargelim -inst-simplify -dce -gvn -mem2reg -instcombine -dce -adse -loop-bound -instcombine -cfgopt -simplifycfg -loop-simplify -clean-region -io-protocol -find-region -mem2reg -bitop-raise -inst-simplify -inst-rectify -instcombine -adce -deadargelim -loop-simplify -phi-opt -bitop-raise -cfgopt -simplifycfg -strip-dead-prototypes -interface-lower -bitop-lower -intrinsic-lower -auto-function-inline -basicaa -aggrmodref-aa -globalsmodref-aa -aggr-aa -inst-simplify -simplifycfg -loop-simplify -mergereturn -inst-simplify -inst-rectify -dce -load-elim -bitop-lower -loop-rewind -pointer-simplify -dce -cfgopt -dce -bitwidth -loop-bound -loop-dep -read-loop-dep -dce -check-stream -norm-name -legalize -validate-dataflow -inst-clarity -cdfg-build /home/andreas/workdir/figkey/HLS/repo/loop_repo/hls/rgb2bayer/rgb2bayer/solution1/.autopilot/db/a.o.2.bc -o /home/andreas/workdir/figkey/HLS/repo/loop_repo/hls/rgb2bayer/rgb2bayer/solution1/.autopilot/db/a.o.3.bc -f -phase build-ssdm 
INFO: [XFORM 203-541] Flattening a loop nest 'Loop-1' (src/cpp/rgb2bayer.cpp:20:15) in function 'rgb2bayer'.
Command         transform done; 0.13 sec.
INFO: [HLS 200-111] Finished Architecture Synthesis Time (s): cpu = 00:00:29 ; elapsed = 00:00:30 . Memory (MB): peak = 635.320 ; gain = 193.699 ; free physical = 3288 ; free virtual = 22447
INFO-FLOW: Finish building internal data model.
Command       opt_and_import_c done; 1.36 sec.
Command     elaborate done; 29.99 sec.
Execute     autosyn -from_csynth_design=1 
INFO: [HLS 200-10] Starting hardware synthesis ...
INFO-FLOW: Synthesizing C/C++ design ...
INFO: [HLS 200-10] Synthesizing 'rgb2bayer' ...
Execute       ap_set_top_model rgb2bayer 
Execute       get_model_list rgb2bayer -filter all-wo-channel -topdown 
Execute       preproc_iomode -model rgb2bayer 
Execute       get_model_list rgb2bayer -filter all-wo-channel 
INFO-FLOW: Model list for configure: rgb2bayer
INFO-FLOW: Configuring Module : rgb2bayer ...
Execute       set_default_model rgb2bayer 
Execute       apply_spec_resource_limit rgb2bayer 
INFO-FLOW: Model list for preprocess: rgb2bayer
INFO-FLOW: Preprocessing Module: rgb2bayer ...
Execute       set_default_model rgb2bayer 
Execute       cdfg_preprocess -model rgb2bayer 
Execute       rtl_gen_preprocess rgb2bayer 
INFO-FLOW: Model list for synthesis: rgb2bayer
INFO: [HLS 200-10] ----------------------------------------------------------------
INFO: [HLS 200-42] -- Implementing module 'rgb2bayer' 
INFO: [HLS 200-10] ----------------------------------------------------------------
Execute       set_default_model rgb2bayer 
Execute       schedule -model rgb2bayer 
INFO: [SCHED 204-11] Starting scheduling ...
INFO: [SCHED 204-61] Pipelining loop 'Loop 1'.
INFO: [SCHED 204-61] Pipelining result : Target II = 1, Final II = 1, Depth = 3.
INFO: [SCHED 204-11] Finished scheduling.
INFO: [HLS 200-111]  Elapsed time: 30.32 seconds; current allocated memory: 180.146 MB.
Execute       report -o /home/andreas/workdir/figkey/HLS/repo/loop_repo/hls/rgb2bayer/rgb2bayer/solution1/.autopilot/db/rgb2bayer.verbose.sched.rpt -verbose -f 
Execute       db_write -o /home/andreas/workdir/figkey/HLS/repo/loop_repo/hls/rgb2bayer/rgb2bayer/solution1/.autopilot/db/rgb2bayer.sched.adb -f 
INFO-FLOW: Finish scheduling rgb2bayer.
Execute       set_default_model rgb2bayer 
Execute       bind -model rgb2bayer 
BIND OPTION: fu_weight=[ 0.0 -- 1.0 ]
BIND OPTION: model=rgb2bayer
BIND OPTION: reg_weight=[ 0.0 -- 1.0 ]
INFO: [BIND 205-100] Starting micro-architecture generation ...
INFO: [BIND 205-101] Performing variable lifetime analysis.
INFO: [BIND 205-101] Exploring resource sharing.
INFO: [BIND 205-101] Binding ...
INFO: [BIND 205-100] Finished micro-architecture generation.
INFO: [HLS 200-111]  Elapsed time: 0.02 seconds; current allocated memory: 180.397 MB.
Execute       report -o /home/andreas/workdir/figkey/HLS/repo/loop_repo/hls/rgb2bayer/rgb2bayer/solution1/.autopilot/db/rgb2bayer.verbose.bind.rpt -verbose -f 
Execute       db_write -o /home/andreas/workdir/figkey/HLS/repo/loop_repo/hls/rgb2bayer/rgb2bayer/solution1/.autopilot/db/rgb2bayer.bind.adb -f 
INFO-FLOW: Finish binding rgb2bayer.
Execute       get_model_list rgb2bayer -filter all-wo-channel 
INFO-FLOW: Preprocessing for RTLGen ...
Execute       rtl_gen_preprocess rgb2bayer 
INFO-FLOW: Model list for RTL generation: rgb2bayer
INFO: [HLS 200-10] ----------------------------------------------------------------
INFO: [HLS 200-10] -- Generating RTL for module 'rgb2bayer' 
INFO: [HLS 200-10] ----------------------------------------------------------------
Execute       get_config_rtl -prefix 
Execute       get_config_rtl -auto_prefix 
Execute       create_rtl_model rgb2bayer -vendor xilinx -mg_file /home/andreas/workdir/figkey/HLS/repo/loop_repo/hls/rgb2bayer/rgb2bayer/solution1/.autopilot/db/rgb2bayer.compgen.tcl 
INFO: [RTGEN 206-500] Setting interface mode on port 'rgb2bayer/s_axis_video_V_data_V' to 'axis' (register, both mode).
INFO: [RTGEN 206-500] Setting interface mode on port 'rgb2bayer/s_axis_video_V_keep_V' to 'axis' (register, both mode).
INFO: [RTGEN 206-500] Setting interface mode on port 'rgb2bayer/s_axis_video_V_strb_V' to 'axis' (register, both mode).
INFO: [RTGEN 206-500] Setting interface mode on port 'rgb2bayer/s_axis_video_V_user_V' to 'axis' (register, both mode).
INFO: [RTGEN 206-500] Setting interface mode on port 'rgb2bayer/s_axis_video_V_last_V' to 'axis' (register, both mode).
INFO: [RTGEN 206-500] Setting interface mode on port 'rgb2bayer/s_axis_video_V_id_V' to 'axis' (register, both mode).
INFO: [RTGEN 206-500] Setting interface mode on port 'rgb2bayer/s_axis_video_V_dest_V' to 'axis' (register, both mode).
INFO: [RTGEN 206-500] Setting interface mode on port 'rgb2bayer/m_axis_video_V_data_V' to 'axis' (register, both mode).
INFO: [RTGEN 206-500] Setting interface mode on port 'rgb2bayer/m_axis_video_V_keep_V' to 'axis' (register, both mode).
INFO: [RTGEN 206-500] Setting interface mode on port 'rgb2bayer/m_axis_video_V_strb_V' to 'axis' (register, both mode).
INFO: [RTGEN 206-500] Setting interface mode on port 'rgb2bayer/m_axis_video_V_user_V' to 'axis' (register, both mode).
INFO: [RTGEN 206-500] Setting interface mode on port 'rgb2bayer/m_axis_video_V_last_V' to 'axis' (register, both mode).
INFO: [RTGEN 206-500] Setting interface mode on port 'rgb2bayer/m_axis_video_V_id_V' to 'axis' (register, both mode).
INFO: [RTGEN 206-500] Setting interface mode on port 'rgb2bayer/m_axis_video_V_dest_V' to 'axis' (register, both mode).
INFO: [RTGEN 206-500] Setting interface mode on port 'rgb2bayer/hsize_in' to 'ap_none'.
INFO: [RTGEN 206-500] Setting interface mode on port 'rgb2bayer/vsize_in' to 'ap_none'.
INFO: [RTGEN 206-500] Setting interface mode on port 'rgb2bayer/pattern_V' to 'ap_none'.
INFO: [RTGEN 206-500] Setting interface mode on function 'rgb2bayer' to 'ap_ctrl_hs'.
WARNING: [RTGEN 206-101] Port 'rgb2bayer/pattern_V' has no fanin or fanout and is left dangling.
               Please use C simulation to confirm this function argument can be read from or written to.
INFO: [RTGEN 206-100] Finished creating RTL model for 'rgb2bayer'.
INFO: [HLS 200-111]  Elapsed time: 0.04 seconds; current allocated memory: 181.902 MB.
Execute       source /home/andreas/workdir/figkey/HLS/repo/loop_repo/hls/rgb2bayer/rgb2bayer/solution1/.autopilot/db/rgb2bayer.rtl_wrap.cfg.tcl 
Execute       gen_rtl rgb2bayer -istop -style xilinx -tracefl mytrace -tracefmt vcd -traceopt all -f -lang sc -o /home/andreas/workdir/figkey/HLS/repo/loop_repo/hls/rgb2bayer/rgb2bayer/solution1/syn/systemc/rgb2bayer -synmodules rgb2bayer 
Execute       gen_rtl rgb2bayer -istop -style xilinx -f -lang vhdl -o /home/andreas/workdir/figkey/HLS/repo/loop_repo/hls/rgb2bayer/rgb2bayer/solution1/syn/vhdl/rgb2bayer 
Execute       gen_rtl rgb2bayer -istop -style xilinx -f -lang vlog -o /home/andreas/workdir/figkey/HLS/repo/loop_repo/hls/rgb2bayer/rgb2bayer/solution1/syn/verilog/rgb2bayer 
Execute       export_constraint_db -o /home/andreas/workdir/figkey/HLS/repo/loop_repo/hls/rgb2bayer/rgb2bayer/solution1/.autopilot/db/rgb2bayer.constraint.tcl -f -tool general 
Execute       report -model rgb2bayer -o /home/andreas/workdir/figkey/HLS/repo/loop_repo/hls/rgb2bayer/rgb2bayer/solution1/.autopilot/db/rgb2bayer.design.xml -verbose -f -dv 
Execute       report -model rgb2bayer -o /home/andreas/workdir/figkey/HLS/repo/loop_repo/hls/rgb2bayer/rgb2bayer/solution1/.autopilot/db/rgb2bayer.sdaccel.xml -verbose -f -sdaccel 
Execute       gen_tb_info rgb2bayer -o /home/andreas/workdir/figkey/HLS/repo/loop_repo/hls/rgb2bayer/rgb2bayer/solution1/.autopilot/db/rgb2bayer -p /home/andreas/workdir/figkey/HLS/repo/loop_repo/hls/rgb2bayer/rgb2bayer/solution1/.autopilot/db 
Execute       report -model rgb2bayer -o /home/andreas/workdir/figkey/HLS/repo/loop_repo/hls/rgb2bayer/rgb2bayer/solution1/syn/report/rgb2bayer_csynth.rpt -f 
Execute       report -model rgb2bayer -o /home/andreas/workdir/figkey/HLS/repo/loop_repo/hls/rgb2bayer/rgb2bayer/solution1/syn/report/rgb2bayer_csynth.xml -f -x 
Execute       report -model rgb2bayer -o /home/andreas/workdir/figkey/HLS/repo/loop_repo/hls/rgb2bayer/rgb2bayer/solution1/.autopilot/db/rgb2bayer.verbose.rpt -verbose -f 
Execute       db_write -model rgb2bayer -o /home/andreas/workdir/figkey/HLS/repo/loop_repo/hls/rgb2bayer/rgb2bayer/solution1/.autopilot/db/rgb2bayer.adb -f 
Execute       sc_get_clocks rgb2bayer 
Execute       get_config_export -vivado_clock 
Execute       sc_get_portdomain rgb2bayer 
INFO-FLOW: Model list for RTL component generation: rgb2bayer
INFO-FLOW: Handling components in module [rgb2bayer] ... 
Execute       source /home/andreas/workdir/figkey/HLS/repo/loop_repo/hls/rgb2bayer/rgb2bayer/solution1/.autopilot/db/rgb2bayer.compgen.tcl 
INFO-FLOW: Append model rgb2bayer
INFO-FLOW: Generating RTL model list ...
INFO-FLOW: All models in this session: rgb2bayer
INFO-FLOW: To file: write model rgb2bayer
INFO-FLOW: Finished generating RTL model list.


INFO-FLOW: RTL Generation done.
INFO-FLOW: CAS Generation done.
INFO-FLOW: CBC Generation done.
INFO-FLOW: DBG:CMD: auto_generate_csynth_design
INFO-FLOW: DBG:CMD:     auto_generate --sim-model -phase csynth_design -d /home/andreas/workdir/figkey/HLS/repo/loop_repo/hls/rgb2bayer/rgb2bayer/solution1
Execute       source /home/andreas/workdir/figkey/HLS/repo/loop_repo/hls/rgb2bayer/rgb2bayer/solution1/.autopilot/db/global.setting.tcl 
INFO-FLOW: DBG:CMD: read_platform_lib /home/andreas/workdir/figkey/HLS/repo/loop_repo/hls/rgb2bayer/rgb2bayer/solution1/.autopilot/db/global.setting.tcl
Execute       source /opt/Xilinx/Vivado/2018.3/common/technology/generic/autopilot/common.gen 
Execute         source /opt/Xilinx/Vivado/2018.3/common/technology/generic/autopilot/APCoreGen.gen 
Execute       source /opt/Xilinx/Vivado/2018.3/common/technology/generic/autopilot/op.gen 
Execute       source /opt/Xilinx/Vivado/2018.3/common/technology/generic/autopilot/op_simcore.gen 
Execute       source /opt/Xilinx/Vivado/2018.3/common/technology/generic/autopilot/interface.gen 
Execute       source /home/andreas/workdir/figkey/HLS/repo/loop_repo/hls/rgb2bayer/rgb2bayer/solution1/.autopilot/db/global.setting.tcl 
Execute       source /opt/Xilinx/Vivado/2018.3/common/technology/xilinx/zynq/zynq.gen 
Execute         source /opt/Xilinx/Vivado/2018.3/common/technology/xilinx/common/virtex.gen 
Execute           source /opt/Xilinx/Vivado/2018.3/common/technology/xilinx/common/xilinx.gen 
Execute             source /opt/Xilinx/Vivado/2018.3/common/technology/xilinx/interface/plb46.gen 
Execute             source /opt/Xilinx/Vivado/2018.3/common/technology/xilinx/interface/fsl.gen 
Execute             source /opt/Xilinx/Vivado/2018.3/common/technology/xilinx/interface/axi4.gen 
Execute             source /opt/Xilinx/Vivado/2018.3/common/technology/xilinx/interface/nativeAXI4.gen 
Execute               source /opt/Xilinx/Vivado/2018.3/common/technology/xilinx/interface/saxilite.gen 
Execute               source /opt/Xilinx/Vivado/2018.3/common/technology/xilinx/interface/maxi.gen 
Execute             source /opt/Xilinx/Vivado/2018.3/common/technology/xilinx/scripts/xilinxcoregen.gen 
Execute             source /opt/Xilinx/Vivado/2018.3/common/technology/xilinx/interface/XilEDKCoreGen.gen 
Execute             source /opt/Xilinx/Vivado/2018.3/common/technology/xilinx/ip/dds_compiler.gen 
Execute             source /opt/Xilinx/Vivado/2018.3/common/technology/xilinx/ip/util.gen 
Execute             source /opt/Xilinx/Vivado/2018.3/common/technology/xilinx/ip/xfft.gen 
Execute             source /opt/Xilinx/Vivado/2018.3/common/technology/xilinx/ip/xfir.gen 
Execute           source /opt/Xilinx/Vivado/2018.3/common/technology/xilinx/common/dsp48.gen 
Execute       source /opt/Xilinx/Vivado/2018.3/common/technology/xilinx/zynq/zynq_fpv6.gen 
Execute         source /opt/Xilinx/Vivado/2018.3/common/technology/xilinx/common/xilinx_fpv6.gen 
INFO-FLOW: DBG:CMD:   using AESL_AUTOCG::g_clock_period=10.000 (was NA)
INFO-FLOW: DBG:CMD:       generate_ip_cores sim=1 export=0 expOnly=0 dstVlogDir=syn/verilog
Execute       source /home/andreas/workdir/figkey/HLS/repo/loop_repo/hls/rgb2bayer/rgb2bayer/solution1/.autopilot/db/global.setting.tcl 
Execute       source /home/andreas/workdir/figkey/HLS/repo/loop_repo/hls/rgb2bayer/rgb2bayer/solution1/.autopilot/db/global.setting.tcl 
Execute       source /home/andreas/workdir/figkey/HLS/repo/loop_repo/hls/rgb2bayer/rgb2bayer/solution1/.autopilot/db/global.setting.tcl 
Execute       source /home/andreas/workdir/figkey/HLS/repo/loop_repo/hls/rgb2bayer/rgb2bayer/solution1/.autopilot/db/rgb2bayer.compgen.tcl 
INFO-FLOW: DBG:CMD:     auto_generate -export -impltomg_flag -rtl both -tool Vivado -pcore_version 1.00.a -phase csynth_design -d /home/andreas/workdir/figkey/HLS/repo/loop_repo/hls/rgb2bayer/rgb2bayer/solution1
Execute       source /home/andreas/workdir/figkey/HLS/repo/loop_repo/hls/rgb2bayer/rgb2bayer/solution1/.autopilot/db/global.setting.tcl 
INFO-FLOW: DBG:CMD: read_platform_lib /home/andreas/workdir/figkey/HLS/repo/loop_repo/hls/rgb2bayer/rgb2bayer/solution1/.autopilot/db/global.setting.tcl
Execute       source /opt/Xilinx/Vivado/2018.3/common/technology/generic/autopilot/common.gen 
Execute         source /opt/Xilinx/Vivado/2018.3/common/technology/generic/autopilot/APCoreGen.gen 
Execute       source /opt/Xilinx/Vivado/2018.3/common/technology/generic/autopilot/op.gen 
Execute       source /opt/Xilinx/Vivado/2018.3/common/technology/generic/autopilot/op_simcore.gen 
Execute       source /opt/Xilinx/Vivado/2018.3/common/technology/generic/autopilot/interface.gen 
Execute       source /home/andreas/workdir/figkey/HLS/repo/loop_repo/hls/rgb2bayer/rgb2bayer/solution1/.autopilot/db/global.setting.tcl 
Execute       source /opt/Xilinx/Vivado/2018.3/common/technology/xilinx/zynq/zynq.gen 
Execute         source /opt/Xilinx/Vivado/2018.3/common/technology/xilinx/common/virtex.gen 
Execute           source /opt/Xilinx/Vivado/2018.3/common/technology/xilinx/common/xilinx.gen 
Execute             source /opt/Xilinx/Vivado/2018.3/common/technology/xilinx/interface/plb46.gen 
Execute             source /opt/Xilinx/Vivado/2018.3/common/technology/xilinx/interface/fsl.gen 
Execute             source /opt/Xilinx/Vivado/2018.3/common/technology/xilinx/interface/axi4.gen 
Execute             source /opt/Xilinx/Vivado/2018.3/common/technology/xilinx/interface/nativeAXI4.gen 
Execute               source /opt/Xilinx/Vivado/2018.3/common/technology/xilinx/interface/saxilite.gen 
Execute               source /opt/Xilinx/Vivado/2018.3/common/technology/xilinx/interface/maxi.gen 
Execute             source /opt/Xilinx/Vivado/2018.3/common/technology/xilinx/scripts/xilinxcoregen.gen 
Execute             source /opt/Xilinx/Vivado/2018.3/common/technology/xilinx/interface/XilEDKCoreGen.gen 
Execute             source /opt/Xilinx/Vivado/2018.3/common/technology/xilinx/ip/dds_compiler.gen 
Execute             source /opt/Xilinx/Vivado/2018.3/common/technology/xilinx/ip/util.gen 
Execute             source /opt/Xilinx/Vivado/2018.3/common/technology/xilinx/ip/xfft.gen 
Execute             source /opt/Xilinx/Vivado/2018.3/common/technology/xilinx/ip/xfir.gen 
Execute           source /opt/Xilinx/Vivado/2018.3/common/technology/xilinx/common/dsp48.gen 
Execute       source /opt/Xilinx/Vivado/2018.3/common/technology/xilinx/zynq/zynq_fpv6.gen 
Execute         source /opt/Xilinx/Vivado/2018.3/common/technology/xilinx/common/xilinx_fpv6.gen 
INFO-FLOW: DBG:CMD:       initCTypeInfo top_module=rgb2bayer xml_exists=0
Execute       source /home/andreas/workdir/figkey/HLS/repo/loop_repo/hls/rgb2bayer/rgb2bayer/solution1/.autopilot/db/rgb2bayer.rtl_wrap.cfg.tcl 
Execute       source /home/andreas/workdir/figkey/HLS/repo/loop_repo/hls/rgb2bayer/rgb2bayer/solution1/.autopilot/db/rgb2bayer.rtl_wrap.cfg.tcl 
Execute       source /home/andreas/workdir/figkey/HLS/repo/loop_repo/hls/rgb2bayer/rgb2bayer/solution1/.autopilot/db/rgb2bayer.rtl_wrap.cfg.tcl 
Execute       source /home/andreas/workdir/figkey/HLS/repo/loop_repo/hls/rgb2bayer/rgb2bayer/solution1/.autopilot/db/rgb2bayer.tbgen.tcl 
Execute       source /home/andreas/workdir/figkey/HLS/repo/loop_repo/hls/rgb2bayer/rgb2bayer/solution1/.autopilot/db/rgb2bayer.tbgen.tcl 
INFO-FLOW: DBG:CMD:       export_impl_rtl
INFO-FLOW: DBG:CMD:       generate_ip_cores sim=0 export=0 expOnly=0 dstVlogDir=impl/.verilog
Execute       source /home/andreas/workdir/figkey/HLS/repo/loop_repo/hls/rgb2bayer/rgb2bayer/solution1/.autopilot/db/global.setting.tcl 
Execute       source /home/andreas/workdir/figkey/HLS/repo/loop_repo/hls/rgb2bayer/rgb2bayer/solution1/.autopilot/db/rgb2bayer.compgen.tcl 
INFO-FLOW: DBG:CMD:       generate_ip_cores sim=0 export=1 expOnly=1 dstVlogDir=impl/.pcores/verilog
Execute       source /home/andreas/workdir/figkey/HLS/repo/loop_repo/hls/rgb2bayer/rgb2bayer/solution1/.autopilot/db/global.setting.tcl 
Execute       source /home/andreas/workdir/figkey/HLS/repo/loop_repo/hls/rgb2bayer/rgb2bayer/solution1/.autopilot/db/rgb2bayer.compgen.tcl 
INFO-FLOW: DBG:CMD:       generate_ip_cores sim=0 export=0 expOnly=0 dstVlogDir=impl/.pcores/verilog_sim
Execute       source /home/andreas/workdir/figkey/HLS/repo/loop_repo/hls/rgb2bayer/rgb2bayer/solution1/.autopilot/db/global.setting.tcl 
Execute       source /home/andreas/workdir/figkey/HLS/repo/loop_repo/hls/rgb2bayer/rgb2bayer/solution1/.autopilot/db/rgb2bayer.compgen.tcl 
Execute       source /home/andreas/workdir/figkey/HLS/repo/loop_repo/hls/rgb2bayer/rgb2bayer/solution1/.autopilot/db/global.setting.tcl 
Execute       source /home/andreas/workdir/figkey/HLS/repo/loop_repo/hls/rgb2bayer/rgb2bayer/solution1/.autopilot/db/rgb2bayer.constraint.tcl 
Execute       source /home/andreas/workdir/figkey/HLS/repo/loop_repo/hls/rgb2bayer/rgb2bayer/solution1/.autopilot/db/rgb2bayer.tbgen.tcl 
INFO-FLOW: DBG:CMD:       hasPcoreIpAdapter=false #gSsdmPorts=34
INFO-FLOW: DBG:CMD: Skipping loadAnalyze_DB, #g_database=17
INFO-FLOW: DBG:CMD:       generate_json is_phase_csynth=1 g_has_adaptors=false generate_bd_files=1 #modelList=1 #gSsdmPorts=34
Execute       source /home/andreas/workdir/figkey/HLS/repo/loop_repo/hls/rgb2bayer/rgb2bayer/solution1/.autopilot/db/global.setting.tcl 
Execute       source /home/andreas/workdir/figkey/HLS/repo/loop_repo/hls/rgb2bayer/rgb2bayer/solution1/.autopilot/db/global.setting.tcl 
Execute       source /home/andreas/workdir/figkey/HLS/repo/loop_repo/hls/rgb2bayer/rgb2bayer/solution1/.autopilot/db/rgb2bayer.tbgen.tcl 
Execute       source /home/andreas/workdir/figkey/HLS/repo/loop_repo/hls/rgb2bayer/rgb2bayer/solution1/.autopilot/db/rgb2bayer.tbgen.tcl 
Execute       source /home/andreas/workdir/figkey/HLS/repo/loop_repo/hls/rgb2bayer/rgb2bayer/solution1/.autopilot/db/rgb2bayer.tbgen.tcl 
Execute       source /home/andreas/workdir/figkey/HLS/repo/loop_repo/hls/rgb2bayer/rgb2bayer/solution1/.autopilot/db/rgb2bayer.tbgen.tcl 
Execute       source /home/andreas/workdir/figkey/HLS/repo/loop_repo/hls/rgb2bayer/rgb2bayer/solution1/.autopilot/db/rgb2bayer.tbgen.tcl 
Execute       source /home/andreas/workdir/figkey/HLS/repo/loop_repo/hls/rgb2bayer/rgb2bayer/solution1/.autopilot/db/rgb2bayer.tbgen.tcl 
Execute       source /home/andreas/workdir/figkey/HLS/repo/loop_repo/hls/rgb2bayer/rgb2bayer/solution1/.autopilot/db/rgb2bayer.tbgen.tcl 
Execute       source /home/andreas/workdir/figkey/HLS/repo/loop_repo/hls/rgb2bayer/rgb2bayer/solution1/.autopilot/db/rgb2bayer.tbgen.tcl 
Execute       source /home/andreas/workdir/figkey/HLS/repo/loop_repo/hls/rgb2bayer/rgb2bayer/solution1/.autopilot/db/global.setting.tcl 
Execute       get_config_sdx -target 
Execute       get_config_export -xo 
Execute       source /home/andreas/workdir/figkey/HLS/repo/loop_repo/hls/rgb2bayer/rgb2bayer/solution1/.autopilot/db/global.setting.tcl 
Execute       source /home/andreas/workdir/figkey/HLS/repo/loop_repo/hls/rgb2bayer/rgb2bayer/solution1/.autopilot/db/rgb2bayer.constraint.tcl 
Execute       sc_get_clocks rgb2bayer 
Execute       source /home/andreas/workdir/figkey/HLS/repo/loop_repo/hls/rgb2bayer/rgb2bayer/solution1/.autopilot/db/global.setting.tcl 
Execute       get_config_sdx -target 
Execute       get_config_sdx -profile 
Execute       ::config_rtl 
INFO-FLOW: DBG:CMD: add_json_sdx_info kernel file does not exist: /home/andreas/workdir/figkey/HLS/repo/loop_repo/hls/rgb2bayer/rgb2bayer/solution1/.autopilot/db/kernel.internal.xml
INFO-FLOW: DBG:CMD:       delete-temp-dirs (skipped for debug)
INFO: [HLS 200-111] Finished generating all RTL models Time (s): cpu = 00:00:30 ; elapsed = 00:00:31 . Memory (MB): peak = 635.320 ; gain = 193.699 ; free physical = 3286 ; free virtual = 22446
INFO: [SYSC 207-301] Generating SystemC RTL for rgb2bayer.
INFO: [VHDL 208-304] Generating VHDL RTL for rgb2bayer.
INFO: [VLOG 209-307] Generating Verilog RTL for rgb2bayer.
Command     autosyn done; 0.57 sec.
Execute     get_part 
Execute     get_config_export -sdx_tcl 
Command   csynth_design done; 30.56 sec.
Command ap_source done; 30.72 sec.
Execute cleanup_all 
INFO-FLOW: Workspace /home/andreas/workdir/figkey/HLS/repo/loop_repo/hls/rgb2bayer/rgb2bayer/solution1 opened at Wed Aug 04 12:47:02 CST 2021
Execute     config_clock -quiet -name default -period 10 -default=false 
INFO: [SYN 201-201] Setting up clock 'default' with a period of 10ns.
Execute     open_platform DefaultPlatform 
Execute     import_lib /opt/Xilinx/Vivado/2018.3/common/technology/xilinx/zynq/zynq 
Execute       source /opt/Xilinx/Vivado/2018.3/common/technology/xilinx/common/xilinx.lib 
Execute         source /opt/Xilinx/Vivado/2018.3/common/technology/xilinx/interface/xilinx_interface.lib 
Execute           source /opt/Xilinx/Vivado/2018.3/common/technology/xilinx/interface/plb46.lib 
Execute           source /opt/Xilinx/Vivado/2018.3/common/technology/xilinx/interface/fsl.lib 
Execute           source /opt/Xilinx/Vivado/2018.3/common/technology/xilinx/interface/axi4.lib 
Execute           source /opt/Xilinx/Vivado/2018.3/common/technology/xilinx/interface/maxi.lib 
Execute           source /opt/Xilinx/Vivado/2018.3/common/technology/xilinx/interface/saxilite.lib 
Execute         source /opt/Xilinx/Vivado/2018.3/common/technology/xilinx/common/dsp48.lib 
Execute         source /opt/Xilinx/Vivado/2018.3/common/technology/xilinx/ip/dds_compiler.lib 
Execute         source /opt/Xilinx/Vivado/2018.3/common/technology/xilinx/ip/xfft.lib 
Execute         source /opt/Xilinx/Vivado/2018.3/common/technology/xilinx/ip/xfir.lib 
Execute       source /opt/Xilinx/Vivado/2018.3/common/technology/xilinx/common/xilinx_old.lib 
Execute       source /opt/Xilinx/Vivado/2018.3/common/technology/xilinx/common/xilinx_vivado.lib 
Execute       source /opt/Xilinx/Vivado/2018.3/common/technology/xilinx/common/xilinx.hlp 
Execute         source /opt/Xilinx/Vivado/2018.3/common/technology/xilinx/common/target_info.tcl 
Execute         source /opt/Xilinx/Vivado/2018.3/common/technology/xilinx/interface/xilinx_interface.hlp 
Execute           source /opt/Xilinx/Vivado/2018.3/common/technology/xilinx/interface/maxi.hlp 
Execute           source /opt/Xilinx/Vivado/2018.3/common/technology/xilinx/interface/saxilite.hlp 
Execute         source /opt/Xilinx/Vivado/2018.3/common/technology/xilinx/common/dsp48.hlp 
Execute       source /opt/Xilinx/Vivado/2018.3/common/technology/xilinx/zynq/dsp48e1.hlp 
Execute       get_default_platform 
Execute       config_chip_info -quiet -resource  {SLICE 13300}  {LUT 53200}     {FF 106400} {DSP48E 220}   {BRAM 280}  
Execute       config_chip_info -quiet -speed medium 
Execute       source /opt/Xilinx/Vivado/2018.3/common/technology/xilinx/common/xilinx.hlp 
Execute         source /opt/Xilinx/Vivado/2018.3/common/technology/xilinx/common/target_info.tcl 
Execute         source /opt/Xilinx/Vivado/2018.3/common/technology/xilinx/interface/xilinx_interface.hlp 
Execute           source /opt/Xilinx/Vivado/2018.3/common/technology/xilinx/interface/maxi.hlp 
Execute           source /opt/Xilinx/Vivado/2018.3/common/technology/xilinx/interface/saxilite.hlp 
Execute         source /opt/Xilinx/Vivado/2018.3/common/technology/xilinx/common/dsp48.hlp 
Execute     source /opt/Xilinx/Vivado/2018.3/common/technology/xilinx/zynq/zynq.gen 
Execute       source /opt/Xilinx/Vivado/2018.3/common/technology/xilinx/common/virtex.gen 
Execute         source /opt/Xilinx/Vivado/2018.3/common/technology/xilinx/common/xilinx.gen 
Execute           source /opt/Xilinx/Vivado/2018.3/common/technology/xilinx/interface/plb46.gen 
Execute           source /opt/Xilinx/Vivado/2018.3/common/technology/xilinx/interface/fsl.gen 
Execute           source /opt/Xilinx/Vivado/2018.3/common/technology/xilinx/interface/axi4.gen 
Execute           source /opt/Xilinx/Vivado/2018.3/common/technology/xilinx/interface/nativeAXI4.gen 
Execute             source /opt/Xilinx/Vivado/2018.3/common/technology/xilinx/interface/saxilite.gen 
Execute             source /opt/Xilinx/Vivado/2018.3/common/technology/xilinx/interface/maxi.gen 
Execute           source /opt/Xilinx/Vivado/2018.3/common/technology/xilinx/scripts/xilinxcoregen.gen 
Execute           source /opt/Xilinx/Vivado/2018.3/common/technology/xilinx/interface/XilEDKCoreGen.gen 
Execute           source /opt/Xilinx/Vivado/2018.3/common/technology/xilinx/ip/dds_compiler.gen 
Execute           source /opt/Xilinx/Vivado/2018.3/common/technology/xilinx/ip/util.gen 
Execute           source /opt/Xilinx/Vivado/2018.3/common/technology/xilinx/ip/xfft.gen 
Execute           source /opt/Xilinx/Vivado/2018.3/common/technology/xilinx/ip/xfir.gen 
Execute         source /opt/Xilinx/Vivado/2018.3/common/technology/xilinx/common/dsp48.gen 
Execute     open_platform DefaultPlatform 
Execute     import_lib /opt/Xilinx/Vivado/2018.3/common/technology/xilinx/zynq/zynq_fpv6 
Execute       source /opt/Xilinx/Vivado/2018.3/common/technology/xilinx/common/xilinx_fpv7.lib 
Execute         source /opt/Xilinx/Vivado/2018.3/common/technology/xilinx/common/xilinx_hp.lib 
Execute       source /opt/Xilinx/Vivado/2018.3/common/technology/xilinx/common/xilinx_fpv.hlp 
Execute         source /opt/Xilinx/Vivado/2018.3/common/technology/xilinx/common/xilinx.hlp 
Execute           source /opt/Xilinx/Vivado/2018.3/common/technology/xilinx/common/target_info.tcl 
Execute           source /opt/Xilinx/Vivado/2018.3/common/technology/xilinx/interface/xilinx_interface.hlp 
Execute             source /opt/Xilinx/Vivado/2018.3/common/technology/xilinx/interface/maxi.hlp 
Execute             source /opt/Xilinx/Vivado/2018.3/common/technology/xilinx/interface/saxilite.hlp 
Execute           source /opt/Xilinx/Vivado/2018.3/common/technology/xilinx/common/dsp48.hlp 
Execute       source /opt/Xilinx/Vivado/2018.3/common/technology/xilinx/zynq/zynq_hp.hlp 
Execute     source /opt/Xilinx/Vivado/2018.3/common/technology/xilinx/zynq/zynq_fpv6.gen 
Execute       source /opt/Xilinx/Vivado/2018.3/common/technology/xilinx/common/xilinx_fpv6.gen 
Execute     set_part xc7z020clg484-1 
Execute       add_library xilinx/zynq/zynq:xc7z020:clg484:-1 
Execute         get_default_platform 
Execute         license_isbetapart xc7z020 
Command         license_isbetapart done; error code: 1; 
Execute         get_default_platform 
Execute         config_chip_info -quiet -resource  {SLICE 13300}  {LUT 53200}     {FF 106400} {DSP48E 220}   {BRAM 280}  
Execute         config_chip_info -quiet -speed slow 
Execute       add_library xilinx/zynq/zynq_fpv6 
Execute         get_default_platform 
INFO: [HLS 200-10] Setting target device to 'xc7z020clg484-1'
Execute       get_default_platform 
Execute     get_default_platform 
Execute     config_chip_info -quiet -resource  {SLICE 13300}  {LUT 53200}     {FF 106400} {DSP48E 220}   {BRAM 280}  
Execute     config_chip_info -quiet -speed slow 
Execute     config_export -format=ip_catalog 
Execute     config_export -rtl=verilog 
Command   open_solution done; 0.12 sec.
Execute   csim_design -quiet 
Execute     source /home/andreas/workdir/figkey/HLS/repo/loop_repo/hls/rgb2bayer/rgb2bayer/solution1/.autopilot/db/global.setting.tcl 
INFO: [SIM 211-2] *************** CSIM start ***************
INFO: [SIM 211-4] CSIM will launch GCC as the compiler.
Execute     source csim/.lst_opt.tcl 
Execute     is_encrypted /home/andreas/workdir/figkey/HLS/repo/loop_repo/hls/rgb2bayer/src/img/in.png 
Execute     is_xip /home/andreas/workdir/figkey/HLS/repo/loop_repo/hls/rgb2bayer/src/img/in.png 
Execute     is_encrypted /home/andreas/workdir/figkey/HLS/repo/loop_repo/hls/rgb2bayer/src/cpp/rgb2bayer_tb.cpp 
Execute     is_xip /home/andreas/workdir/figkey/HLS/repo/loop_repo/hls/rgb2bayer/src/cpp/rgb2bayer_tb.cpp 
Execute     is_encrypted /home/andreas/workdir/figkey/HLS/repo/loop_repo/hls/rgb2bayer/src/img/test.png 
Execute     is_xip /home/andreas/workdir/figkey/HLS/repo/loop_repo/hls/rgb2bayer/src/img/test.png 
Execute     is_encrypted /home/andreas/workdir/figkey/HLS/repo/loop_repo/hls/rgb2bayer/src/cpp/rgb2bayer.cpp 
Execute     is_xip /home/andreas/workdir/figkey/HLS/repo/loop_repo/hls/rgb2bayer/src/cpp/rgb2bayer.cpp 
Execute     get_default_platform 
Execute     source run_sim.tcl 
Command     ap_source done; 1.29 sec.
INFO: [SIM 211-1] CSim done with 0 errors.
INFO: [SIM 211-3] *************** CSIM finish ***************
Command   csim_design done; 10.32 sec.
Command ap_source done; 10.44 sec.
Execute cleanup_all 
INFO-FLOW: Workspace /home/andreas/workdir/figkey/HLS/repo/loop_repo/hls/rgb2bayer/rgb2bayer/solution1 opened at Wed Aug 04 12:47:24 CST 2021
Execute     config_clock -quiet -name default -period 10 -default=false 
INFO: [SYN 201-201] Setting up clock 'default' with a period of 10ns.
Execute     open_platform DefaultPlatform 
Execute     import_lib /opt/Xilinx/Vivado/2018.3/common/technology/xilinx/zynq/zynq 
Execute       source /opt/Xilinx/Vivado/2018.3/common/technology/xilinx/common/xilinx.lib 
Execute         source /opt/Xilinx/Vivado/2018.3/common/technology/xilinx/interface/xilinx_interface.lib 
Execute           source /opt/Xilinx/Vivado/2018.3/common/technology/xilinx/interface/plb46.lib 
Execute           source /opt/Xilinx/Vivado/2018.3/common/technology/xilinx/interface/fsl.lib 
Execute           source /opt/Xilinx/Vivado/2018.3/common/technology/xilinx/interface/axi4.lib 
Execute           source /opt/Xilinx/Vivado/2018.3/common/technology/xilinx/interface/maxi.lib 
Execute           source /opt/Xilinx/Vivado/2018.3/common/technology/xilinx/interface/saxilite.lib 
Execute         source /opt/Xilinx/Vivado/2018.3/common/technology/xilinx/common/dsp48.lib 
Execute         source /opt/Xilinx/Vivado/2018.3/common/technology/xilinx/ip/dds_compiler.lib 
Execute         source /opt/Xilinx/Vivado/2018.3/common/technology/xilinx/ip/xfft.lib 
Execute         source /opt/Xilinx/Vivado/2018.3/common/technology/xilinx/ip/xfir.lib 
Execute       source /opt/Xilinx/Vivado/2018.3/common/technology/xilinx/common/xilinx_old.lib 
Execute       source /opt/Xilinx/Vivado/2018.3/common/technology/xilinx/common/xilinx_vivado.lib 
Execute       source /opt/Xilinx/Vivado/2018.3/common/technology/xilinx/common/xilinx.hlp 
Execute         source /opt/Xilinx/Vivado/2018.3/common/technology/xilinx/common/target_info.tcl 
Execute         source /opt/Xilinx/Vivado/2018.3/common/technology/xilinx/interface/xilinx_interface.hlp 
Execute           source /opt/Xilinx/Vivado/2018.3/common/technology/xilinx/interface/maxi.hlp 
Execute           source /opt/Xilinx/Vivado/2018.3/common/technology/xilinx/interface/saxilite.hlp 
Execute         source /opt/Xilinx/Vivado/2018.3/common/technology/xilinx/common/dsp48.hlp 
Execute       source /opt/Xilinx/Vivado/2018.3/common/technology/xilinx/zynq/dsp48e1.hlp 
Execute       get_default_platform 
Execute       config_chip_info -quiet -resource  {SLICE 13300}  {LUT 53200}     {FF 106400} {DSP48E 220}   {BRAM 280}  
Execute       config_chip_info -quiet -speed medium 
Execute       source /opt/Xilinx/Vivado/2018.3/common/technology/xilinx/common/xilinx.hlp 
Execute         source /opt/Xilinx/Vivado/2018.3/common/technology/xilinx/common/target_info.tcl 
Execute         source /opt/Xilinx/Vivado/2018.3/common/technology/xilinx/interface/xilinx_interface.hlp 
Execute           source /opt/Xilinx/Vivado/2018.3/common/technology/xilinx/interface/maxi.hlp 
Execute           source /opt/Xilinx/Vivado/2018.3/common/technology/xilinx/interface/saxilite.hlp 
Execute         source /opt/Xilinx/Vivado/2018.3/common/technology/xilinx/common/dsp48.hlp 
Execute     source /opt/Xilinx/Vivado/2018.3/common/technology/xilinx/zynq/zynq.gen 
Execute       source /opt/Xilinx/Vivado/2018.3/common/technology/xilinx/common/virtex.gen 
Execute         source /opt/Xilinx/Vivado/2018.3/common/technology/xilinx/common/xilinx.gen 
Execute           source /opt/Xilinx/Vivado/2018.3/common/technology/xilinx/interface/plb46.gen 
Execute           source /opt/Xilinx/Vivado/2018.3/common/technology/xilinx/interface/fsl.gen 
Execute           source /opt/Xilinx/Vivado/2018.3/common/technology/xilinx/interface/axi4.gen 
Execute           source /opt/Xilinx/Vivado/2018.3/common/technology/xilinx/interface/nativeAXI4.gen 
Execute             source /opt/Xilinx/Vivado/2018.3/common/technology/xilinx/interface/saxilite.gen 
Execute             source /opt/Xilinx/Vivado/2018.3/common/technology/xilinx/interface/maxi.gen 
Execute           source /opt/Xilinx/Vivado/2018.3/common/technology/xilinx/scripts/xilinxcoregen.gen 
Execute           source /opt/Xilinx/Vivado/2018.3/common/technology/xilinx/interface/XilEDKCoreGen.gen 
Execute           source /opt/Xilinx/Vivado/2018.3/common/technology/xilinx/ip/dds_compiler.gen 
Execute           source /opt/Xilinx/Vivado/2018.3/common/technology/xilinx/ip/util.gen 
Execute           source /opt/Xilinx/Vivado/2018.3/common/technology/xilinx/ip/xfft.gen 
Execute           source /opt/Xilinx/Vivado/2018.3/common/technology/xilinx/ip/xfir.gen 
Execute         source /opt/Xilinx/Vivado/2018.3/common/technology/xilinx/common/dsp48.gen 
Execute     open_platform DefaultPlatform 
Execute     import_lib /opt/Xilinx/Vivado/2018.3/common/technology/xilinx/zynq/zynq_fpv6 
Execute       source /opt/Xilinx/Vivado/2018.3/common/technology/xilinx/common/xilinx_fpv7.lib 
Execute         source /opt/Xilinx/Vivado/2018.3/common/technology/xilinx/common/xilinx_hp.lib 
Execute       source /opt/Xilinx/Vivado/2018.3/common/technology/xilinx/common/xilinx_fpv.hlp 
Execute         source /opt/Xilinx/Vivado/2018.3/common/technology/xilinx/common/xilinx.hlp 
Execute           source /opt/Xilinx/Vivado/2018.3/common/technology/xilinx/common/target_info.tcl 
Execute           source /opt/Xilinx/Vivado/2018.3/common/technology/xilinx/interface/xilinx_interface.hlp 
Execute             source /opt/Xilinx/Vivado/2018.3/common/technology/xilinx/interface/maxi.hlp 
Execute             source /opt/Xilinx/Vivado/2018.3/common/technology/xilinx/interface/saxilite.hlp 
Execute           source /opt/Xilinx/Vivado/2018.3/common/technology/xilinx/common/dsp48.hlp 
Execute       source /opt/Xilinx/Vivado/2018.3/common/technology/xilinx/zynq/zynq_hp.hlp 
Execute     source /opt/Xilinx/Vivado/2018.3/common/technology/xilinx/zynq/zynq_fpv6.gen 
Execute       source /opt/Xilinx/Vivado/2018.3/common/technology/xilinx/common/xilinx_fpv6.gen 
Execute     set_part xc7z020clg484-1 
Execute       add_library xilinx/zynq/zynq:xc7z020:clg484:-1 
Execute         get_default_platform 
Execute         license_isbetapart xc7z020 
Command         license_isbetapart done; error code: 1; 
Execute         get_default_platform 
Execute         config_chip_info -quiet -resource  {SLICE 13300}  {LUT 53200}     {FF 106400} {DSP48E 220}   {BRAM 280}  
Execute         config_chip_info -quiet -speed slow 
Execute       add_library xilinx/zynq/zynq_fpv6 
Execute         get_default_platform 
INFO: [HLS 200-10] Setting target device to 'xc7z020clg484-1'
Execute       get_default_platform 
Execute     get_default_platform 
Execute     config_chip_info -quiet -resource  {SLICE 13300}  {LUT 53200}     {FF 106400} {DSP48E 220}   {BRAM 280}  
Execute     config_chip_info -quiet -speed slow 
Execute     config_export -format=ip_catalog 
Execute     config_export -rtl=verilog 
Command   open_solution done; 0.12 sec.
Execute   export_design -rtl verilog -format ip_catalog 
Execute     get_config_export -acc 
Execute     get_config_export -clock_margin 
Execute     get_config_export -custom_script 
Execute     get_config_export -description 
Execute     get_config_export -display_name 
Execute     get_config_export -driver_input_dir 
Execute     get_config_export -ipname 
Execute     get_config_export -kernel_drc 
Execute     get_config_export -library 
Execute     get_config_export -qor_test 
Execute     get_config_export -sdaccel 
Execute     get_config_export -sim 
Execute     get_config_export -taxonomy 
Execute     get_config_export -use_ip 
Execute     get_config_export -use_netlist 
Execute     get_config_export -vendor 
Execute     get_config_export -version 
Execute     get_config_export -xo 
Execute     config_export -format=ip_catalog -rtl=verilog 
INFO-FLOW: DBG:CMD: export_design_wrap: -format ip_catalog -rtl verilog
Execute     source /home/andreas/workdir/figkey/HLS/repo/loop_repo/hls/rgb2bayer/rgb2bayer/solution1/.autopilot/db/global.setting.tcl 
Execute     get_config_export -vivado_clock 
Execute     get_top 
Execute     get_config_sdx -target 
Execute     get_config_rtl -auto_prefix 
Execute     get_config_sdx -target 
INFO-FLOW: DBG:CMD:   auto_impl: pack: -export -tool vivado -rtl verilog -sdx-target none
Execute     source /home/andreas/workdir/figkey/HLS/repo/loop_repo/hls/rgb2bayer/rgb2bayer/solution1/.autopilot/db/global.setting.tcl 
INFO-FLOW: DBG:CMD: read_platform_lib /home/andreas/workdir/figkey/HLS/repo/loop_repo/hls/rgb2bayer/rgb2bayer/solution1/.autopilot/db/global.setting.tcl
Execute     source /opt/Xilinx/Vivado/2018.3/common/technology/generic/autopilot/common.gen 
Execute       source /opt/Xilinx/Vivado/2018.3/common/technology/generic/autopilot/APCoreGen.gen 
Execute     source /opt/Xilinx/Vivado/2018.3/common/technology/generic/autopilot/op.gen 
Execute     source /opt/Xilinx/Vivado/2018.3/common/technology/generic/autopilot/op_simcore.gen 
Execute     source /opt/Xilinx/Vivado/2018.3/common/technology/generic/autopilot/interface.gen 
Execute     source /home/andreas/workdir/figkey/HLS/repo/loop_repo/hls/rgb2bayer/rgb2bayer/solution1/.autopilot/db/global.setting.tcl 
Execute     source /opt/Xilinx/Vivado/2018.3/common/technology/xilinx/zynq/zynq.gen 
Execute       source /opt/Xilinx/Vivado/2018.3/common/technology/xilinx/common/virtex.gen 
Execute         source /opt/Xilinx/Vivado/2018.3/common/technology/xilinx/common/xilinx.gen 
Execute           source /opt/Xilinx/Vivado/2018.3/common/technology/xilinx/interface/plb46.gen 
Execute           source /opt/Xilinx/Vivado/2018.3/common/technology/xilinx/interface/fsl.gen 
Execute           source /opt/Xilinx/Vivado/2018.3/common/technology/xilinx/interface/axi4.gen 
Execute           source /opt/Xilinx/Vivado/2018.3/common/technology/xilinx/interface/nativeAXI4.gen 
Execute             source /opt/Xilinx/Vivado/2018.3/common/technology/xilinx/interface/saxilite.gen 
Execute             source /opt/Xilinx/Vivado/2018.3/common/technology/xilinx/interface/maxi.gen 
Execute           source /opt/Xilinx/Vivado/2018.3/common/technology/xilinx/scripts/xilinxcoregen.gen 
Execute           source /opt/Xilinx/Vivado/2018.3/common/technology/xilinx/interface/XilEDKCoreGen.gen 
Execute           source /opt/Xilinx/Vivado/2018.3/common/technology/xilinx/ip/dds_compiler.gen 
Execute           source /opt/Xilinx/Vivado/2018.3/common/technology/xilinx/ip/util.gen 
Execute           source /opt/Xilinx/Vivado/2018.3/common/technology/xilinx/ip/xfft.gen 
Execute           source /opt/Xilinx/Vivado/2018.3/common/technology/xilinx/ip/xfir.gen 
Execute         source /opt/Xilinx/Vivado/2018.3/common/technology/xilinx/common/dsp48.gen 
Execute     source /opt/Xilinx/Vivado/2018.3/common/technology/xilinx/zynq/zynq_fpv6.gen 
Execute       source /opt/Xilinx/Vivado/2018.3/common/technology/xilinx/common/xilinx_fpv6.gen 
INFO-FLOW: DBG:CMD:   using AESL_AUTOCG::g_clock_period=10.000 (was NA)
Execute     source /home/andreas/workdir/figkey/HLS/repo/loop_repo/hls/rgb2bayer/rgb2bayer/solution1/.autopilot/db/global.setting.tcl 
INFO: [IMPL 213-8] Exporting RTL as a Vivado IP.
Execute     source /home/andreas/workdir/figkey/HLS/repo/loop_repo/hls/rgb2bayer/rgb2bayer/solution1/.autopilot/db/global.setting.tcl 
INFO-FLOW: DBG:CMD: automg_wrap -export -pcore_version 1.00.a -rtl vlog -sdx-target none -tool Vivado -impltomg_flag
INFO-FLOW: DBG:CMD:     auto_generate -export -pcore_version 1.00.a -rtl vlog -sdx-target none -tool Vivado -impltomg_flag
Execute     source /home/andreas/workdir/figkey/HLS/repo/loop_repo/hls/rgb2bayer/rgb2bayer/solution1/.autopilot/db/global.setting.tcl 
INFO-FLOW: DBG:CMD: read_platform_lib /home/andreas/workdir/figkey/HLS/repo/loop_repo/hls/rgb2bayer/rgb2bayer/solution1/.autopilot/db/global.setting.tcl
Execute     source /opt/Xilinx/Vivado/2018.3/common/technology/generic/autopilot/common.gen 
Execute       source /opt/Xilinx/Vivado/2018.3/common/technology/generic/autopilot/APCoreGen.gen 
Execute     source /opt/Xilinx/Vivado/2018.3/common/technology/generic/autopilot/op.gen 
Execute     source /opt/Xilinx/Vivado/2018.3/common/technology/generic/autopilot/op_simcore.gen 
Execute     source /opt/Xilinx/Vivado/2018.3/common/technology/generic/autopilot/interface.gen 
Execute     source /home/andreas/workdir/figkey/HLS/repo/loop_repo/hls/rgb2bayer/rgb2bayer/solution1/.autopilot/db/global.setting.tcl 
Execute     source /opt/Xilinx/Vivado/2018.3/common/technology/xilinx/zynq/zynq.gen 
Execute       source /opt/Xilinx/Vivado/2018.3/common/technology/xilinx/common/virtex.gen 
Execute         source /opt/Xilinx/Vivado/2018.3/common/technology/xilinx/common/xilinx.gen 
Execute           source /opt/Xilinx/Vivado/2018.3/common/technology/xilinx/interface/plb46.gen 
Execute           source /opt/Xilinx/Vivado/2018.3/common/technology/xilinx/interface/fsl.gen 
Execute           source /opt/Xilinx/Vivado/2018.3/common/technology/xilinx/interface/axi4.gen 
Execute           source /opt/Xilinx/Vivado/2018.3/common/technology/xilinx/interface/nativeAXI4.gen 
Execute             source /opt/Xilinx/Vivado/2018.3/common/technology/xilinx/interface/saxilite.gen 
Execute             source /opt/Xilinx/Vivado/2018.3/common/technology/xilinx/interface/maxi.gen 
Execute           source /opt/Xilinx/Vivado/2018.3/common/technology/xilinx/scripts/xilinxcoregen.gen 
Execute           source /opt/Xilinx/Vivado/2018.3/common/technology/xilinx/interface/XilEDKCoreGen.gen 
Execute           source /opt/Xilinx/Vivado/2018.3/common/technology/xilinx/ip/dds_compiler.gen 
Execute           source /opt/Xilinx/Vivado/2018.3/common/technology/xilinx/ip/util.gen 
Execute           source /opt/Xilinx/Vivado/2018.3/common/technology/xilinx/ip/xfft.gen 
Execute           source /opt/Xilinx/Vivado/2018.3/common/technology/xilinx/ip/xfir.gen 
Execute         source /opt/Xilinx/Vivado/2018.3/common/technology/xilinx/common/dsp48.gen 
Execute     source /opt/Xilinx/Vivado/2018.3/common/technology/xilinx/zynq/zynq_fpv6.gen 
Execute       source /opt/Xilinx/Vivado/2018.3/common/technology/xilinx/common/xilinx_fpv6.gen 
INFO-FLOW: DBG:CMD:       initCTypeInfo top_module=rgb2bayer xml_exists=1
Execute     source /home/andreas/workdir/figkey/HLS/repo/loop_repo/hls/rgb2bayer/rgb2bayer/solution1/.autopilot/db/rgb2bayer.rtl_wrap.cfg.tcl 
Execute     source /home/andreas/workdir/figkey/HLS/repo/loop_repo/hls/rgb2bayer/rgb2bayer/solution1/.autopilot/db/rgb2bayer.rtl_wrap.cfg.tcl 
Execute     source /home/andreas/workdir/figkey/HLS/repo/loop_repo/hls/rgb2bayer/rgb2bayer/solution1/.autopilot/db/rgb2bayer.rtl_wrap.cfg.tcl 
Execute     source /home/andreas/workdir/figkey/HLS/repo/loop_repo/hls/rgb2bayer/rgb2bayer/solution1/.autopilot/db/rgb2bayer.tbgen.tcl 
Execute     source /home/andreas/workdir/figkey/HLS/repo/loop_repo/hls/rgb2bayer/rgb2bayer/solution1/.autopilot/db/rgb2bayer.tbgen.tcl 
INFO-FLOW: DBG:CMD:       export_impl_rtl
INFO-FLOW: DBG:CMD:       generate_ip_cores sim=0 export=0 expOnly=0 dstVlogDir=impl/.verilog
Execute     source /home/andreas/workdir/figkey/HLS/repo/loop_repo/hls/rgb2bayer/rgb2bayer/solution1/.autopilot/db/global.setting.tcl 
Execute     source /home/andreas/workdir/figkey/HLS/repo/loop_repo/hls/rgb2bayer/rgb2bayer/solution1/.autopilot/db/rgb2bayer.compgen.tcl 
INFO-FLOW: DBG:CMD:       generate_ip_cores sim=0 export=1 expOnly=1 dstVlogDir=impl/.pcores/verilog
Execute     source /home/andreas/workdir/figkey/HLS/repo/loop_repo/hls/rgb2bayer/rgb2bayer/solution1/.autopilot/db/global.setting.tcl 
Execute     source /home/andreas/workdir/figkey/HLS/repo/loop_repo/hls/rgb2bayer/rgb2bayer/solution1/.autopilot/db/rgb2bayer.compgen.tcl 
INFO-FLOW: DBG:CMD:       generate_ip_cores sim=0 export=0 expOnly=0 dstVlogDir=impl/.pcores/verilog_sim
Execute     source /home/andreas/workdir/figkey/HLS/repo/loop_repo/hls/rgb2bayer/rgb2bayer/solution1/.autopilot/db/global.setting.tcl 
Execute     source /home/andreas/workdir/figkey/HLS/repo/loop_repo/hls/rgb2bayer/rgb2bayer/solution1/.autopilot/db/rgb2bayer.compgen.tcl 
Execute     source /home/andreas/workdir/figkey/HLS/repo/loop_repo/hls/rgb2bayer/rgb2bayer/solution1/.autopilot/db/global.setting.tcl 
Execute     source /home/andreas/workdir/figkey/HLS/repo/loop_repo/hls/rgb2bayer/rgb2bayer/solution1/.autopilot/db/rgb2bayer.constraint.tcl 
Execute     source /home/andreas/workdir/figkey/HLS/repo/loop_repo/hls/rgb2bayer/rgb2bayer/solution1/.autopilot/db/rgb2bayer.tbgen.tcl 
INFO-FLOW: DBG:CMD:       hasPcoreIpAdapter=false #gSsdmPorts=34
INFO-FLOW: DBG:CMD:       generate_ip_script #gSsdmPorts=34
Execute     source /home/andreas/workdir/figkey/HLS/repo/loop_repo/hls/rgb2bayer/rgb2bayer/solution1/.autopilot/db/rgb2bayer.tbgen.tcl 
Execute     source /home/andreas/workdir/figkey/HLS/repo/loop_repo/hls/rgb2bayer/rgb2bayer/solution1/.autopilot/db/rgb2bayer.tbgen.tcl 
Execute     source /home/andreas/workdir/figkey/HLS/repo/loop_repo/hls/rgb2bayer/rgb2bayer/solution1/.autopilot/db/rgb2bayer.tbgen.tcl 
Execute     source /home/andreas/workdir/figkey/HLS/repo/loop_repo/hls/rgb2bayer/rgb2bayer/solution1/.autopilot/db/rgb2bayer.tbgen.tcl 
Execute     source /home/andreas/workdir/figkey/HLS/repo/loop_repo/hls/rgb2bayer/rgb2bayer/solution1/.autopilot/db/rgb2bayer.tbgen.tcl 
Execute     source /home/andreas/workdir/figkey/HLS/repo/loop_repo/hls/rgb2bayer/rgb2bayer/solution1/.autopilot/db/rgb2bayer.tbgen.tcl 
Execute     source /home/andreas/workdir/figkey/HLS/repo/loop_repo/hls/rgb2bayer/rgb2bayer/solution1/.autopilot/db/rgb2bayer.tbgen.tcl 
Execute     source /home/andreas/workdir/figkey/HLS/repo/loop_repo/hls/rgb2bayer/rgb2bayer/solution1/.autopilot/db/rgb2bayer.tbgen.tcl 
Execute     source /home/andreas/workdir/figkey/HLS/repo/loop_repo/hls/rgb2bayer/rgb2bayer/solution1/.autopilot/db/global.setting.tcl 
Execute     get_config_sdx -target 
INFO-FLOW: DBG:CMD:       generate_ip_auxiliary
Execute     source /home/andreas/workdir/figkey/HLS/repo/loop_repo/hls/rgb2bayer/rgb2bayer/solution1/.autopilot/db/global.setting.tcl 
INFO-FLOW: DBG:CMD:       prepArgInfo -> loadAnalyze_DB top_module=rgb2bayer
Execute     source /home/andreas/workdir/figkey/HLS/repo/loop_repo/hls/rgb2bayer/rgb2bayer/solution1/.autopilot/db/rgb2bayer.rtl_wrap.cfg.tcl 
Execute     source /home/andreas/workdir/figkey/HLS/repo/loop_repo/hls/rgb2bayer/rgb2bayer/solution1/.autopilot/db/rgb2bayer.rtl_wrap.cfg.tcl 
Execute     source /home/andreas/workdir/figkey/HLS/repo/loop_repo/hls/rgb2bayer/rgb2bayer/solution1/.autopilot/db/rgb2bayer.rtl_wrap.cfg.tcl 
Execute     source /home/andreas/workdir/figkey/HLS/repo/loop_repo/hls/rgb2bayer/rgb2bayer/solution1/.autopilot/db/rgb2bayer.tbgen.tcl 
Execute     source /home/andreas/workdir/figkey/HLS/repo/loop_repo/hls/rgb2bayer/rgb2bayer/solution1/.autopilot/db/rgb2bayer.tbgen.tcl 
Execute     source /home/andreas/workdir/figkey/HLS/repo/loop_repo/hls/rgb2bayer/rgb2bayer/solution1/.autopilot/db/rgb2bayer.tbgen.tcl 
INFO-FLOW: DBG:CMD:       generate_top_info
INFO-FLOW: DBG:CMD:       prepArgInfo -> loadAnalyze_DB top_module=rgb2bayer
Execute     source /home/andreas/workdir/figkey/HLS/repo/loop_repo/hls/rgb2bayer/rgb2bayer/solution1/.autopilot/db/rgb2bayer.rtl_wrap.cfg.tcl 
Execute     source /home/andreas/workdir/figkey/HLS/repo/loop_repo/hls/rgb2bayer/rgb2bayer/solution1/.autopilot/db/rgb2bayer.rtl_wrap.cfg.tcl 
Execute     source /home/andreas/workdir/figkey/HLS/repo/loop_repo/hls/rgb2bayer/rgb2bayer/solution1/.autopilot/db/rgb2bayer.rtl_wrap.cfg.tcl 
Execute     source /home/andreas/workdir/figkey/HLS/repo/loop_repo/hls/rgb2bayer/rgb2bayer/solution1/.autopilot/db/rgb2bayer.tbgen.tcl 
Execute     source /home/andreas/workdir/figkey/HLS/repo/loop_repo/hls/rgb2bayer/rgb2bayer/solution1/.autopilot/db/rgb2bayer.tbgen.tcl 
INFO-FLOW: DBG:CMD:       generate_ip_bd_script
Execute     source /home/andreas/workdir/figkey/HLS/repo/loop_repo/hls/rgb2bayer/rgb2bayer/solution1/.autopilot/db/rgb2bayer.tbgen.tcl 
Execute     source /home/andreas/workdir/figkey/HLS/repo/loop_repo/hls/rgb2bayer/rgb2bayer/solution1/.autopilot/db/global.setting.tcl 
Execute     source /home/andreas/workdir/figkey/HLS/repo/loop_repo/hls/rgb2bayer/rgb2bayer/solution1/.autopilot/db/rgb2bayer.constraint.tcl 
INFO-FLOW: DBG:CMD:       generate_ipi_example_script
INFO-FLOW: DBG:CMD:       generate_syn_sh
Execute     source /home/andreas/workdir/figkey/HLS/repo/loop_repo/hls/rgb2bayer/rgb2bayer/solution1/.autopilot/db/global.setting.tcl 
Execute     source /home/andreas/workdir/figkey/HLS/repo/loop_repo/hls/rgb2bayer/rgb2bayer/solution1/.autopilot/db/global.setting.tcl 
INFO-FLOW: DBG:CMD:       generate_imp_constraints
Execute     source /home/andreas/workdir/figkey/HLS/repo/loop_repo/hls/rgb2bayer/rgb2bayer/solution1/.autopilot/db/rgb2bayer.constraint.tcl 
Execute     source /home/andreas/workdir/figkey/HLS/repo/loop_repo/hls/rgb2bayer/rgb2bayer/solution1/.autopilot/db/rgb2bayer.tbgen.tcl 
Execute     source /home/andreas/workdir/figkey/HLS/repo/loop_repo/hls/rgb2bayer/rgb2bayer/solution1/.autopilot/db/rgb2bayer.constraint.tcl 
Execute     source /home/andreas/workdir/figkey/HLS/repo/loop_repo/hls/rgb2bayer/rgb2bayer/solution1/.autopilot/db/rgb2bayer.tbgen.tcl 
INFO-FLOW: DBG:CMD:       copy-tb-rtl-files
INFO-FLOW: DBG:CMD:       copy-tb-data-files
INFO-FLOW: DBG:CMD:       delete-temp-dirs (skipped for debug)
INFO-FLOW: DBG:CMD: read_platform_lib /home/andreas/workdir/figkey/HLS/repo/loop_repo/hls/rgb2bayer/rgb2bayer/solution1/.autopilot/db/global.setting.tcl
Execute     source /opt/Xilinx/Vivado/2018.3/common/technology/generic/autopilot/common.gen 
Execute       source /opt/Xilinx/Vivado/2018.3/common/technology/generic/autopilot/APCoreGen.gen 
Execute     source /opt/Xilinx/Vivado/2018.3/common/technology/generic/autopilot/op.gen 
Execute     source /opt/Xilinx/Vivado/2018.3/common/technology/generic/autopilot/op_simcore.gen 
Execute     source /opt/Xilinx/Vivado/2018.3/common/technology/generic/autopilot/interface.gen 
Execute     source /home/andreas/workdir/figkey/HLS/repo/loop_repo/hls/rgb2bayer/rgb2bayer/solution1/.autopilot/db/global.setting.tcl 
Execute     source /opt/Xilinx/Vivado/2018.3/common/technology/xilinx/zynq/zynq.gen 
Execute       source /opt/Xilinx/Vivado/2018.3/common/technology/xilinx/common/virtex.gen 
Execute         source /opt/Xilinx/Vivado/2018.3/common/technology/xilinx/common/xilinx.gen 
Execute           source /opt/Xilinx/Vivado/2018.3/common/technology/xilinx/interface/plb46.gen 
Execute           source /opt/Xilinx/Vivado/2018.3/common/technology/xilinx/interface/fsl.gen 
Execute           source /opt/Xilinx/Vivado/2018.3/common/technology/xilinx/interface/axi4.gen 
Execute           source /opt/Xilinx/Vivado/2018.3/common/technology/xilinx/interface/nativeAXI4.gen 
Execute             source /opt/Xilinx/Vivado/2018.3/common/technology/xilinx/interface/saxilite.gen 
Execute             source /opt/Xilinx/Vivado/2018.3/common/technology/xilinx/interface/maxi.gen 
Execute           source /opt/Xilinx/Vivado/2018.3/common/technology/xilinx/scripts/xilinxcoregen.gen 
Execute           source /opt/Xilinx/Vivado/2018.3/common/technology/xilinx/interface/XilEDKCoreGen.gen 
Execute           source /opt/Xilinx/Vivado/2018.3/common/technology/xilinx/ip/dds_compiler.gen 
Execute           source /opt/Xilinx/Vivado/2018.3/common/technology/xilinx/ip/util.gen 
Execute           source /opt/Xilinx/Vivado/2018.3/common/technology/xilinx/ip/xfft.gen 
Execute           source /opt/Xilinx/Vivado/2018.3/common/technology/xilinx/ip/xfir.gen 
Execute         source /opt/Xilinx/Vivado/2018.3/common/technology/xilinx/common/dsp48.gen 
Execute     source /opt/Xilinx/Vivado/2018.3/common/technology/xilinx/zynq/zynq_fpv6.gen 
Execute       source /opt/Xilinx/Vivado/2018.3/common/technology/xilinx/common/xilinx_fpv6.gen 
INFO-FLOW: DBG:CMD:     exec /home/andreas/workdir/figkey/HLS/repo/loop_repo/hls/rgb2bayer/rgb2bayer/solution1/impl/ip/pack.sh
Command   export_design done; 6.52 sec.
Command ap_source done; 6.64 sec.
Execute cleanup_all 
